Watching for file changes with StatReloader
Not Found: /admin
[24/Jan/2025 04:12:18] "GET /admin HTTP/1.1" 404 4439
[24/Jan/2025 04:12:23] "GET /admin/ HTTP/1.1" 302 0
[24/Jan/2025 04:12:24] "GET /admin/login/?next=/admin/ HTTP/1.1" 200 4160
[24/Jan/2025 04:12:24] "GET /static/admin/css/dark_mode.css HTTP/1.1" 200 2804
[24/Jan/2025 04:12:24] "GET /static/admin/css/base.css HTTP/1.1" 200 22092
[24/Jan/2025 04:12:24] "GET /static/admin/css/nav_sidebar.css HTTP/1.1" 200 2810
[24/Jan/2025 04:12:24] "GET /static/admin/css/login.css HTTP/1.1" 200 951
[24/Jan/2025 04:12:24] "GET /static/admin/css/responsive.css HTTP/1.1" 200 17972
[24/Jan/2025 04:12:24] "GET /static/admin/js/theme.js HTTP/1.1" 200 1653
[24/Jan/2025 04:12:25] "GET /static/admin/js/nav_sidebar.js HTTP/1.1" 200 3063
[24/Jan/2025 04:12:29] "POST /admin/login/?next=/admin/ HTTP/1.1" 302 0
[24/Jan/2025 04:12:30] "GET /admin/ HTTP/1.1" 200 9477
[24/Jan/2025 04:12:30] "GET /static/admin/css/dashboard.css HTTP/1.1" 200 441
[24/Jan/2025 04:12:30] "GET /static/admin/img/icon-deletelink.svg HTTP/1.1" 200 392
[24/Jan/2025 04:12:30] "GET /static/admin/img/icon-addlink.svg HTTP/1.1" 200 331
[24/Jan/2025 04:12:30] "GET /static/admin/img/icon-changelink.svg HTTP/1.1" 200 380
[24/Jan/2025 04:12:32] "GET /admin/auth/user/ HTTP/1.1" 200 13664
[24/Jan/2025 04:12:33] "GET /static/admin/css/changelists.css HTTP/1.1" 200 6878
[24/Jan/2025 04:12:33] "GET /static/admin/js/jquery.init.js HTTP/1.1" 200 347
[24/Jan/2025 04:12:33] "GET /static/admin/js/core.js HTTP/1.1" 200 6208
[24/Jan/2025 04:12:33] "GET /admin/jsi18n/ HTTP/1.1" 200 3342
[24/Jan/2025 04:12:33] "GET /static/admin/js/admin/RelatedObjectLookups.js HTTP/1.1" 200 9097
[24/Jan/2025 04:12:33] "GET /static/admin/js/vendor/jquery/jquery.js HTTP/1.1" 200 285314
[24/Jan/2025 04:12:33] "GET /static/admin/js/actions.js HTTP/1.1" 200 8076
[24/Jan/2025 04:12:33] "GET /static/admin/js/urlify.js HTTP/1.1" 200 7887
[24/Jan/2025 04:12:33] "GET /static/admin/js/prepopulate.js HTTP/1.1" 200 1531
[24/Jan/2025 04:12:33] "GET /static/admin/img/search.svg HTTP/1.1" 200 458
[24/Jan/2025 04:12:34] "GET /static/admin/img/icon-no.svg HTTP/1.1" 200 560
[24/Jan/2025 04:12:34] "GET /static/admin/js/vendor/xregexp/xregexp.js HTTP/1.1" 200 325171
[24/Jan/2025 04:12:34] "GET /static/admin/img/icon-yes.svg HTTP/1.1" 200 436
[24/Jan/2025 04:12:35] "GET /static/admin/js/filters.js HTTP/1.1" 200 978
[24/Jan/2025 04:12:35] "GET /static/admin/img/tooltag-add.svg HTTP/1.1" 200 331
[24/Jan/2025 04:12:35] "GET /static/admin/img/sorting-icons.svg HTTP/1.1" 200 1097
[24/Jan/2025 04:12:35] "GET /static/admin/img/icon-viewlink.svg HTTP/1.1" 200 581
[24/Jan/2025 04:32:06] "GET /admin/ HTTP/1.1" 200 9477
[24/Jan/2025 04:32:09] "GET /admin/inspectionApp/inspection/ HTTP/1.1" 200 14026
[24/Jan/2025 04:32:10] "GET /admin/jsi18n/ HTTP/1.1" 200 3342
[24/Jan/2025 04:32:16] "GET /admin/inspectionApp/userprofile/ HTTP/1.1" 200 11391
[24/Jan/2025 04:32:17] "GET /admin/jsi18n/ HTTP/1.1" 200 3342
[24/Jan/2025 04:32:23] "GET /admin/auth/user/ HTTP/1.1" 200 13664
[24/Jan/2025 04:32:24] "GET /admin/jsi18n/ HTTP/1.1" 200 3342
[24/Jan/2025 04:32:29] "GET /admin/auth/group/ HTTP/1.1" 200 8690
[24/Jan/2025 04:32:29] "GET /admin/jsi18n/ HTTP/1.1" 200 3342
[24/Jan/2025 05:09:38] "GET / HTTP/1.1" 200 7571
[24/Jan/2025 05:09:39] "GET /static/assests/Team.jpg HTTP/1.1" 200 114742
[24/Jan/2025 05:09:39] "GET /static/favicon.ico HTTP/1.1" 200 15406
[24/Jan/2025 05:10:04] "POST / HTTP/1.1" 200 7571
[24/Jan/2025 05:10:27] "POST / HTTP/1.1" 302 0
[24/Jan/2025 05:10:27] "GET /inspection_form/ HTTP/1.1" 302 0
[24/Jan/2025 05:10:27] "GET / HTTP/1.1" 200 7571
[24/Jan/2025 05:10:49] "POST / HTTP/1.1" 302 0
[24/Jan/2025 05:10:49] "GET /inspection_form/ HTTP/1.1" 302 0
[24/Jan/2025 05:10:49] "GET / HTTP/1.1" 200 7571
[24/Jan/2025 05:11:14] "GET / HTTP/1.1" 200 7571
[24/Jan/2025 05:12:20] "POST / HTTP/1.1" 302 0
[24/Jan/2025 05:12:20] "GET /inspection_form/ HTTP/1.1" 200 14262
[24/Jan/2025 05:12:51] "GET /inspection/1/ HTTP/1.1" 200 9427
[24/Jan/2025 05:12:56] "POST /inspection/1/ HTTP/1.1" 200 9927
[24/Jan/2025 05:13:15] "POST /inspection/1/ HTTP/1.1" 200 9830
[24/Jan/2025 05:13:33] "POST /inspection/1/ HTTP/1.1" 302 0
[24/Jan/2025 05:13:33] "GET /inspection/2/ HTTP/1.1" 200 9446
[24/Jan/2025 05:13:39] "POST /inspection/2/ HTTP/1.1" 302 0
[24/Jan/2025 05:13:39] "GET /inspection_complete/ HTTP/1.1" 302 0
[24/Jan/2025 05:13:40] "GET /inspection_form/ HTTP/1.1" 200 14262
[24/Jan/2025 05:13:44] "GET /inspection_form/?sf_code=None HTTP/1.1" 200 14275
[24/Jan/2025 05:14:03] "GET /inspection_form/?sf_code=None HTTP/1.1" 200 14275
[24/Jan/2025 05:14:09] "GET /inspection_form/?sf_code=None HTTP/1.1" 200 14275
[24/Jan/2025 05:14:33] "GET / HTTP/1.1" 200 7571
[24/Jan/2025 05:14:39] "POST / HTTP/1.1" 302 0
[24/Jan/2025 05:14:40] "GET /inspection_form/ HTTP/1.1" 302 0
[24/Jan/2025 05:14:40] "GET / HTTP/1.1" 200 7571
[24/Jan/2025 05:14:46] "POST / HTTP/1.1" 302 0
[24/Jan/2025 05:14:46] "GET /inspection_form/ HTTP/1.1" 200 14262
[24/Jan/2025 05:15:47] "POST /autosave_inspection/ HTTP/1.1" 200 248
[24/Jan/2025 05:16:16] "GET / HTTP/1.1" 200 7571
[24/Jan/2025 05:16:16] "GET /inspection_form/?sf_code=None HTTP/1.1" 200 14275
[24/Jan/2025 05:16:19] "GET /inspection_form/?sf_code=None HTTP/1.1" 200 14275
[24/Jan/2025 05:16:47] "POST /autosave_inspection/ HTTP/1.1" 200 248
Not Found: /admin
[24/Jan/2025 05:16:49] "GET /admin HTTP/1.1" 404 4439
Not Found: /favicon.ico
[24/Jan/2025 05:16:49] "GET /favicon.ico HTTP/1.1" 404 4463
[24/Jan/2025 05:17:47] "POST /autosave_inspection/ HTTP/1.1" 200 248
[24/Jan/2025 05:18:47] "POST /autosave_inspection/ HTTP/1.1" 200 248
[24/Jan/2025 05:19:08] "GET /admin/ HTTP/1.1" 302 0
[24/Jan/2025 05:19:08] "GET /admin/login/?next=/admin/ HTTP/1.1" 200 3674
[24/Jan/2025 05:19:08] "GET /static/admin/css/base.css HTTP/1.1" 200 22092
[24/Jan/2025 05:19:08] "GET /static/admin/js/theme.js HTTP/1.1" 200 1653
[24/Jan/2025 05:19:08] "GET /static/admin/css/dark_mode.css HTTP/1.1" 200 2804
[24/Jan/2025 05:19:08] "GET /static/admin/css/login.css HTTP/1.1" 200 951
[24/Jan/2025 05:19:08] "GET /static/admin/css/nav_sidebar.css HTTP/1.1" 200 2810
[24/Jan/2025 05:19:08] "GET /static/admin/css/responsive.css HTTP/1.1" 200 17972
[24/Jan/2025 05:19:08] "GET /static/admin/js/nav_sidebar.js HTTP/1.1" 200 3063
[24/Jan/2025 05:19:17] "POST /admin/login/?next=/admin/ HTTP/1.1" 302 0
[24/Jan/2025 05:19:17] "GET /admin/ HTTP/1.1" 200 9477
[24/Jan/2025 05:19:17] "GET /static/admin/css/dashboard.css HTTP/1.1" 200 441
[24/Jan/2025 05:19:17] "GET /static/admin/img/icon-addlink.svg HTTP/1.1" 200 331
[24/Jan/2025 05:19:17] "GET /static/admin/img/icon-changelink.svg HTTP/1.1" 200 380
[24/Jan/2025 05:19:17] "GET /static/admin/img/icon-deletelink.svg HTTP/1.1" 200 392
[24/Jan/2025 05:19:27] "GET /admin/inspectionApp/userprofile/ HTTP/1.1" 200 11391
[24/Jan/2025 05:19:27] "GET /static/admin/css/changelists.css HTTP/1.1" 200 6878
[24/Jan/2025 05:19:27] "GET /admin/jsi18n/ HTTP/1.1" 200 3342
[24/Jan/2025 05:19:27] "GET /static/admin/js/core.js HTTP/1.1" 200 6208
[24/Jan/2025 05:19:27] "GET /static/admin/js/jquery.init.js HTTP/1.1" 200 347
[24/Jan/2025 05:19:27] "GET /static/admin/js/admin/RelatedObjectLookups.js HTTP/1.1" 200 9097
[24/Jan/2025 05:19:28] "GET /static/admin/js/actions.js HTTP/1.1" 200 8076
[24/Jan/2025 05:19:28] "GET /static/admin/js/prepopulate.js HTTP/1.1" 200 1531
[24/Jan/2025 05:19:28] "GET /static/admin/js/urlify.js HTTP/1.1" 200 7887
[24/Jan/2025 05:19:28] "GET /static/admin/js/vendor/jquery/jquery.js HTTP/1.1" 200 285314
[24/Jan/2025 05:19:28] "GET /static/admin/img/icon-yes.svg HTTP/1.1" 200 436
[24/Jan/2025 05:19:28] "GET /static/admin/img/icon-no.svg HTTP/1.1" 200 560
[24/Jan/2025 05:19:28] "GET /static/admin/js/vendor/xregexp/xregexp.js HTTP/1.1" 200 325171
[24/Jan/2025 05:19:28] "GET /static/admin/js/filters.js HTTP/1.1" 200 978
[24/Jan/2025 05:19:28] "GET /static/admin/img/tooltag-add.svg HTTP/1.1" 200 331
[24/Jan/2025 05:19:39] "GET /admin/ HTTP/1.1" 200 9477
[24/Jan/2025 05:19:41] "GET /admin/auth/group/ HTTP/1.1" 200 8690
[24/Jan/2025 05:19:41] "GET /static/admin/img/search.svg HTTP/1.1" 200 458
[24/Jan/2025 05:19:41] "GET /admin/jsi18n/ HTTP/1.1" 200 3342
[24/Jan/2025 05:19:43] "GET /admin/ HTTP/1.1" 200 9477
[24/Jan/2025 05:19:45] "GET /admin/inspectionApp/userprofile/ HTTP/1.1" 200 11391
[24/Jan/2025 05:19:45] "GET /admin/jsi18n/ HTTP/1.1" 200 3342
[24/Jan/2025 05:19:46] "GET /admin/ HTTP/1.1" 200 9477
[24/Jan/2025 05:19:47] "POST /autosave_inspection/ HTTP/1.1" 200 248
[24/Jan/2025 05:19:48] "GET /admin/inspectionApp/inspection/ HTTP/1.1" 200 14554
[24/Jan/2025 05:19:48] "GET /admin/jsi18n/ HTTP/1.1" 200 3342
[24/Jan/2025 05:19:48] "GET /static/admin/img/icon-viewlink.svg HTTP/1.1" 200 581
[24/Jan/2025 05:20:04] "GET /admin/ HTTP/1.1" 200 9477
[24/Jan/2025 05:20:36] "GET /admin/ HTTP/1.1" 200 9477
[24/Jan/2025 05:20:36] "GET /admin/auth/group/ HTTP/1.1" 200 8690
[24/Jan/2025 05:20:36] "GET /admin/jsi18n/ HTTP/1.1" 200 3342
[24/Jan/2025 05:20:38] "POST /admin/logout/ HTTP/1.1" 200 3555
[24/Jan/2025 05:20:48] "POST /autosave_inspection/ HTTP/1.1" 200 248
[24/Jan/2025 05:21:49] "POST /autosave_inspection/ HTTP/1.1" 200 248
[24/Jan/2025 06:04:07] "GET / HTTP/1.1" 200 7571
Not Found: /signup/
[24/Jan/2025 09:31:49] "GET /signup/ HTTP/1.1" 404 4441
[24/Jan/2025 12:32:12] "GET / HTTP/1.1" 200 7571
[24/Jan/2025 14:25:28] "GET / HTTP/1.1" 200 7571
[24/Jan/2025 14:25:29] "GET /static/assests/Team.jpg HTTP/1.1" 200 114742
[24/Jan/2025 14:25:30] "GET /static/favicon.ico HTTP/1.1" 200 15406
[24/Jan/2025 14:25:33] "GET / HTTP/1.1" 200 7571
[24/Jan/2025 14:25:56] "GET / HTTP/1.1" 200 7571
[24/Jan/2025 14:26:04] "GET / HTTP/1.1" 200 7571
[24/Jan/2025 16:22:05] "GET / HTTP/1.1" 200 7571
[24/Jan/2025 16:22:05] "GET /static/assests/Team.jpg HTTP/1.1" 200 114742
[24/Jan/2025 16:22:06] "GET /static/favicon.ico HTTP/1.1" 200 15406
[24/Jan/2025 16:24:22] "POST / HTTP/1.1" 302 0
[24/Jan/2025 16:24:23] "GET /inspection_form/ HTTP/1.1" 200 14262
[24/Jan/2025 16:24:36] "GET /inspection/1/ HTTP/1.1" 200 9427
[24/Jan/2025 16:25:03] "POST /inspection/1/ HTTP/1.1" 302 0
[24/Jan/2025 16:25:03] "GET /inspection/2/ HTTP/1.1" 200 9459
[24/Jan/2025 16:25:10] "POST /inspection/2/ HTTP/1.1" 302 0
[24/Jan/2025 16:25:10] "GET /inspection_complete/ HTTP/1.1" 302 0
[24/Jan/2025 16:25:11] "GET /inspection_form/ HTTP/1.1" 200 14262
[24/Jan/2025 16:26:11] "POST /autosave_inspection/ HTTP/1.1" 200 248
[24/Jan/2025 16:27:11] "POST /autosave_inspection/ HTTP/1.1" 200 248
[24/Jan/2025 16:28:11] "POST /autosave_inspection/ HTTP/1.1" 200 248
[24/Jan/2025 16:29:11] "POST /autosave_inspection/ HTTP/1.1" 200 248
[24/Jan/2025 16:30:11] "POST /autosave_inspection/ HTTP/1.1" 200 248
[24/Jan/2025 16:31:11] "POST /autosave_inspection/ HTTP/1.1" 200 248
[24/Jan/2025 16:32:12] "POST /autosave_inspection/ HTTP/1.1" 200 248
[24/Jan/2025 16:33:13] "POST /autosave_inspection/ HTTP/1.1" 200 248
[24/Jan/2025 16:34:14] "POST /autosave_inspection/ HTTP/1.1" 200 248
[24/Jan/2025 16:35:15] "POST /autosave_inspection/ HTTP/1.1" 200 248
[24/Jan/2025 16:36:16] "POST /autosave_inspection/ HTTP/1.1" 200 248
[24/Jan/2025 16:37:17] "POST /autosave_inspection/ HTTP/1.1" 200 248
[24/Jan/2025 16:38:11] "POST /autosave_inspection/ HTTP/1.1" 200 248
[24/Jan/2025 16:39:12] "POST /autosave_inspection/ HTTP/1.1" 200 248
[24/Jan/2025 16:40:11] "POST /autosave_inspection/ HTTP/1.1" 200 248
[24/Jan/2025 16:41:12] "POST /autosave_inspection/ HTTP/1.1" 200 248
[24/Jan/2025 16:42:13] "POST /autosave_inspection/ HTTP/1.1" 200 248
[24/Jan/2025 16:43:11] "POST /autosave_inspection/ HTTP/1.1" 200 248
[24/Jan/2025 16:44:12] "POST /autosave_inspection/ HTTP/1.1" 200 248
[24/Jan/2025 16:45:13] "POST /autosave_inspection/ HTTP/1.1" 200 248
[24/Jan/2025 16:46:14] "POST /autosave_inspection/ HTTP/1.1" 200 248
[24/Jan/2025 16:47:15] "POST /autosave_inspection/ HTTP/1.1" 200 248
[24/Jan/2025 16:48:11] "POST /autosave_inspection/ HTTP/1.1" 200 248
[24/Jan/2025 16:49:11] "POST /autosave_inspection/ HTTP/1.1" 200 248
[24/Jan/2025 16:50:11] "POST /autosave_inspection/ HTTP/1.1" 200 248
[24/Jan/2025 16:51:12] "POST /autosave_inspection/ HTTP/1.1" 200 248
[24/Jan/2025 16:52:11] "POST /autosave_inspection/ HTTP/1.1" 200 248
[24/Jan/2025 16:53:11] "POST /autosave_inspection/ HTTP/1.1" 200 248
[24/Jan/2025 16:54:12] "POST /autosave_inspection/ HTTP/1.1" 200 248
[24/Jan/2025 16:55:13] "POST /autosave_inspection/ HTTP/1.1" 200 248
[24/Jan/2025 16:56:14] "POST /autosave_inspection/ HTTP/1.1" 200 248
[24/Jan/2025 16:59:02] "POST /autosave_inspection/ HTTP/1.1" 200 248
[24/Jan/2025 16:59:11] "POST /autosave_inspection/ HTTP/1.1" 200 248
[24/Jan/2025 17:00:12] "POST /autosave_inspection/ HTTP/1.1" 200 248
[24/Jan/2025 17:01:13] "POST /autosave_inspection/ HTTP/1.1" 200 248
Not Found: /robots.txt
[25/Jan/2025 01:18:55] "GET /robots.txt HTTP/1.1" 404 4454
Not Found: /signup/
[25/Jan/2025 01:19:04] "GET /signup/ HTTP/1.1" 404 4441
[25/Jan/2025 01:59:41] code 400, message Bad request version ('E')
[25/Jan/2025 01:59:41] You're accessing the development server over HTTPS, but it only supports HTTP.
[25/Jan/2025 01:59:41] code 400, message Bad request version ('ÔÍ½uòÔ^\x00')
[25/Jan/2025 01:59:41] You're accessing the development server over HTTPS, but it only supports HTTP.
[25/Jan/2025 01:59:41] "GET / HTTP/1.1" 200 7571
[25/Jan/2025 01:59:41] "GET /static/assests/Team.jpg HTTP/1.1" 200 114742
[25/Jan/2025 01:59:43] "GET /static/favicon.ico HTTP/1.1" 200 15406
[25/Jan/2025 01:59:43] "GET / HTTP/1.1" 200 7571
[25/Jan/2025 02:00:18] code 400, message Bad request version ('x8Þa3|')
[25/Jan/2025 02:00:18] You're accessing the development server over HTTPS, but it only supports HTTP.
[25/Jan/2025 02:00:19] code 400, message Bad request version ('A\x8a§ñ\x05\x96\x04\x03þ0îGºV(\x08ÜÍ+¥p°ý,\x1bÙÍy\x80\x18;\x8cýÉÑ¢½d¾ð\x87\x82M]È\x88\x8f\x94\x04W=\x04#õÀ@&ìè\x0e\x02ÚÁp\x9añ*2RbW\x17ëH.\x7f\x02Ûýg2ãüÈ¢m\x9dÀ\x93hµ\x90ÛP\x97\x94\x9c\x04çØÓýM\xadMàBØ\x96\x8cÙ\x87kÕ\x93Å\x9e®R]cë×@\x8c\xad*¬q\x19\x9bH\x80É»ôp\x19§úí\x9a')
[25/Jan/2025 02:00:19] You're accessing the development server over HTTPS, but it only supports HTTP.
[25/Jan/2025 02:00:20] "POST / HTTP/1.1" 302 0
[25/Jan/2025 02:00:20] "GET /inspection_form/ HTTP/1.1" 200 14262
[25/Jan/2025 02:00:22] "GET /inspection_form/ HTTP/1.1" 200 14262
[25/Jan/2025 02:01:21] "POST /autosave_inspection/ HTTP/1.1" 200 248
[25/Jan/2025 02:02:21] "POST /autosave_inspection/ HTTP/1.1" 200 248
[25/Jan/2025 02:03:21] "POST /autosave_inspection/ HTTP/1.1" 200 248
[25/Jan/2025 02:04:21] "POST /autosave_inspection/ HTTP/1.1" 200 248
[25/Jan/2025 02:05:21] "POST /autosave_inspection/ HTTP/1.1" 200 117
[25/Jan/2025 02:06:21] "GET /inspection_form/ HTTP/1.1" 302 0
[25/Jan/2025 02:06:21] "POST /autosave_inspection/ HTTP/1.1" 200 117
Not Found: /accounts/login/
[25/Jan/2025 02:06:21] "GET /accounts/login/?next=/inspection_form/ HTTP/1.1" 404 4501
Not Found: /favicon.ico
[25/Jan/2025 02:06:22] "GET /favicon.ico HTTP/1.1" 404 4463
[25/Jan/2025 02:06:37] "GET /inspection_form/ HTTP/1.1" 302 0
Not Found: /accounts/login/
[25/Jan/2025 02:06:37] "GET /accounts/login/?next=/inspection_form/ HTTP/1.1" 404 4501
Not Found: /accounts/
[25/Jan/2025 02:06:49] "GET /accounts/ HTTP/1.1" 404 4454
[25/Jan/2025 02:06:56] "GET / HTTP/1.1" 200 7571
[25/Jan/2025 02:06:58] "GET /static/favicon.ico HTTP/1.1" 200 15406
[25/Jan/2025 02:06:58] "GET /static/assests/Team.jpg HTTP/1.1" 200 114742
[25/Jan/2025 02:07:21] "POST /autosave_inspection/ HTTP/1.1" 200 117
[25/Jan/2025 02:07:21] "POST / HTTP/1.1" 302 0
[25/Jan/2025 02:07:22] "GET /inspection_form/ HTTP/1.1" 200 14262
[25/Jan/2025 02:07:35] "GET /admin/ HTTP/1.1" 302 0
[25/Jan/2025 02:07:36] "GET /admin/login/?next=/admin/ HTTP/1.1" 200 3674
[25/Jan/2025 02:07:36] "GET /static/admin/css/base.css HTTP/1.1" 200 22092
[25/Jan/2025 02:07:36] "GET /static/admin/css/dark_mode.css HTTP/1.1" 200 2804
[25/Jan/2025 02:07:36] "GET /static/admin/css/login.css HTTP/1.1" 200 951
[25/Jan/2025 02:07:36] "GET /static/admin/css/nav_sidebar.css HTTP/1.1" 200 2810
[25/Jan/2025 02:07:36] "GET /static/admin/js/theme.js HTTP/1.1" 200 1653
[25/Jan/2025 02:07:36] "GET /static/admin/css/responsive.css HTTP/1.1" 200 17972
[25/Jan/2025 02:07:36] "GET /static/admin/js/nav_sidebar.js HTTP/1.1" 200 3063
Not Found: /favicon.ico
[25/Jan/2025 02:07:38] "GET /favicon.ico HTTP/1.1" 404 4463
[25/Jan/2025 02:07:38] "GET /admin/login/?next=/admin/ HTTP/1.1" 200 3674
[25/Jan/2025 02:07:53] "POST /admin/login/?next=/admin/ HTTP/1.1" 302 0
[25/Jan/2025 02:07:53] "GET /admin/ HTTP/1.1" 200 9477
[25/Jan/2025 02:07:53] "GET /static/admin/css/dashboard.css HTTP/1.1" 200 441
[25/Jan/2025 02:07:53] "GET /static/admin/img/icon-addlink.svg HTTP/1.1" 200 331
[25/Jan/2025 02:07:53] "GET /static/admin/img/icon-changelink.svg HTTP/1.1" 200 380
[25/Jan/2025 02:07:53] "GET /static/admin/img/icon-deletelink.svg HTTP/1.1" 200 392
[25/Jan/2025 02:07:54] "GET /admin/ HTTP/1.1" 200 9477
[25/Jan/2025 02:07:56] "GET /admin/inspectionApp/inspection/ HTTP/1.1" 200 15103
[25/Jan/2025 02:07:56] "GET /static/admin/css/changelists.css HTTP/1.1" 200 6878
[25/Jan/2025 02:07:56] "GET /admin/jsi18n/ HTTP/1.1" 200 3342
[25/Jan/2025 02:07:56] "GET /static/admin/js/jquery.init.js HTTP/1.1" 200 347
[25/Jan/2025 02:07:56] "GET /static/admin/js/admin/RelatedObjectLookups.js HTTP/1.1" 200 9097
[25/Jan/2025 02:07:56] "GET /static/admin/js/core.js HTTP/1.1" 200 6208
[25/Jan/2025 02:07:56] "GET /static/admin/js/actions.js HTTP/1.1" 200 8076
[25/Jan/2025 02:07:56] "GET /static/admin/js/urlify.js HTTP/1.1" 200 7887
[25/Jan/2025 02:07:56] "GET /static/admin/js/prepopulate.js HTTP/1.1" 200 1531
[25/Jan/2025 02:07:56] "GET /static/admin/js/vendor/jquery/jquery.js HTTP/1.1" 200 285314
[25/Jan/2025 02:07:56] "GET /static/admin/img/search.svg HTTP/1.1" 200 458
[25/Jan/2025 02:07:56] "GET /static/admin/js/vendor/xregexp/xregexp.js HTTP/1.1" 200 325171
[25/Jan/2025 02:07:56] "GET /static/admin/img/icon-yes.svg HTTP/1.1" 200 436
[25/Jan/2025 02:07:57] "GET /static/admin/img/icon-no.svg HTTP/1.1" 200 560
[25/Jan/2025 02:07:57] "GET /static/admin/js/filters.js HTTP/1.1" 200 978
[25/Jan/2025 02:07:57] "GET /static/admin/img/tooltag-add.svg HTTP/1.1" 200 331
[25/Jan/2025 02:07:57] "GET /static/admin/img/icon-viewlink.svg HTTP/1.1" 200 581
[25/Jan/2025 02:07:57] "GET /admin/inspectionApp/inspection/ HTTP/1.1" 200 15103
[25/Jan/2025 02:08:21] "POST /autosave_inspection/ HTTP/1.1" 200 117
[25/Jan/2025 02:08:38] "GET /admin/inspectionApp/userprofile/ HTTP/1.1" 200 11391
[25/Jan/2025 02:08:38] "GET /admin/jsi18n/ HTTP/1.1" 200 3342
[25/Jan/2025 02:08:39] "GET /admin/inspectionApp/userprofile/ HTTP/1.1" 200 11391
[25/Jan/2025 02:09:21] "POST /autosave_inspection/ HTTP/1.1" 200 117
[25/Jan/2025 02:09:54] "GET /inspection_form/?sf_code=2358 HTTP/1.1" 302 0
[25/Jan/2025 02:09:55] "GET / HTTP/1.1" 200 7571
[25/Jan/2025 02:09:56] "GET / HTTP/1.1" 200 7571
[25/Jan/2025 02:10:02] "GET /admin/auth/group/ HTTP/1.1" 200 8690
[25/Jan/2025 02:10:02] "GET /admin/jsi18n/ HTTP/1.1" 200 3342
[25/Jan/2025 02:10:03] "GET /admin/auth/group/ HTTP/1.1" 200 8690
[25/Jan/2025 02:10:04] "GET /admin/auth/user/ HTTP/1.1" 200 13664
[25/Jan/2025 02:10:04] "GET /admin/jsi18n/ HTTP/1.1" 200 3342
[25/Jan/2025 02:10:04] "GET /static/admin/img/sorting-icons.svg HTTP/1.1" 200 1097
[25/Jan/2025 02:10:05] "GET /admin/auth/user/ HTTP/1.1" 200 13664
[25/Jan/2025 02:10:25] "GET /admin/inspectionApp/inspection/ HTTP/1.1" 200 15103
[25/Jan/2025 02:10:25] "GET /admin/jsi18n/ HTTP/1.1" 200 3342
[25/Jan/2025 02:10:25] "GET /admin/inspectionApp/inspection/ HTTP/1.1" 200 15103
[25/Jan/2025 02:10:27] "GET /admin/inspectionApp/inspection/?inspection_date__gte=2025-01-25+00%3A00%3A00%2B00%3A00&inspection_date__lt=2025-01-26+00%3A00%3A00%2B00%3A00 HTTP/1.1" 200 11735
[25/Jan/2025 02:10:27] "GET /admin/jsi18n/ HTTP/1.1" 200 3342
[25/Jan/2025 02:10:28] "GET /admin/inspectionApp/inspection/?inspection_date__gte=2025-01-25+00%3A00%3A00%2B00%3A00&inspection_date__lt=2025-01-26+00%3A00%3A00%2B00%3A00 HTTP/1.1" 200 11735
[25/Jan/2025 02:10:29] "GET /admin/inspectionApp/inspection/?inspection_date__gte=2025-01-18+00%3A00%3A00%2B00%3A00&inspection_date__lt=2025-01-26+00%3A00%3A00%2B00%3A00 HTTP/1.1" 200 14799
[25/Jan/2025 02:10:29] "GET /admin/jsi18n/ HTTP/1.1" 200 3342
[25/Jan/2025 02:10:29] "GET /admin/inspectionApp/inspection/?inspection_date__gte=2025-01-18+00%3A00%3A00%2B00%3A00&inspection_date__lt=2025-01-26+00%3A00%3A00%2B00%3A00 HTTP/1.1" 200 14799
[25/Jan/2025 02:10:35] "GET /admin/inspectionApp/inspection/? HTTP/1.1" 200 15103
[25/Jan/2025 02:10:35] "GET /admin/jsi18n/ HTTP/1.1" 200 3342
[25/Jan/2025 02:10:35] "GET /admin/inspectionApp/inspection/? HTTP/1.1" 200 15103
[25/Jan/2025 04:51:30] "GET / HTTP/1.1" 200 7571
[25/Jan/2025 07:00:04] code 400, message Bad HTTP/0.9 request type ('\x16\x03\x01\x02\x00\x01\x00\x01ü\x03\x03.éý\x8b\x01BÆ|ýâ»B\x9cY;$x?Îqöædñ\x9e:Âl"?t³')
[25/Jan/2025 07:00:04] You're accessing the development server over HTTPS, but it only supports HTTP.
Not Found: /libs/js/iframe.js
[25/Jan/2025 07:05:34] "GET //libs/js/iframe.js HTTP/1.1" 404 4487
[25/Jan/2025 07:10:08] code 400, message Bad request syntax ('\x16\x03\x01\x02\x00\x01\x00\x01ü\x03\x03\x8b´6O0h\x89\x92:\x10ËOàOÙÖ*H\x96\x89¶ÊÛ.µ')
[25/Jan/2025 07:10:08] You're accessing the development server over HTTPS, but it only supports HTTP.
[25/Jan/2025 07:15:34] "GET //admin/config.php HTTP/1.1" 302 0
[25/Jan/2025 07:15:34] "GET /admin/login/?next=/admin/config.php HTTP/1.1" 200 4180
[25/Jan/2025 07:25:35] code 400, message Bad HTTP/0.9 request type ('\x16\x03\x01\x02\x00\x01\x00\x01ü\x03\x03r®ð')
[25/Jan/2025 07:25:35] You're accessing the development server over HTTPS, but it only supports HTTP.
[25/Jan/2025 07:30:02] code 400, message Bad request syntax ('\x16\x03\x01\x02\x00\x01\x00\x01ü\x03\x03')
[25/Jan/2025 07:30:02] You're accessing the development server over HTTPS, but it only supports HTTP.
[25/Jan/2025 10:07:59] "GET / HTTP/1.1" 200 7571
[25/Jan/2025 10:07:59] "GET /static/favicon.ico HTTP/1.1" 200 15406
[25/Jan/2025 10:07:59] "GET /static/assests/Team.jpg HTTP/1.1" 200 114742
[25/Jan/2025 10:08:27] "POST / HTTP/1.1" 302 0
[25/Jan/2025 10:08:28] "GET /inspection_form/ HTTP/1.1" 200 14262
[25/Jan/2025 10:09:29] "POST /autosave_inspection/ HTTP/1.1" 200 248
[25/Jan/2025 10:10:29] "POST /autosave_inspection/ HTTP/1.1" 200 248
[25/Jan/2025 10:11:29] "POST /autosave_inspection/ HTTP/1.1" 200 248
[25/Jan/2025 10:12:29] "POST /autosave_inspection/ HTTP/1.1" 200 248
/home/webapp/SchoolInspect/inspectionApp/models.py changed, reloading.
Performing system checks...

System check identified no issues (0 silenced).
January 24, 2025 - 04:06:25
Django version 5.1.1, using settings 'SchoolInspect.settings'
Starting development server at http://70.36.107.109:9009/
Quit the server with CONTROL-C.

User sushil logged in successfully.
User is not an inspector.
User sushil logged in successfully.
User is not an inspector.
User Kelly logged in successfully.
User sushil logged in successfully.
User is not an inspector.
User Kelly logged in successfully.
User Kelly logged in successfully.
User Kelly logged in successfully.
User Kelly logged in successfully.
User Kelly logged in successfully.
Watching for file changes with StatReloader
Exception in thread django-main-thread:
Traceback (most recent call last):
  File "/usr/lib/python3.11/threading.py", line 1045, in _bootstrap_inner
    self.run()
  File "/usr/lib/python3.11/threading.py", line 982, in run
    self._target(*self._args, **self._kwargs)
  File "/home/webapp/myenv/lib/python3.11/site-packages/django/utils/autoreload.py", line 64, in wrapper
    fn(*args, **kwargs)
  File "/home/webapp/myenv/lib/python3.11/site-packages/django/core/management/commands/runserver.py", line 126, in inner_run
    autoreload.raise_last_exception()
  File "/home/webapp/myenv/lib/python3.11/site-packages/django/utils/autoreload.py", line 87, in raise_last_exception
    raise _exception[1]
  File "/home/webapp/myenv/lib/python3.11/site-packages/django/core/management/__init__.py", line 394, in execute
    autoreload.check_errors(django.setup)()
  File "/home/webapp/myenv/lib/python3.11/site-packages/django/utils/autoreload.py", line 64, in wrapper
    fn(*args, **kwargs)
  File "/home/webapp/myenv/lib/python3.11/site-packages/django/__init__.py", line 24, in setup
    apps.populate(settings.INSTALLED_APPS)
  File "/home/webapp/myenv/lib/python3.11/site-packages/django/apps/registry.py", line 116, in populate
    app_config.import_models()
  File "/home/webapp/myenv/lib/python3.11/site-packages/django/apps/config.py", line 269, in import_models
    self.models_module = import_module(models_module_name)
                         ^^^^^^^^^^^^^^^^^^^^^^^^^^^^^^^^^
  File "/usr/lib/python3.11/importlib/__init__.py", line 126, in import_module
    return _bootstrap._gcd_import(name[level:], package, level)
           ^^^^^^^^^^^^^^^^^^^^^^^^^^^^^^^^^^^^^^^^^^^^^^^^^^^^
  File "<frozen importlib._bootstrap>", line 1204, in _gcd_import
  File "<frozen importlib._bootstrap>", line 1176, in _find_and_load
  File "<frozen importlib._bootstrap>", line 1147, in _find_and_load_unlocked
  File "<frozen importlib._bootstrap>", line 690, in _load_unlocked
  File "<frozen importlib._bootstrap_external>", line 936, in exec_module
  File "<frozen importlib._bootstrap_external>", line 1074, in get_code
  File "<frozen importlib._bootstrap_external>", line 1004, in source_to_code
  File "<frozen importlib._bootstrap>", line 241, in _call_with_frames_removed
  File "/home/webapp/SchoolInspect/inspectionApp/models.py", line 34
    verbose_name="
                 ^
SyntaxError: unterminated string literal (detected at line 34)
/home/webapp/SchoolInspect/inspectionApp/models.py changed, reloading.
Watching for file changes with StatReloader
[25/Jan/2025 10:13:07] "GET /inspection_form/ HTTP/1.1" 200 14262
[25/Jan/2025 10:13:12] "GET /inspection_form/ HTTP/1.1" 200 14262
[25/Jan/2025 10:13:32] code 400, message Bad request version ('Í¨b×\x14yãÜ')
[25/Jan/2025 10:13:32] You're accessing the development server over HTTPS, but it only supports HTTP.
[25/Jan/2025 10:13:32] code 400, message Bad request version ('µãúgù')
[25/Jan/2025 10:13:32] You're accessing the development server over HTTPS, but it only supports HTTP.
[25/Jan/2025 10:13:33] code 400, message Bad request version ('JJ\x13\x01\x13\x02\x13\x03À+À/À,À0Ì©Ì¨À\x13À\x14\x00\x9c\x00\x9d\x00/\x005\x01\x00\x06Sêê\x00\x00\x00\x1b\x00\x03\x02\x00\x02Di\x00\x05\x00\x03\x02h2\x00#\x00\x00\x00')
[25/Jan/2025 10:13:33] You're accessing the development server over HTTPS, but it only supports HTTP.
[25/Jan/2025 10:13:33] code 400, message Bad request version ('L')
[25/Jan/2025 10:13:33] You're accessing the development server over HTTPS, but it only supports HTTP.
[25/Jan/2025 10:13:37] code 400, message Bad request version ('\x00\x02\x01\x00\x00')
[25/Jan/2025 10:13:37] You're accessing the development server over HTTPS, but it only supports HTTP.
[25/Jan/2025 10:13:38] code 400, message Bad request version ('ù\x82^Áòd*i\x11áÐ¢Wâ*Q`80*3>\x08V÷\x16')
[25/Jan/2025 10:13:38] You're accessing the development server over HTTPS, but it only supports HTTP.
[25/Jan/2025 10:13:38] code 400, message Bad request version ('\x02h2\x08http/1.1\x00+\x00\x07\x06')
[25/Jan/2025 10:13:38] You're accessing the development server over HTTPS, but it only supports HTTP.
[25/Jan/2025 10:13:38] code 400, message Bad request version ('\x02h2\x08http/1.1\x00\x1b\x00\x03\x02\x00\x02ÿ\x01\x00\x01\x00\x00')
[25/Jan/2025 10:13:38] You're accessing the development server over HTTPS, but it only supports HTTP.
[25/Jan/2025 10:13:40] "GET /admin/auth/user/ HTTP/1.1" 302 0
[25/Jan/2025 10:13:41] "GET /admin/login/?next=/admin/auth/user/ HTTP/1.1" 200 4180
[25/Jan/2025 10:13:41] "GET /static/admin/css/base.css HTTP/1.1" 200 22092
[25/Jan/2025 10:13:41] "GET /static/admin/css/dark_mode.css HTTP/1.1" 200 2804
[25/Jan/2025 10:13:41] "GET /static/admin/css/nav_sidebar.css HTTP/1.1" 200 2810
[25/Jan/2025 10:13:41] "GET /static/admin/css/login.css HTTP/1.1" 200 951
[25/Jan/2025 10:13:41] "GET /static/admin/css/responsive.css HTTP/1.1" 200 17972
[25/Jan/2025 10:13:42] "GET /static/admin/js/theme.js HTTP/1.1" 200 1653
[25/Jan/2025 10:13:42] "GET /static/admin/js/nav_sidebar.js HTTP/1.1" 200 3063
Not Found: /favicon.ico
[25/Jan/2025 10:13:43] "GET /favicon.ico HTTP/1.1" 404 4463
[25/Jan/2025 10:13:47] "POST /admin/login/?next=/admin/auth/user/ HTTP/1.1" 302 0
[25/Jan/2025 10:13:48] "GET /admin/auth/user/ HTTP/1.1" 200 13664
[25/Jan/2025 10:13:48] "GET /static/admin/css/changelists.css HTTP/1.1" 200 6878
[25/Jan/2025 10:13:48] "GET /static/admin/js/core.js HTTP/1.1" 200 6208
[25/Jan/2025 10:13:48] "GET /static/admin/js/jquery.init.js HTTP/1.1" 200 347
[25/Jan/2025 10:13:48] "GET /admin/jsi18n/ HTTP/1.1" 200 3342
[25/Jan/2025 10:13:48] "GET /static/admin/js/admin/RelatedObjectLookups.js HTTP/1.1" 200 9097
[25/Jan/2025 10:13:48] "GET /static/admin/js/vendor/jquery/jquery.js HTTP/1.1" 200 285314
[25/Jan/2025 10:13:48] "GET /static/admin/js/actions.js HTTP/1.1" 200 8076
[25/Jan/2025 10:13:49] "GET /static/admin/js/urlify.js HTTP/1.1" 200 7887
[25/Jan/2025 10:13:49] "GET /static/admin/js/prepopulate.js HTTP/1.1" 200 1531
[25/Jan/2025 10:13:49] "GET /static/admin/img/search.svg HTTP/1.1" 200 458
[25/Jan/2025 10:13:49] "GET /static/admin/img/icon-no.svg HTTP/1.1" 200 560
[25/Jan/2025 10:13:50] "GET /static/admin/js/vendor/xregexp/xregexp.js HTTP/1.1" 200 325171
[25/Jan/2025 10:13:50] "GET /static/admin/img/icon-yes.svg HTTP/1.1" 200 436
[25/Jan/2025 10:13:50] "GET /static/admin/js/filters.js HTTP/1.1" 200 978
[25/Jan/2025 10:13:50] "GET /static/admin/img/tooltag-add.svg HTTP/1.1" 200 331
[25/Jan/2025 10:13:50] "GET /static/admin/img/icon-viewlink.svg HTTP/1.1" 200 581
[25/Jan/2025 10:13:50] "GET /static/admin/img/sorting-icons.svg HTTP/1.1" 200 1097
[25/Jan/2025 10:13:50] "GET /static/admin/img/icon-addlink.svg HTTP/1.1" 200 331
[25/Jan/2025 10:13:53] "GET /admin/inspectionApp/inspection/ HTTP/1.1" 200 15103
[25/Jan/2025 10:13:54] "GET /admin/jsi18n/ HTTP/1.1" 200 3342
[25/Jan/2025 10:13:57] "GET /admin/inspectionApp/inspection/27/change/ HTTP/1.1" 200 13429
[25/Jan/2025 10:13:57] "GET /static/admin/css/forms.css HTTP/1.1" 200 8710
[25/Jan/2025 10:13:57] "GET /static/admin/js/prepopulate_init.js HTTP/1.1" 200 586
[25/Jan/2025 10:13:57] "GET /admin/jsi18n/ HTTP/1.1" 200 3342
[25/Jan/2025 10:13:58] "GET /static/admin/css/widgets.css HTTP/1.1" 200 11564
[25/Jan/2025 10:13:58] "GET /static/admin/js/change_form.js HTTP/1.1" 200 606
[25/Jan/2025 10:14:02] "GET /admin/inspectionApp/inspection/ HTTP/1.1" 200 15103
[25/Jan/2025 10:14:13] "POST /autosave_inspection/ HTTP/1.1" 200 248
[25/Jan/2025 10:15:13] "POST /autosave_inspection/ HTTP/1.1" 200 248
[25/Jan/2025 10:15:32] "GET /inspection_form/ HTTP/1.1" 200 14409
[25/Jan/2025 10:16:15] "GET /inspection_form/ HTTP/1.1" 200 14409
[25/Jan/2025 10:17:16] "POST /autosave_inspection/ HTTP/1.1" 200 248
[25/Jan/2025 10:17:20] code 400, message Bad request syntax ('\x16\x03\x01\x06à\x01\x00\x06Ü\x03\x03)ñ\x82')
[25/Jan/2025 10:17:20] You're accessing the development server over HTTPS, but it only supports HTTP.
[25/Jan/2025 10:17:21] code 400, message Bad request version ('ûóÓ\\^ê~`sXR\x17üðx\x9bÔêÿÊod·àºg+\x99½)\x99ZNxLÒV!ÊjâÝ\x96¡ÂÔEÛâ.U_³BÖJBHy]*ë\x00+\x00\x07\x06ªª\x03\x04\x03\x03\x00\x1b\x00\x03\x02\x00\x02\x00#\x00\x00\x00\x12\x00\x00\x00-\x00\x02\x01\x01Di\x00\x05\x00\x03\x02h2\x003\x04ï\x04íZZ\x00\x01\x00\x11ì\x04À\x90jÄ\x12\x86Ì')
[25/Jan/2025 10:17:21] You're accessing the development server over HTTPS, but it only supports HTTP.
[25/Jan/2025 10:17:21] code 400, message Bad HTTP/0.9 request type ('\x16\x03\x01\x06à\x01\x00\x06Ü\x03\x03M\x87ia@º+')
[25/Jan/2025 10:17:21] You're accessing the development server over HTTPS, but it only supports HTTP.
[25/Jan/2025 10:17:21] code 400, message Bad request version ('ÏüzZ8\x82/ä&\x0e¥eâ9¸\x01øÉ¥À\x8d\x1b\x1a8Z')
[25/Jan/2025 10:17:21] You're accessing the development server over HTTPS, but it only supports HTTP.
[25/Jan/2025 10:17:23] "GET /admin/auth/user/ HTTP/1.1" 302 0
[25/Jan/2025 10:17:24] "GET /admin/login/?next=/admin/auth/user/ HTTP/1.1" 200 4180
[25/Jan/2025 10:17:24] "GET /static/admin/css/base.css HTTP/1.1" 200 22092
[25/Jan/2025 10:17:24] "GET /static/admin/css/dark_mode.css HTTP/1.1" 200 2804
[25/Jan/2025 10:17:24] "GET /static/admin/css/login.css HTTP/1.1" 200 951
[25/Jan/2025 10:17:24] "GET /static/admin/css/nav_sidebar.css HTTP/1.1" 200 2810
[25/Jan/2025 10:17:24] "GET /static/admin/css/responsive.css HTTP/1.1" 200 17972
[25/Jan/2025 10:17:25] "GET /static/admin/js/theme.js HTTP/1.1" 200 1653
[25/Jan/2025 10:17:25] "GET /static/admin/js/nav_sidebar.js HTTP/1.1" 200 3063
[25/Jan/2025 10:17:30] "POST /admin/login/?next=/admin/auth/user/ HTTP/1.1" 302 0
[25/Jan/2025 10:17:30] "GET /admin/auth/user/ HTTP/1.1" 200 13664
[25/Jan/2025 10:17:31] "GET /static/admin/css/changelists.css HTTP/1.1" 200 6878
[25/Jan/2025 10:17:31] "GET /static/admin/js/core.js HTTP/1.1" 200 6208
[25/Jan/2025 10:17:31] "GET /static/admin/js/jquery.init.js HTTP/1.1" 200 347
[25/Jan/2025 10:17:31] "GET /admin/jsi18n/ HTTP/1.1" 200 3342
[25/Jan/2025 10:17:31] "GET /static/admin/js/admin/RelatedObjectLookups.js HTTP/1.1" 200 9097
[25/Jan/2025 10:17:31] "GET /static/admin/js/actions.js HTTP/1.1" 200 8076
[25/Jan/2025 10:17:31] "GET /static/admin/js/prepopulate.js HTTP/1.1" 200 1531
[25/Jan/2025 10:17:31] "GET /static/admin/js/urlify.js HTTP/1.1" 200 7887
[25/Jan/2025 10:17:32] "GET /static/admin/img/search.svg HTTP/1.1" 200 458
[25/Jan/2025 10:17:32] "GET /static/admin/img/icon-no.svg HTTP/1.1" 200 560
[25/Jan/2025 10:17:32] "GET /static/admin/img/icon-yes.svg HTTP/1.1" 200 436
[25/Jan/2025 10:17:33] "GET /static/admin/js/vendor/jquery/jquery.js HTTP/1.1" 200 285314
[25/Jan/2025 10:17:34] "GET /static/admin/js/filters.js HTTP/1.1" 200 978
[25/Jan/2025 10:17:36] "GET /static/admin/js/vendor/xregexp/xregexp.js HTTP/1.1" 200 325171
[25/Jan/2025 10:17:37] "GET /static/admin/img/icon-addlink.svg HTTP/1.1" 200 331
[25/Jan/2025 10:17:37] "GET /static/admin/img/icon-viewlink.svg HTTP/1.1" 200 581
[25/Jan/2025 10:17:37] "GET /static/admin/img/sorting-icons.svg HTTP/1.1" 200 1097
[25/Jan/2025 10:17:37] "GET /static/admin/img/tooltag-add.svg HTTP/1.1" 200 331
[25/Jan/2025 10:17:39] "GET /admin/inspectionApp/inspection/ HTTP/1.1" 200 15103
[25/Jan/2025 10:17:40] "GET /admin/jsi18n/ HTTP/1.1" 200 3342
[25/Jan/2025 10:17:42] "GET /admin/inspectionApp/inspection/27/change/ HTTP/1.1" 200 13429
[25/Jan/2025 10:17:42] "GET /static/admin/js/prepopulate_init.js HTTP/1.1" 200 586
[25/Jan/2025 10:17:42] "GET /static/admin/css/forms.css HTTP/1.1" 200 8710
[25/Jan/2025 10:17:42] "GET /admin/jsi18n/ HTTP/1.1" 200 3342
[25/Jan/2025 10:17:43] "GET /static/admin/css/widgets.css HTTP/1.1" 200 11564
[25/Jan/2025 10:17:43] "GET /static/admin/js/change_form.js HTTP/1.1" 200 606
[25/Jan/2025 10:18:16] "POST /autosave_inspection/ HTTP/1.1" 200 248
[25/Jan/2025 10:19:16] "POST /autosave_inspection/ HTTP/1.1" 200 248
[25/Jan/2025 10:20:16] "POST /autosave_inspection/ HTTP/1.1" 200 248
[25/Jan/2025 10:22:01] "POST /autosave_inspection/ HTTP/1.1" 200 248
[25/Jan/2025 10:23:01] "POST /autosave_inspection/ HTTP/1.1" 200 248
[25/Jan/2025 10:23:45] "POST /autosave_inspection/ HTTP/1.1" 200 248
[25/Jan/2025 10:24:16] "POST /autosave_inspection/ HTTP/1.1" 200 248
[25/Jan/2025 10:25:16] "POST /autosave_inspection/ HTTP/1.1" 200 248
[25/Jan/2025 10:26:27] "POST /autosave_inspection/ HTTP/1.1" 200 248
[25/Jan/2025 10:27:16] "POST /autosave_inspection/ HTTP/1.1" 200 248
[25/Jan/2025 10:28:34] "POST /autosave_inspection/ HTTP/1.1" 200 248
[25/Jan/2025 10:29:16] "POST /autosave_inspection/ HTTP/1.1" 200 248
[25/Jan/2025 10:30:16] "POST /autosave_inspection/ HTTP/1.1" 200 248
[25/Jan/2025 10:32:01] "POST /autosave_inspection/ HTTP/1.1" 200 248
[25/Jan/2025 10:33:01] "POST /autosave_inspection/ HTTP/1.1" 200 248
[25/Jan/2025 10:34:01] "POST /autosave_inspection/ HTTP/1.1" 200 248
[25/Jan/2025 10:35:01] "POST /autosave_inspection/ HTTP/1.1" 200 248
[25/Jan/2025 10:35:18] "POST /autosave_inspection/ HTTP/1.1" 200 248
[25/Jan/2025 10:36:16] "POST /autosave_inspection/ HTTP/1.1" 200 248
[25/Jan/2025 10:38:01] "POST /autosave_inspection/ HTTP/1.1" 200 248
[25/Jan/2025 10:39:01] "POST /autosave_inspection/ HTTP/1.1" 200 248
[25/Jan/2025 10:40:01] "POST /autosave_inspection/ HTTP/1.1" 200 248
[25/Jan/2025 10:41:01] "POST /autosave_inspection/ HTTP/1.1" 200 248
[25/Jan/2025 10:42:01] "POST /autosave_inspection/ HTTP/1.1" 200 248
[25/Jan/2025 10:42:43] "POST /autosave_inspection/ HTTP/1.1" 200 248
[25/Jan/2025 10:43:16] "POST /autosave_inspection/ HTTP/1.1" 200 248
[25/Jan/2025 10:44:16] "POST /autosave_inspection/ HTTP/1.1" 200 248
[25/Jan/2025 10:45:16] "POST /autosave_inspection/ HTTP/1.1" 200 248
[25/Jan/2025 10:46:16] "POST /autosave_inspection/ HTTP/1.1" 200 248
[25/Jan/2025 10:47:16] "POST /autosave_inspection/ HTTP/1.1" 200 248
[25/Jan/2025 10:48:16] "POST /autosave_inspection/ HTTP/1.1" 200 248
[25/Jan/2025 10:49:16] "POST /autosave_inspection/ HTTP/1.1" 200 248
[25/Jan/2025 10:50:16] "POST /autosave_inspection/ HTTP/1.1" 200 248
[25/Jan/2025 10:51:16] "POST /autosave_inspection/ HTTP/1.1" 200 248
[25/Jan/2025 10:52:16] "POST /autosave_inspection/ HTTP/1.1" 200 248
[25/Jan/2025 10:54:01] "POST /autosave_inspection/ HTTP/1.1" 200 248
[25/Jan/2025 10:55:01] "POST /autosave_inspection/ HTTP/1.1" 200 248
/home/webapp/SchoolInspect/inspectionApp/models.py changed, reloading.
Performing system checks...

System check identified no issues (0 silenced).
January 25, 2025 - 10:12:57
Django version 5.1.1, using settings 'SchoolInspect.settings'
Starting development server at http://70.36.107.109:9009/
Quit the server with CONTROL-C.

Watching for file changes with StatReloader
[25/Jan/2025 10:56:02] "POST /autosave_inspection/ HTTP/1.1" 200 248
[25/Jan/2025 10:57:01] "POST /autosave_inspection/ HTTP/1.1" 200 248
[25/Jan/2025 10:58:01] "POST /autosave_inspection/ HTTP/1.1" 200 248
[25/Jan/2025 10:59:01] "POST /autosave_inspection/ HTTP/1.1" 200 248
[25/Jan/2025 11:00:01] "POST /autosave_inspection/ HTTP/1.1" 200 248
[25/Jan/2025 11:01:01] "POST /autosave_inspection/ HTTP/1.1" 200 248
[25/Jan/2025 11:02:01] "POST /autosave_inspection/ HTTP/1.1" 200 248
[25/Jan/2025 11:03:01] "POST /autosave_inspection/ HTTP/1.1" 200 248
[25/Jan/2025 11:04:01] "POST /autosave_inspection/ HTTP/1.1" 200 248
[25/Jan/2025 11:05:01] "POST /autosave_inspection/ HTTP/1.1" 200 248
[25/Jan/2025 11:06:01] "POST /autosave_inspection/ HTTP/1.1" 200 248
[25/Jan/2025 11:07:01] "POST /autosave_inspection/ HTTP/1.1" 200 248
[25/Jan/2025 11:08:01] "POST /autosave_inspection/ HTTP/1.1" 200 248
[25/Jan/2025 11:09:01] "POST /autosave_inspection/ HTTP/1.1" 200 248
[25/Jan/2025 11:10:01] "POST /autosave_inspection/ HTTP/1.1" 200 248
[25/Jan/2025 11:11:01] "POST /autosave_inspection/ HTTP/1.1" 200 248
[25/Jan/2025 11:12:01] "POST /autosave_inspection/ HTTP/1.1" 200 248
[25/Jan/2025 11:13:01] "POST /autosave_inspection/ HTTP/1.1" 200 248
[25/Jan/2025 11:14:01] "POST /autosave_inspection/ HTTP/1.1" 200 248
[25/Jan/2025 11:14:17] "POST /autosave_inspection/ HTTP/1.1" 200 248
[25/Jan/2025 11:15:16] "POST /autosave_inspection/ HTTP/1.1" 200 248
[25/Jan/2025 11:16:16] "POST /autosave_inspection/ HTTP/1.1" 200 248
[25/Jan/2025 11:17:16] "POST /autosave_inspection/ HTTP/1.1" 200 248
[25/Jan/2025 11:18:16] "POST /autosave_inspection/ HTTP/1.1" 200 248
[25/Jan/2025 11:19:16] "POST /autosave_inspection/ HTTP/1.1" 200 248
[25/Jan/2025 11:20:16] "POST /autosave_inspection/ HTTP/1.1" 200 248
[25/Jan/2025 11:21:16] "POST /autosave_inspection/ HTTP/1.1" 200 248
[25/Jan/2025 11:22:16] "POST /autosave_inspection/ HTTP/1.1" 200 248
[25/Jan/2025 11:23:16] "POST /autosave_inspection/ HTTP/1.1" 200 248
[25/Jan/2025 11:24:16] "POST /autosave_inspection/ HTTP/1.1" 200 248
[25/Jan/2025 11:25:16] "POST /autosave_inspection/ HTTP/1.1" 200 248
[25/Jan/2025 11:26:16] "POST /autosave_inspection/ HTTP/1.1" 200 248
[25/Jan/2025 11:27:16] "POST /autosave_inspection/ HTTP/1.1" 200 248
[25/Jan/2025 11:28:16] "POST /autosave_inspection/ HTTP/1.1" 200 248
[25/Jan/2025 11:29:16] "POST /autosave_inspection/ HTTP/1.1" 200 248
[25/Jan/2025 11:30:16] "POST /autosave_inspection/ HTTP/1.1" 200 248
[25/Jan/2025 11:31:16] "POST /autosave_inspection/ HTTP/1.1" 200 248
[25/Jan/2025 11:32:16] "POST /autosave_inspection/ HTTP/1.1" 200 248
[25/Jan/2025 11:33:32] "POST /autosave_inspection/ HTTP/1.1" 200 248
[25/Jan/2025 11:34:16] "POST /autosave_inspection/ HTTP/1.1" 200 248
[25/Jan/2025 11:36:01] "POST /autosave_inspection/ HTTP/1.1" 200 248
[25/Jan/2025 11:36:36] "POST /autosave_inspection/ HTTP/1.1" 200 248
[25/Jan/2025 11:37:16] "POST /autosave_inspection/ HTTP/1.1" 200 248
[25/Jan/2025 11:38:18] "POST /autosave_inspection/ HTTP/1.1" 200 248
[25/Jan/2025 11:39:16] "POST /autosave_inspection/ HTTP/1.1" 200 248
[25/Jan/2025 11:40:16] "POST /autosave_inspection/ HTTP/1.1" 200 248
[25/Jan/2025 11:42:01] "POST /autosave_inspection/ HTTP/1.1" 200 248
[25/Jan/2025 11:43:01] "POST /autosave_inspection/ HTTP/1.1" 200 248
[25/Jan/2025 11:44:00] "POST /autosave_inspection/ HTTP/1.1" 200 248
[25/Jan/2025 11:44:16] "POST /autosave_inspection/ HTTP/1.1" 200 248
[25/Jan/2025 11:45:25] "POST /autosave_inspection/ HTTP/1.1" 200 248
[25/Jan/2025 11:46:16] "POST /autosave_inspection/ HTTP/1.1" 200 248
[25/Jan/2025 11:47:16] "POST /autosave_inspection/ HTTP/1.1" 200 248
[25/Jan/2025 11:48:16] "POST /autosave_inspection/ HTTP/1.1" 200 248
[25/Jan/2025 11:49:16] "POST /autosave_inspection/ HTTP/1.1" 200 248
[25/Jan/2025 11:50:27] "POST /autosave_inspection/ HTTP/1.1" 200 248
[25/Jan/2025 11:51:16] "POST /autosave_inspection/ HTTP/1.1" 200 248
[25/Jan/2025 11:53:01] "POST /autosave_inspection/ HTTP/1.1" 200 248
[25/Jan/2025 11:54:01] "POST /autosave_inspection/ HTTP/1.1" 200 248
[25/Jan/2025 11:55:01] "POST /autosave_inspection/ HTTP/1.1" 200 248
[25/Jan/2025 11:56:01] "POST /autosave_inspection/ HTTP/1.1" 200 248
[25/Jan/2025 11:57:01] "POST /autosave_inspection/ HTTP/1.1" 200 248
[25/Jan/2025 11:58:01] "POST /autosave_inspection/ HTTP/1.1" 200 248
[25/Jan/2025 11:59:01] "POST /autosave_inspection/ HTTP/1.1" 200 248
[25/Jan/2025 12:00:01] "POST /autosave_inspection/ HTTP/1.1" 200 248
Invalid HTTP_HOST header: 'ubuntu.ubuntu:9009'. You may need to add 'ubuntu.ubuntu' to ALLOWED_HOSTS.
Traceback (most recent call last):
  File "/home/webapp/myenv/lib/python3.11/site-packages/django/core/handlers/exception.py", line 55, in inner
    response = get_response(request)
               ^^^^^^^^^^^^^^^^^^^^^
  File "/home/webapp/myenv/lib/python3.11/site-packages/django/utils/deprecation.py", line 128, in __call__
    response = self.process_request(request)
               ^^^^^^^^^^^^^^^^^^^^^^^^^^^^^
  File "/home/webapp/myenv/lib/python3.11/site-packages/django/middleware/common.py", line 48, in process_request
    host = request.get_host()
           ^^^^^^^^^^^^^^^^^^
  File "/home/webapp/myenv/lib/python3.11/site-packages/django/http/request.py", line 151, in get_host
    raise DisallowedHost(msg)
django.core.exceptions.DisallowedHost: Invalid HTTP_HOST header: 'ubuntu.ubuntu:9009'. You may need to add 'ubuntu.ubuntu' to ALLOWED_HOSTS.
Bad Request: /
[25/Jan/2025 12:05:00] "GET / HTTP/1.0" 400 63244
[25/Jan/2025 12:08:21] "POST /autosave_inspection/ HTTP/1.1" 200 248
[25/Jan/2025 12:09:16] "POST /autosave_inspection/ HTTP/1.1" 200 248
[25/Jan/2025 12:10:16] "POST /autosave_inspection/ HTTP/1.1" 200 248
[25/Jan/2025 12:12:01] "POST /autosave_inspection/ HTTP/1.1" 200 248
[25/Jan/2025 12:13:01] "POST /autosave_inspection/ HTTP/1.1" 200 248
[25/Jan/2025 12:14:01] "POST /autosave_inspection/ HTTP/1.1" 200 248
[25/Jan/2025 12:15:01] "POST /autosave_inspection/ HTTP/1.1" 200 248
[25/Jan/2025 12:16:01] "POST /autosave_inspection/ HTTP/1.1" 200 248
[25/Jan/2025 12:17:01] "POST /autosave_inspection/ HTTP/1.1" 200 248
[25/Jan/2025 12:18:01] "POST /autosave_inspection/ HTTP/1.1" 200 248
[25/Jan/2025 12:19:01] "POST /autosave_inspection/ HTTP/1.1" 200 248
[25/Jan/2025 12:20:01] "POST /autosave_inspection/ HTTP/1.1" 200 248
[25/Jan/2025 12:21:01] "POST /autosave_inspection/ HTTP/1.1" 200 248
[25/Jan/2025 12:22:01] "POST /autosave_inspection/ HTTP/1.1" 200 248
[25/Jan/2025 12:23:01] "POST /autosave_inspection/ HTTP/1.1" 200 248
[25/Jan/2025 12:23:16] "POST /autosave_inspection/ HTTP/1.1" 200 248
[25/Jan/2025 12:24:16] "POST /autosave_inspection/ HTTP/1.1" 200 248
[25/Jan/2025 12:26:01] "POST /autosave_inspection/ HTTP/1.1" 200 248
[25/Jan/2025 12:27:01] "POST /autosave_inspection/ HTTP/1.1" 200 248
[25/Jan/2025 12:28:01] "POST /autosave_inspection/ HTTP/1.1" 200 248
[25/Jan/2025 12:29:01] "POST /autosave_inspection/ HTTP/1.1" 200 248
[25/Jan/2025 12:30:01] "POST /autosave_inspection/ HTTP/1.1" 200 248
[25/Jan/2025 12:31:01] "POST /autosave_inspection/ HTTP/1.1" 200 248
/home/webapp/SchoolInspect/inspectionApp/views.py changed, reloading.
Performing system checks...

System check identified no issues (0 silenced).
January 25, 2025 - 10:55:17
Django version 5.1.1, using settings 'SchoolInspect.settings'
Starting development server at http://70.36.107.109:9009/
Quit the server with CONTROL-C.

Watching for file changes with StatReloader
[25/Jan/2025 12:32:45] "POST /autosave_inspection/ HTTP/1.1" 200 248
[25/Jan/2025 12:32:47] "GET /inspection_form/ HTTP/1.1" 200 14409
Internal Server Error: /inspection/1/
Traceback (most recent call last):
  File "/home/webapp/myenv/lib/python3.11/site-packages/django/core/handlers/exception.py", line 55, in inner
    response = get_response(request)
               ^^^^^^^^^^^^^^^^^^^^^
  File "/home/webapp/myenv/lib/python3.11/site-packages/django/core/handlers/base.py", line 197, in _get_response
    response = wrapped_callback(request, *callback_args, **callback_kwargs)
               ^^^^^^^^^^^^^^^^^^^^^^^^^^^^^^^^^^^^^^^^^^^^^^^^^^^^^^^^^^^^
  File "/home/webapp/myenv/lib/python3.11/site-packages/django/contrib/auth/decorators.py", line 60, in _view_wrapper
    return view_func(request, *args, **kwargs)
           ^^^^^^^^^^^^^^^^^^^^^^^^^^^^^^^^^^^
  File "/home/webapp/SchoolInspect/inspectionApp/views.py", line 181, in inspection_step
    return render(request, 'inspection_step.html', {'form': form, 'step': step, 'questions': questions})
           ^^^^^^^^^^^^^^^^^^^^^^^^^^^^^^^^^^^^^^^^^^^^^^^^^^^^^^^^^^^^^^^^^^^^^^^^^^^^^^^^^^^^^^^^^^^^^
  File "/home/webapp/myenv/lib/python3.11/site-packages/django/shortcuts.py", line 25, in render
    content = loader.render_to_string(template_name, context, request, using=using)
              ^^^^^^^^^^^^^^^^^^^^^^^^^^^^^^^^^^^^^^^^^^^^^^^^^^^^^^^^^^^^^^^^^^^^^
  File "/home/webapp/myenv/lib/python3.11/site-packages/django/template/loader.py", line 61, in render_to_string
    template = get_template(template_name, using=using)
               ^^^^^^^^^^^^^^^^^^^^^^^^^^^^^^^^^^^^^^^^
  File "/home/webapp/myenv/lib/python3.11/site-packages/django/template/loader.py", line 15, in get_template
    return engine.get_template(template_name)
           ^^^^^^^^^^^^^^^^^^^^^^^^^^^^^^^^^^
  File "/home/webapp/myenv/lib/python3.11/site-packages/django/template/backends/django.py", line 79, in get_template
    return Template(self.engine.get_template(template_name), self)
                    ^^^^^^^^^^^^^^^^^^^^^^^^^^^^^^^^^^^^^^^
  File "/home/webapp/myenv/lib/python3.11/site-packages/django/template/engine.py", line 177, in get_template
    template, origin = self.find_template(template_name)
                       ^^^^^^^^^^^^^^^^^^^^^^^^^^^^^^^^^
  File "/home/webapp/myenv/lib/python3.11/site-packages/django/template/engine.py", line 159, in find_template
    template = loader.get_template(name, skip=skip)
               ^^^^^^^^^^^^^^^^^^^^^^^^^^^^^^^^^^^^
  File "/home/webapp/myenv/lib/python3.11/site-packages/django/template/loaders/cached.py", line 57, in get_template
    template = super().get_template(template_name, skip)
               ^^^^^^^^^^^^^^^^^^^^^^^^^^^^^^^^^^^^^^^^^
  File "/home/webapp/myenv/lib/python3.11/site-packages/django/template/loaders/base.py", line 28, in get_template
    return Template(
           ^^^^^^^^^
  File "/home/webapp/myenv/lib/python3.11/site-packages/django/template/base.py", line 154, in __init__
    self.nodelist = self.compile_nodelist()
                    ^^^^^^^^^^^^^^^^^^^^^^^
  File "/home/webapp/myenv/lib/python3.11/site-packages/django/template/base.py", line 196, in compile_nodelist
    nodelist = parser.parse()
               ^^^^^^^^^^^^^^
  File "/home/webapp/myenv/lib/python3.11/site-packages/django/template/base.py", line 518, in parse
    raise self.error(token, e)
  File "/home/webapp/myenv/lib/python3.11/site-packages/django/template/base.py", line 516, in parse
    compiled_result = compile_func(self, token)
                      ^^^^^^^^^^^^^^^^^^^^^^^^^
  File "/home/webapp/myenv/lib/python3.11/site-packages/django/template/defaulttags.py", line 862, in do_for
    nodelist_loop = parser.parse(
                    ^^^^^^^^^^^^^
  File "/home/webapp/myenv/lib/python3.11/site-packages/django/template/base.py", line 489, in parse
    raise self.error(token, e)
  File "/home/webapp/myenv/lib/python3.11/site-packages/django/template/base.py", line 487, in parse
    filter_expression = self.compile_filter(token.contents)
                        ^^^^^^^^^^^^^^^^^^^^^^^^^^^^^^^^^^^
  File "/home/webapp/myenv/lib/python3.11/site-packages/django/template/base.py", line 605, in compile_filter
    return FilterExpression(token, self)
           ^^^^^^^^^^^^^^^^^^^^^^^^^^^^^
  File "/home/webapp/myenv/lib/python3.11/site-packages/django/template/base.py", line 678, in __init__
    raise TemplateSyntaxError(
django.template.exceptions.TemplateSyntaxError: Could not parse some characters: form|[question.name].value||default_if_none:''
[25/Jan/2025 12:32:56] "GET /inspection/1/ HTTP/1.1" 500 183868
[25/Jan/2025 12:33:35] "GET /inspection/1/ HTTP/1.1" 200 0
Internal Server Error: /inspection/1/
Traceback (most recent call last):
  File "/home/webapp/myenv/lib/python3.11/site-packages/django/core/handlers/exception.py", line 55, in inner
    response = get_response(request)
               ^^^^^^^^^^^^^^^^^^^^^
  File "/home/webapp/myenv/lib/python3.11/site-packages/django/core/handlers/base.py", line 197, in _get_response
    response = wrapped_callback(request, *callback_args, **callback_kwargs)
               ^^^^^^^^^^^^^^^^^^^^^^^^^^^^^^^^^^^^^^^^^^^^^^^^^^^^^^^^^^^^
  File "/home/webapp/myenv/lib/python3.11/site-packages/django/contrib/auth/decorators.py", line 60, in _view_wrapper
    return view_func(request, *args, **kwargs)
           ^^^^^^^^^^^^^^^^^^^^^^^^^^^^^^^^^^^
  File "/home/webapp/SchoolInspect/inspectionApp/views.py", line 181, in inspection_step
    return render(request, 'inspection_step.html', {'form': form, 'step': step, 'questions': questions})
           ^^^^^^^^^^^^^^^^^^^^^^^^^^^^^^^^^^^^^^^^^^^^^^^^^^^^^^^^^^^^^^^^^^^^^^^^^^^^^^^^^^^^^^^^^^^^^
  File "/home/webapp/myenv/lib/python3.11/site-packages/django/shortcuts.py", line 25, in render
    content = loader.render_to_string(template_name, context, request, using=using)
              ^^^^^^^^^^^^^^^^^^^^^^^^^^^^^^^^^^^^^^^^^^^^^^^^^^^^^^^^^^^^^^^^^^^^^
  File "/home/webapp/myenv/lib/python3.11/site-packages/django/template/loader.py", line 61, in render_to_string
    template = get_template(template_name, using=using)
               ^^^^^^^^^^^^^^^^^^^^^^^^^^^^^^^^^^^^^^^^
  File "/home/webapp/myenv/lib/python3.11/site-packages/django/template/loader.py", line 15, in get_template
    return engine.get_template(template_name)
           ^^^^^^^^^^^^^^^^^^^^^^^^^^^^^^^^^^
  File "/home/webapp/myenv/lib/python3.11/site-packages/django/template/backends/django.py", line 79, in get_template
    return Template(self.engine.get_template(template_name), self)
                    ^^^^^^^^^^^^^^^^^^^^^^^^^^^^^^^^^^^^^^^
  File "/home/webapp/myenv/lib/python3.11/site-packages/django/template/engine.py", line 177, in get_template
    template, origin = self.find_template(template_name)
                       ^^^^^^^^^^^^^^^^^^^^^^^^^^^^^^^^^
  File "/home/webapp/myenv/lib/python3.11/site-packages/django/template/engine.py", line 159, in find_template
    template = loader.get_template(name, skip=skip)
               ^^^^^^^^^^^^^^^^^^^^^^^^^^^^^^^^^^^^
  File "/home/webapp/myenv/lib/python3.11/site-packages/django/template/loaders/cached.py", line 57, in get_template
    template = super().get_template(template_name, skip)
               ^^^^^^^^^^^^^^^^^^^^^^^^^^^^^^^^^^^^^^^^^
  File "/home/webapp/myenv/lib/python3.11/site-packages/django/template/loaders/base.py", line 28, in get_template
    return Template(
           ^^^^^^^^^
  File "/home/webapp/myenv/lib/python3.11/site-packages/django/template/base.py", line 154, in __init__
    self.nodelist = self.compile_nodelist()
                    ^^^^^^^^^^^^^^^^^^^^^^^
  File "/home/webapp/myenv/lib/python3.11/site-packages/django/template/base.py", line 196, in compile_nodelist
    nodelist = parser.parse()
               ^^^^^^^^^^^^^^
  File "/home/webapp/myenv/lib/python3.11/site-packages/django/template/base.py", line 518, in parse
    raise self.error(token, e)
  File "/home/webapp/myenv/lib/python3.11/site-packages/django/template/base.py", line 516, in parse
    compiled_result = compile_func(self, token)
                      ^^^^^^^^^^^^^^^^^^^^^^^^^
  File "/home/webapp/myenv/lib/python3.11/site-packages/django/template/defaulttags.py", line 862, in do_for
    nodelist_loop = parser.parse(
                    ^^^^^^^^^^^^^
  File "/home/webapp/myenv/lib/python3.11/site-packages/django/template/base.py", line 489, in parse
    raise self.error(token, e)
  File "/home/webapp/myenv/lib/python3.11/site-packages/django/template/base.py", line 487, in parse
    filter_expression = self.compile_filter(token.contents)
                        ^^^^^^^^^^^^^^^^^^^^^^^^^^^^^^^^^^^
  File "/home/webapp/myenv/lib/python3.11/site-packages/django/template/base.py", line 605, in compile_filter
    return FilterExpression(token, self)
           ^^^^^^^^^^^^^^^^^^^^^^^^^^^^^
  File "/home/webapp/myenv/lib/python3.11/site-packages/django/template/base.py", line 678, in __init__
    raise TemplateSyntaxError(
django.template.exceptions.TemplateSyntaxError: Could not parse some characters: form|[question.name].value||default_if_none:''
[25/Jan/2025 12:33:39] "GET /inspection/1/ HTTP/1.1" 500 183841
Internal Server Error: /inspection/1/
Traceback (most recent call last):
  File "/home/webapp/myenv/lib/python3.11/site-packages/django/core/handlers/exception.py", line 55, in inner
    response = get_response(request)
               ^^^^^^^^^^^^^^^^^^^^^
  File "/home/webapp/myenv/lib/python3.11/site-packages/django/core/handlers/base.py", line 197, in _get_response
    response = wrapped_callback(request, *callback_args, **callback_kwargs)
               ^^^^^^^^^^^^^^^^^^^^^^^^^^^^^^^^^^^^^^^^^^^^^^^^^^^^^^^^^^^^
  File "/home/webapp/myenv/lib/python3.11/site-packages/django/contrib/auth/decorators.py", line 60, in _view_wrapper
    return view_func(request, *args, **kwargs)
           ^^^^^^^^^^^^^^^^^^^^^^^^^^^^^^^^^^^
  File "/home/webapp/SchoolInspect/inspectionApp/views.py", line 181, in inspection_step
    return render(request, 'inspection_step.html', {'form': form, 'step': step, 'questions': questions})
           ^^^^^^^^^^^^^^^^^^^^^^^^^^^^^^^^^^^^^^^^^^^^^^^^^^^^^^^^^^^^^^^^^^^^^^^^^^^^^^^^^^^^^^^^^^^^^
  File "/home/webapp/myenv/lib/python3.11/site-packages/django/shortcuts.py", line 25, in render
    content = loader.render_to_string(template_name, context, request, using=using)
              ^^^^^^^^^^^^^^^^^^^^^^^^^^^^^^^^^^^^^^^^^^^^^^^^^^^^^^^^^^^^^^^^^^^^^
  File "/home/webapp/myenv/lib/python3.11/site-packages/django/template/loader.py", line 61, in render_to_string
    template = get_template(template_name, using=using)
               ^^^^^^^^^^^^^^^^^^^^^^^^^^^^^^^^^^^^^^^^
  File "/home/webapp/myenv/lib/python3.11/site-packages/django/template/loader.py", line 15, in get_template
    return engine.get_template(template_name)
           ^^^^^^^^^^^^^^^^^^^^^^^^^^^^^^^^^^
  File "/home/webapp/myenv/lib/python3.11/site-packages/django/template/backends/django.py", line 79, in get_template
    return Template(self.engine.get_template(template_name), self)
                    ^^^^^^^^^^^^^^^^^^^^^^^^^^^^^^^^^^^^^^^
  File "/home/webapp/myenv/lib/python3.11/site-packages/django/template/engine.py", line 177, in get_template
    template, origin = self.find_template(template_name)
                       ^^^^^^^^^^^^^^^^^^^^^^^^^^^^^^^^^
  File "/home/webapp/myenv/lib/python3.11/site-packages/django/template/engine.py", line 159, in find_template
    template = loader.get_template(name, skip=skip)
               ^^^^^^^^^^^^^^^^^^^^^^^^^^^^^^^^^^^^
  File "/home/webapp/myenv/lib/python3.11/site-packages/django/template/loaders/cached.py", line 57, in get_template
    template = super().get_template(template_name, skip)
               ^^^^^^^^^^^^^^^^^^^^^^^^^^^^^^^^^^^^^^^^^
  File "/home/webapp/myenv/lib/python3.11/site-packages/django/template/loaders/base.py", line 28, in get_template
    return Template(
           ^^^^^^^^^
  File "/home/webapp/myenv/lib/python3.11/site-packages/django/template/base.py", line 154, in __init__
    self.nodelist = self.compile_nodelist()
                    ^^^^^^^^^^^^^^^^^^^^^^^
  File "/home/webapp/myenv/lib/python3.11/site-packages/django/template/base.py", line 196, in compile_nodelist
    nodelist = parser.parse()
               ^^^^^^^^^^^^^^
  File "/home/webapp/myenv/lib/python3.11/site-packages/django/template/base.py", line 518, in parse
    raise self.error(token, e)
  File "/home/webapp/myenv/lib/python3.11/site-packages/django/template/base.py", line 516, in parse
    compiled_result = compile_func(self, token)
                      ^^^^^^^^^^^^^^^^^^^^^^^^^
  File "/home/webapp/myenv/lib/python3.11/site-packages/django/template/defaulttags.py", line 862, in do_for
    nodelist_loop = parser.parse(
                    ^^^^^^^^^^^^^
  File "/home/webapp/myenv/lib/python3.11/site-packages/django/template/base.py", line 489, in parse
    raise self.error(token, e)
  File "/home/webapp/myenv/lib/python3.11/site-packages/django/template/base.py", line 487, in parse
    filter_expression = self.compile_filter(token.contents)
                        ^^^^^^^^^^^^^^^^^^^^^^^^^^^^^^^^^^^
  File "/home/webapp/myenv/lib/python3.11/site-packages/django/template/base.py", line 605, in compile_filter
    return FilterExpression(token, self)
           ^^^^^^^^^^^^^^^^^^^^^^^^^^^^^
  File "/home/webapp/myenv/lib/python3.11/site-packages/django/template/base.py", line 678, in __init__
    raise TemplateSyntaxError(
django.template.exceptions.TemplateSyntaxError: Could not parse some characters: form|[question.name].value||default_if_none:''
[25/Jan/2025 12:33:42] "GET /inspection/1/ HTTP/1.1" 500 183841
Internal Server Error: /inspection/1/
Traceback (most recent call last):
  File "/home/webapp/myenv/lib/python3.11/site-packages/django/core/handlers/exception.py", line 55, in inner
    response = get_response(request)
               ^^^^^^^^^^^^^^^^^^^^^
  File "/home/webapp/myenv/lib/python3.11/site-packages/django/core/handlers/base.py", line 197, in _get_response
    response = wrapped_callback(request, *callback_args, **callback_kwargs)
               ^^^^^^^^^^^^^^^^^^^^^^^^^^^^^^^^^^^^^^^^^^^^^^^^^^^^^^^^^^^^
  File "/home/webapp/myenv/lib/python3.11/site-packages/django/contrib/auth/decorators.py", line 60, in _view_wrapper
    return view_func(request, *args, **kwargs)
           ^^^^^^^^^^^^^^^^^^^^^^^^^^^^^^^^^^^
  File "/home/webapp/SchoolInspect/inspectionApp/views.py", line 181, in inspection_step
    return render(request, 'inspection_step.html', {'form': form, 'step': step, 'questions': questions})
           ^^^^^^^^^^^^^^^^^^^^^^^^^^^^^^^^^^^^^^^^^^^^^^^^^^^^^^^^^^^^^^^^^^^^^^^^^^^^^^^^^^^^^^^^^^^^^
  File "/home/webapp/myenv/lib/python3.11/site-packages/django/shortcuts.py", line 25, in render
    content = loader.render_to_string(template_name, context, request, using=using)
              ^^^^^^^^^^^^^^^^^^^^^^^^^^^^^^^^^^^^^^^^^^^^^^^^^^^^^^^^^^^^^^^^^^^^^
  File "/home/webapp/myenv/lib/python3.11/site-packages/django/template/loader.py", line 61, in render_to_string
    template = get_template(template_name, using=using)
               ^^^^^^^^^^^^^^^^^^^^^^^^^^^^^^^^^^^^^^^^
  File "/home/webapp/myenv/lib/python3.11/site-packages/django/template/loader.py", line 15, in get_template
    return engine.get_template(template_name)
           ^^^^^^^^^^^^^^^^^^^^^^^^^^^^^^^^^^
  File "/home/webapp/myenv/lib/python3.11/site-packages/django/template/backends/django.py", line 79, in get_template
    return Template(self.engine.get_template(template_name), self)
                    ^^^^^^^^^^^^^^^^^^^^^^^^^^^^^^^^^^^^^^^
  File "/home/webapp/myenv/lib/python3.11/site-packages/django/template/engine.py", line 177, in get_template
    template, origin = self.find_template(template_name)
                       ^^^^^^^^^^^^^^^^^^^^^^^^^^^^^^^^^
  File "/home/webapp/myenv/lib/python3.11/site-packages/django/template/engine.py", line 159, in find_template
    template = loader.get_template(name, skip=skip)
               ^^^^^^^^^^^^^^^^^^^^^^^^^^^^^^^^^^^^
  File "/home/webapp/myenv/lib/python3.11/site-packages/django/template/loaders/cached.py", line 57, in get_template
    template = super().get_template(template_name, skip)
               ^^^^^^^^^^^^^^^^^^^^^^^^^^^^^^^^^^^^^^^^^
  File "/home/webapp/myenv/lib/python3.11/site-packages/django/template/loaders/base.py", line 28, in get_template
    return Template(
           ^^^^^^^^^
  File "/home/webapp/myenv/lib/python3.11/site-packages/django/template/base.py", line 154, in __init__
    self.nodelist = self.compile_nodelist()
                    ^^^^^^^^^^^^^^^^^^^^^^^
  File "/home/webapp/myenv/lib/python3.11/site-packages/django/template/base.py", line 196, in compile_nodelist
    nodelist = parser.parse()
               ^^^^^^^^^^^^^^
  File "/home/webapp/myenv/lib/python3.11/site-packages/django/template/base.py", line 518, in parse
    raise self.error(token, e)
  File "/home/webapp/myenv/lib/python3.11/site-packages/django/template/base.py", line 516, in parse
    compiled_result = compile_func(self, token)
                      ^^^^^^^^^^^^^^^^^^^^^^^^^
  File "/home/webapp/myenv/lib/python3.11/site-packages/django/template/defaulttags.py", line 848, in do_for
    raise TemplateSyntaxError(
django.template.exceptions.TemplateSyntaxError: 'for' statements should use the format 'for x in y': for i in range(questions_start, questions_end)
[25/Jan/2025 12:34:27] "GET /inspection/1/ HTTP/1.1" 500 160367
Internal Server Error: /inspection/1/
Traceback (most recent call last):
  File "/home/webapp/myenv/lib/python3.11/site-packages/django/core/handlers/exception.py", line 55, in inner
    response = get_response(request)
               ^^^^^^^^^^^^^^^^^^^^^
  File "/home/webapp/myenv/lib/python3.11/site-packages/django/core/handlers/base.py", line 197, in _get_response
    response = wrapped_callback(request, *callback_args, **callback_kwargs)
               ^^^^^^^^^^^^^^^^^^^^^^^^^^^^^^^^^^^^^^^^^^^^^^^^^^^^^^^^^^^^
  File "/home/webapp/myenv/lib/python3.11/site-packages/django/contrib/auth/decorators.py", line 60, in _view_wrapper
    return view_func(request, *args, **kwargs)
           ^^^^^^^^^^^^^^^^^^^^^^^^^^^^^^^^^^^
  File "/home/webapp/SchoolInspect/inspectionApp/views.py", line 181, in inspection_step
    return render(request, 'inspection_step.html', {'form': form, 'step': step, 'questions': questions})
           ^^^^^^^^^^^^^^^^^^^^^^^^^^^^^^^^^^^^^^^^^^^^^^^^^^^^^^^^^^^^^^^^^^^^^^^^^^^^^^^^^^^^^^^^^^^^^
  File "/home/webapp/myenv/lib/python3.11/site-packages/django/shortcuts.py", line 25, in render
    content = loader.render_to_string(template_name, context, request, using=using)
              ^^^^^^^^^^^^^^^^^^^^^^^^^^^^^^^^^^^^^^^^^^^^^^^^^^^^^^^^^^^^^^^^^^^^^
  File "/home/webapp/myenv/lib/python3.11/site-packages/django/template/loader.py", line 61, in render_to_string
    template = get_template(template_name, using=using)
               ^^^^^^^^^^^^^^^^^^^^^^^^^^^^^^^^^^^^^^^^
  File "/home/webapp/myenv/lib/python3.11/site-packages/django/template/loader.py", line 15, in get_template
    return engine.get_template(template_name)
           ^^^^^^^^^^^^^^^^^^^^^^^^^^^^^^^^^^
  File "/home/webapp/myenv/lib/python3.11/site-packages/django/template/backends/django.py", line 79, in get_template
    return Template(self.engine.get_template(template_name), self)
                    ^^^^^^^^^^^^^^^^^^^^^^^^^^^^^^^^^^^^^^^
  File "/home/webapp/myenv/lib/python3.11/site-packages/django/template/engine.py", line 177, in get_template
    template, origin = self.find_template(template_name)
                       ^^^^^^^^^^^^^^^^^^^^^^^^^^^^^^^^^
  File "/home/webapp/myenv/lib/python3.11/site-packages/django/template/engine.py", line 159, in find_template
    template = loader.get_template(name, skip=skip)
               ^^^^^^^^^^^^^^^^^^^^^^^^^^^^^^^^^^^^
  File "/home/webapp/myenv/lib/python3.11/site-packages/django/template/loaders/cached.py", line 57, in get_template
    template = super().get_template(template_name, skip)
               ^^^^^^^^^^^^^^^^^^^^^^^^^^^^^^^^^^^^^^^^^
  File "/home/webapp/myenv/lib/python3.11/site-packages/django/template/loaders/base.py", line 28, in get_template
    return Template(
           ^^^^^^^^^
  File "/home/webapp/myenv/lib/python3.11/site-packages/django/template/base.py", line 154, in __init__
    self.nodelist = self.compile_nodelist()
                    ^^^^^^^^^^^^^^^^^^^^^^^
  File "/home/webapp/myenv/lib/python3.11/site-packages/django/template/base.py", line 196, in compile_nodelist
    nodelist = parser.parse()
               ^^^^^^^^^^^^^^
  File "/home/webapp/myenv/lib/python3.11/site-packages/django/template/base.py", line 518, in parse
    raise self.error(token, e)
  File "/home/webapp/myenv/lib/python3.11/site-packages/django/template/base.py", line 516, in parse
    compiled_result = compile_func(self, token)
                      ^^^^^^^^^^^^^^^^^^^^^^^^^
  File "/home/webapp/myenv/lib/python3.11/site-packages/django/template/defaulttags.py", line 848, in do_for
    raise TemplateSyntaxError(
django.template.exceptions.TemplateSyntaxError: 'for' statements should use the format 'for x in y': for i in range(questions_start, questions_end)
[25/Jan/2025 12:34:29] "GET /inspection/1/ HTTP/1.1" 500 160367
/home/webapp/SchoolInspect/inspectionApp/views.py changed, reloading.
Performing system checks...

System check identified no issues (0 silenced).
January 25, 2025 - 12:32:08
Django version 5.1.1, using settings 'SchoolInspect.settings'
Starting development server at http://70.36.107.109:9009/
Quit the server with CONTROL-C.

Watching for file changes with StatReloader
Internal Server Error: /inspection/1/
Traceback (most recent call last):
  File "/home/webapp/myenv/lib/python3.11/site-packages/django/core/handlers/exception.py", line 55, in inner
    response = get_response(request)
               ^^^^^^^^^^^^^^^^^^^^^
  File "/home/webapp/myenv/lib/python3.11/site-packages/django/core/handlers/base.py", line 197, in _get_response
    response = wrapped_callback(request, *callback_args, **callback_kwargs)
               ^^^^^^^^^^^^^^^^^^^^^^^^^^^^^^^^^^^^^^^^^^^^^^^^^^^^^^^^^^^^
  File "/home/webapp/myenv/lib/python3.11/site-packages/django/contrib/auth/decorators.py", line 60, in _view_wrapper
    return view_func(request, *args, **kwargs)
           ^^^^^^^^^^^^^^^^^^^^^^^^^^^^^^^^^^^
  File "/home/webapp/SchoolInspect/inspectionApp/views.py", line 195, in inspection_step
    return render(request, 'inspection_step.html', {
           ^^^^^^^^^^^^^^^^^^^^^^^^^^^^^^^^^^^^^^^^^
  File "/home/webapp/myenv/lib/python3.11/site-packages/django/shortcuts.py", line 25, in render
    content = loader.render_to_string(template_name, context, request, using=using)
              ^^^^^^^^^^^^^^^^^^^^^^^^^^^^^^^^^^^^^^^^^^^^^^^^^^^^^^^^^^^^^^^^^^^^^
  File "/home/webapp/myenv/lib/python3.11/site-packages/django/template/loader.py", line 61, in render_to_string
    template = get_template(template_name, using=using)
               ^^^^^^^^^^^^^^^^^^^^^^^^^^^^^^^^^^^^^^^^
  File "/home/webapp/myenv/lib/python3.11/site-packages/django/template/loader.py", line 15, in get_template
    return engine.get_template(template_name)
           ^^^^^^^^^^^^^^^^^^^^^^^^^^^^^^^^^^
  File "/home/webapp/myenv/lib/python3.11/site-packages/django/template/backends/django.py", line 79, in get_template
    return Template(self.engine.get_template(template_name), self)
                    ^^^^^^^^^^^^^^^^^^^^^^^^^^^^^^^^^^^^^^^
  File "/home/webapp/myenv/lib/python3.11/site-packages/django/template/engine.py", line 177, in get_template
    template, origin = self.find_template(template_name)
                       ^^^^^^^^^^^^^^^^^^^^^^^^^^^^^^^^^
  File "/home/webapp/myenv/lib/python3.11/site-packages/django/template/engine.py", line 159, in find_template
    template = loader.get_template(name, skip=skip)
               ^^^^^^^^^^^^^^^^^^^^^^^^^^^^^^^^^^^^
  File "/home/webapp/myenv/lib/python3.11/site-packages/django/template/loaders/cached.py", line 57, in get_template
    template = super().get_template(template_name, skip)
               ^^^^^^^^^^^^^^^^^^^^^^^^^^^^^^^^^^^^^^^^^
  File "/home/webapp/myenv/lib/python3.11/site-packages/django/template/loaders/base.py", line 28, in get_template
    return Template(
           ^^^^^^^^^
  File "/home/webapp/myenv/lib/python3.11/site-packages/django/template/base.py", line 154, in __init__
    self.nodelist = self.compile_nodelist()
                    ^^^^^^^^^^^^^^^^^^^^^^^
  File "/home/webapp/myenv/lib/python3.11/site-packages/django/template/base.py", line 196, in compile_nodelist
    nodelist = parser.parse()
               ^^^^^^^^^^^^^^
  File "/home/webapp/myenv/lib/python3.11/site-packages/django/template/base.py", line 518, in parse
    raise self.error(token, e)
  File "/home/webapp/myenv/lib/python3.11/site-packages/django/template/base.py", line 516, in parse
    compiled_result = compile_func(self, token)
                      ^^^^^^^^^^^^^^^^^^^^^^^^^
  File "/home/webapp/myenv/lib/python3.11/site-packages/django/template/defaulttags.py", line 862, in do_for
    nodelist_loop = parser.parse(
                    ^^^^^^^^^^^^^
  File "/home/webapp/myenv/lib/python3.11/site-packages/django/template/base.py", line 489, in parse
    raise self.error(token, e)
  File "/home/webapp/myenv/lib/python3.11/site-packages/django/template/base.py", line 487, in parse
    filter_expression = self.compile_filter(token.contents)
                        ^^^^^^^^^^^^^^^^^^^^^^^^^^^^^^^^^^^
  File "/home/webapp/myenv/lib/python3.11/site-packages/django/template/base.py", line 605, in compile_filter
    return FilterExpression(token, self)
           ^^^^^^^^^^^^^^^^^^^^^^^^^^^^^
  File "/home/webapp/myenv/lib/python3.11/site-packages/django/template/base.py", line 706, in __init__
    raise TemplateSyntaxError(
django.template.exceptions.TemplateSyntaxError: Could not parse the remainder: '[question_name].label' from 'form[question_name].label'
[25/Jan/2025 12:35:16] "GET /inspection/1/ HTTP/1.1" 500 183383
Internal Server Error: /inspection/1/
Traceback (most recent call last):
  File "/home/webapp/myenv/lib/python3.11/site-packages/django/core/handlers/exception.py", line 55, in inner
    response = get_response(request)
               ^^^^^^^^^^^^^^^^^^^^^
  File "/home/webapp/myenv/lib/python3.11/site-packages/django/core/handlers/base.py", line 197, in _get_response
    response = wrapped_callback(request, *callback_args, **callback_kwargs)
               ^^^^^^^^^^^^^^^^^^^^^^^^^^^^^^^^^^^^^^^^^^^^^^^^^^^^^^^^^^^^
  File "/home/webapp/myenv/lib/python3.11/site-packages/django/contrib/auth/decorators.py", line 60, in _view_wrapper
    return view_func(request, *args, **kwargs)
           ^^^^^^^^^^^^^^^^^^^^^^^^^^^^^^^^^^^
  File "/home/webapp/SchoolInspect/inspectionApp/views.py", line 195, in inspection_step
    return render(request, 'inspection_step.html', {
           ^^^^^^^^^^^^^^^^^^^^^^^^^^^^^^^^^^^^^^^^^
  File "/home/webapp/myenv/lib/python3.11/site-packages/django/shortcuts.py", line 25, in render
    content = loader.render_to_string(template_name, context, request, using=using)
              ^^^^^^^^^^^^^^^^^^^^^^^^^^^^^^^^^^^^^^^^^^^^^^^^^^^^^^^^^^^^^^^^^^^^^
  File "/home/webapp/myenv/lib/python3.11/site-packages/django/template/loader.py", line 61, in render_to_string
    template = get_template(template_name, using=using)
               ^^^^^^^^^^^^^^^^^^^^^^^^^^^^^^^^^^^^^^^^
  File "/home/webapp/myenv/lib/python3.11/site-packages/django/template/loader.py", line 15, in get_template
    return engine.get_template(template_name)
           ^^^^^^^^^^^^^^^^^^^^^^^^^^^^^^^^^^
  File "/home/webapp/myenv/lib/python3.11/site-packages/django/template/backends/django.py", line 79, in get_template
    return Template(self.engine.get_template(template_name), self)
                    ^^^^^^^^^^^^^^^^^^^^^^^^^^^^^^^^^^^^^^^
  File "/home/webapp/myenv/lib/python3.11/site-packages/django/template/engine.py", line 177, in get_template
    template, origin = self.find_template(template_name)
                       ^^^^^^^^^^^^^^^^^^^^^^^^^^^^^^^^^
  File "/home/webapp/myenv/lib/python3.11/site-packages/django/template/engine.py", line 159, in find_template
    template = loader.get_template(name, skip=skip)
               ^^^^^^^^^^^^^^^^^^^^^^^^^^^^^^^^^^^^
  File "/home/webapp/myenv/lib/python3.11/site-packages/django/template/loaders/cached.py", line 57, in get_template
    template = super().get_template(template_name, skip)
               ^^^^^^^^^^^^^^^^^^^^^^^^^^^^^^^^^^^^^^^^^
  File "/home/webapp/myenv/lib/python3.11/site-packages/django/template/loaders/base.py", line 28, in get_template
    return Template(
           ^^^^^^^^^
  File "/home/webapp/myenv/lib/python3.11/site-packages/django/template/base.py", line 154, in __init__
    self.nodelist = self.compile_nodelist()
                    ^^^^^^^^^^^^^^^^^^^^^^^
  File "/home/webapp/myenv/lib/python3.11/site-packages/django/template/base.py", line 196, in compile_nodelist
    nodelist = parser.parse()
               ^^^^^^^^^^^^^^
  File "/home/webapp/myenv/lib/python3.11/site-packages/django/template/base.py", line 518, in parse
    raise self.error(token, e)
  File "/home/webapp/myenv/lib/python3.11/site-packages/django/template/base.py", line 516, in parse
    compiled_result = compile_func(self, token)
                      ^^^^^^^^^^^^^^^^^^^^^^^^^
  File "/home/webapp/myenv/lib/python3.11/site-packages/django/template/defaulttags.py", line 862, in do_for
    nodelist_loop = parser.parse(
                    ^^^^^^^^^^^^^
  File "/home/webapp/myenv/lib/python3.11/site-packages/django/template/base.py", line 489, in parse
    raise self.error(token, e)
  File "/home/webapp/myenv/lib/python3.11/site-packages/django/template/base.py", line 487, in parse
    filter_expression = self.compile_filter(token.contents)
                        ^^^^^^^^^^^^^^^^^^^^^^^^^^^^^^^^^^^
  File "/home/webapp/myenv/lib/python3.11/site-packages/django/template/base.py", line 605, in compile_filter
    return FilterExpression(token, self)
           ^^^^^^^^^^^^^^^^^^^^^^^^^^^^^
  File "/home/webapp/myenv/lib/python3.11/site-packages/django/template/base.py", line 706, in __init__
    raise TemplateSyntaxError(
django.template.exceptions.TemplateSyntaxError: Could not parse the remainder: '[question_name].label' from 'form[question_name].label'
[25/Jan/2025 12:35:17] "GET /inspection/1/ HTTP/1.1" 500 183383
Internal Server Error: /inspection/1/
Traceback (most recent call last):
  File "/home/webapp/myenv/lib/python3.11/site-packages/django/core/handlers/exception.py", line 55, in inner
    response = get_response(request)
               ^^^^^^^^^^^^^^^^^^^^^
  File "/home/webapp/myenv/lib/python3.11/site-packages/django/core/handlers/base.py", line 197, in _get_response
    response = wrapped_callback(request, *callback_args, **callback_kwargs)
               ^^^^^^^^^^^^^^^^^^^^^^^^^^^^^^^^^^^^^^^^^^^^^^^^^^^^^^^^^^^^
  File "/home/webapp/myenv/lib/python3.11/site-packages/django/contrib/auth/decorators.py", line 60, in _view_wrapper
    return view_func(request, *args, **kwargs)
           ^^^^^^^^^^^^^^^^^^^^^^^^^^^^^^^^^^^
  File "/home/webapp/SchoolInspect/inspectionApp/views.py", line 195, in inspection_step
    return render(request, 'inspection_step.html', {
           ^^^^^^^^^^^^^^^^^^^^^^^^^^^^^^^^^^^^^^^^^
  File "/home/webapp/myenv/lib/python3.11/site-packages/django/shortcuts.py", line 25, in render
    content = loader.render_to_string(template_name, context, request, using=using)
              ^^^^^^^^^^^^^^^^^^^^^^^^^^^^^^^^^^^^^^^^^^^^^^^^^^^^^^^^^^^^^^^^^^^^^
  File "/home/webapp/myenv/lib/python3.11/site-packages/django/template/loader.py", line 61, in render_to_string
    template = get_template(template_name, using=using)
               ^^^^^^^^^^^^^^^^^^^^^^^^^^^^^^^^^^^^^^^^
  File "/home/webapp/myenv/lib/python3.11/site-packages/django/template/loader.py", line 15, in get_template
    return engine.get_template(template_name)
           ^^^^^^^^^^^^^^^^^^^^^^^^^^^^^^^^^^
  File "/home/webapp/myenv/lib/python3.11/site-packages/django/template/backends/django.py", line 79, in get_template
    return Template(self.engine.get_template(template_name), self)
                    ^^^^^^^^^^^^^^^^^^^^^^^^^^^^^^^^^^^^^^^
  File "/home/webapp/myenv/lib/python3.11/site-packages/django/template/engine.py", line 177, in get_template
    template, origin = self.find_template(template_name)
                       ^^^^^^^^^^^^^^^^^^^^^^^^^^^^^^^^^
  File "/home/webapp/myenv/lib/python3.11/site-packages/django/template/engine.py", line 159, in find_template
    template = loader.get_template(name, skip=skip)
               ^^^^^^^^^^^^^^^^^^^^^^^^^^^^^^^^^^^^
  File "/home/webapp/myenv/lib/python3.11/site-packages/django/template/loaders/cached.py", line 57, in get_template
    template = super().get_template(template_name, skip)
               ^^^^^^^^^^^^^^^^^^^^^^^^^^^^^^^^^^^^^^^^^
  File "/home/webapp/myenv/lib/python3.11/site-packages/django/template/loaders/base.py", line 28, in get_template
    return Template(
           ^^^^^^^^^
  File "/home/webapp/myenv/lib/python3.11/site-packages/django/template/base.py", line 154, in __init__
    self.nodelist = self.compile_nodelist()
                    ^^^^^^^^^^^^^^^^^^^^^^^
  File "/home/webapp/myenv/lib/python3.11/site-packages/django/template/base.py", line 196, in compile_nodelist
    nodelist = parser.parse()
               ^^^^^^^^^^^^^^
  File "/home/webapp/myenv/lib/python3.11/site-packages/django/template/base.py", line 518, in parse
    raise self.error(token, e)
  File "/home/webapp/myenv/lib/python3.11/site-packages/django/template/base.py", line 516, in parse
    compiled_result = compile_func(self, token)
                      ^^^^^^^^^^^^^^^^^^^^^^^^^
  File "/home/webapp/myenv/lib/python3.11/site-packages/django/template/defaulttags.py", line 862, in do_for
    nodelist_loop = parser.parse(
                    ^^^^^^^^^^^^^
  File "/home/webapp/myenv/lib/python3.11/site-packages/django/template/base.py", line 489, in parse
    raise self.error(token, e)
  File "/home/webapp/myenv/lib/python3.11/site-packages/django/template/base.py", line 487, in parse
    filter_expression = self.compile_filter(token.contents)
                        ^^^^^^^^^^^^^^^^^^^^^^^^^^^^^^^^^^^
  File "/home/webapp/myenv/lib/python3.11/site-packages/django/template/base.py", line 605, in compile_filter
    return FilterExpression(token, self)
           ^^^^^^^^^^^^^^^^^^^^^^^^^^^^^
  File "/home/webapp/myenv/lib/python3.11/site-packages/django/template/base.py", line 706, in __init__
    raise TemplateSyntaxError(
django.template.exceptions.TemplateSyntaxError: Could not parse the remainder: '[question_name].label' from 'form[question_name].label'
[25/Jan/2025 12:35:46] "GET /inspection/1/ HTTP/1.1" 500 183383
Internal Server Error: /inspection/1/
Traceback (most recent call last):
  File "/home/webapp/myenv/lib/python3.11/site-packages/django/core/handlers/exception.py", line 55, in inner
    response = get_response(request)
               ^^^^^^^^^^^^^^^^^^^^^
  File "/home/webapp/myenv/lib/python3.11/site-packages/django/core/handlers/base.py", line 197, in _get_response
    response = wrapped_callback(request, *callback_args, **callback_kwargs)
               ^^^^^^^^^^^^^^^^^^^^^^^^^^^^^^^^^^^^^^^^^^^^^^^^^^^^^^^^^^^^
  File "/home/webapp/myenv/lib/python3.11/site-packages/django/contrib/auth/decorators.py", line 60, in _view_wrapper
    return view_func(request, *args, **kwargs)
           ^^^^^^^^^^^^^^^^^^^^^^^^^^^^^^^^^^^
  File "/home/webapp/SchoolInspect/inspectionApp/views.py", line 195, in inspection_step
    return render(request, 'inspection_step.html', {
           ^^^^^^^^^^^^^^^^^^^^^^^^^^^^^^^^^^^^^^^^^
  File "/home/webapp/myenv/lib/python3.11/site-packages/django/shortcuts.py", line 25, in render
    content = loader.render_to_string(template_name, context, request, using=using)
              ^^^^^^^^^^^^^^^^^^^^^^^^^^^^^^^^^^^^^^^^^^^^^^^^^^^^^^^^^^^^^^^^^^^^^
  File "/home/webapp/myenv/lib/python3.11/site-packages/django/template/loader.py", line 61, in render_to_string
    template = get_template(template_name, using=using)
               ^^^^^^^^^^^^^^^^^^^^^^^^^^^^^^^^^^^^^^^^
  File "/home/webapp/myenv/lib/python3.11/site-packages/django/template/loader.py", line 15, in get_template
    return engine.get_template(template_name)
           ^^^^^^^^^^^^^^^^^^^^^^^^^^^^^^^^^^
  File "/home/webapp/myenv/lib/python3.11/site-packages/django/template/backends/django.py", line 79, in get_template
    return Template(self.engine.get_template(template_name), self)
                    ^^^^^^^^^^^^^^^^^^^^^^^^^^^^^^^^^^^^^^^
  File "/home/webapp/myenv/lib/python3.11/site-packages/django/template/engine.py", line 177, in get_template
    template, origin = self.find_template(template_name)
                       ^^^^^^^^^^^^^^^^^^^^^^^^^^^^^^^^^
  File "/home/webapp/myenv/lib/python3.11/site-packages/django/template/engine.py", line 159, in find_template
    template = loader.get_template(name, skip=skip)
               ^^^^^^^^^^^^^^^^^^^^^^^^^^^^^^^^^^^^
  File "/home/webapp/myenv/lib/python3.11/site-packages/django/template/loaders/cached.py", line 57, in get_template
    template = super().get_template(template_name, skip)
               ^^^^^^^^^^^^^^^^^^^^^^^^^^^^^^^^^^^^^^^^^
  File "/home/webapp/myenv/lib/python3.11/site-packages/django/template/loaders/base.py", line 28, in get_template
    return Template(
           ^^^^^^^^^
  File "/home/webapp/myenv/lib/python3.11/site-packages/django/template/base.py", line 154, in __init__
    self.nodelist = self.compile_nodelist()
                    ^^^^^^^^^^^^^^^^^^^^^^^
  File "/home/webapp/myenv/lib/python3.11/site-packages/django/template/base.py", line 196, in compile_nodelist
    nodelist = parser.parse()
               ^^^^^^^^^^^^^^
  File "/home/webapp/myenv/lib/python3.11/site-packages/django/template/base.py", line 518, in parse
    raise self.error(token, e)
  File "/home/webapp/myenv/lib/python3.11/site-packages/django/template/base.py", line 516, in parse
    compiled_result = compile_func(self, token)
                      ^^^^^^^^^^^^^^^^^^^^^^^^^
  File "/home/webapp/myenv/lib/python3.11/site-packages/django/template/defaulttags.py", line 862, in do_for
    nodelist_loop = parser.parse(
                    ^^^^^^^^^^^^^
  File "/home/webapp/myenv/lib/python3.11/site-packages/django/template/base.py", line 489, in parse
    raise self.error(token, e)
  File "/home/webapp/myenv/lib/python3.11/site-packages/django/template/base.py", line 487, in parse
    filter_expression = self.compile_filter(token.contents)
                        ^^^^^^^^^^^^^^^^^^^^^^^^^^^^^^^^^^^
  File "/home/webapp/myenv/lib/python3.11/site-packages/django/template/base.py", line 605, in compile_filter
    return FilterExpression(token, self)
           ^^^^^^^^^^^^^^^^^^^^^^^^^^^^^
  File "/home/webapp/myenv/lib/python3.11/site-packages/django/template/base.py", line 706, in __init__
    raise TemplateSyntaxError(
django.template.exceptions.TemplateSyntaxError: Could not parse the remainder: '[question_name].label' from 'form[question_name].label'
[25/Jan/2025 12:35:49] "GET /inspection/1/ HTTP/1.1" 500 183383
Internal Server Error: /inspection/1/
Traceback (most recent call last):
  File "/home/webapp/myenv/lib/python3.11/site-packages/django/core/handlers/exception.py", line 55, in inner
    response = get_response(request)
               ^^^^^^^^^^^^^^^^^^^^^
  File "/home/webapp/myenv/lib/python3.11/site-packages/django/core/handlers/base.py", line 197, in _get_response
    response = wrapped_callback(request, *callback_args, **callback_kwargs)
               ^^^^^^^^^^^^^^^^^^^^^^^^^^^^^^^^^^^^^^^^^^^^^^^^^^^^^^^^^^^^
  File "/home/webapp/myenv/lib/python3.11/site-packages/django/contrib/auth/decorators.py", line 60, in _view_wrapper
    return view_func(request, *args, **kwargs)
           ^^^^^^^^^^^^^^^^^^^^^^^^^^^^^^^^^^^
  File "/home/webapp/SchoolInspect/inspectionApp/views.py", line 195, in inspection_step
    return render(request, 'inspection_step.html', {
           ^^^^^^^^^^^^^^^^^^^^^^^^^^^^^^^^^^^^^^^^^
  File "/home/webapp/myenv/lib/python3.11/site-packages/django/shortcuts.py", line 25, in render
    content = loader.render_to_string(template_name, context, request, using=using)
              ^^^^^^^^^^^^^^^^^^^^^^^^^^^^^^^^^^^^^^^^^^^^^^^^^^^^^^^^^^^^^^^^^^^^^
  File "/home/webapp/myenv/lib/python3.11/site-packages/django/template/loader.py", line 61, in render_to_string
    template = get_template(template_name, using=using)
               ^^^^^^^^^^^^^^^^^^^^^^^^^^^^^^^^^^^^^^^^
  File "/home/webapp/myenv/lib/python3.11/site-packages/django/template/loader.py", line 15, in get_template
    return engine.get_template(template_name)
           ^^^^^^^^^^^^^^^^^^^^^^^^^^^^^^^^^^
  File "/home/webapp/myenv/lib/python3.11/site-packages/django/template/backends/django.py", line 79, in get_template
    return Template(self.engine.get_template(template_name), self)
                    ^^^^^^^^^^^^^^^^^^^^^^^^^^^^^^^^^^^^^^^
  File "/home/webapp/myenv/lib/python3.11/site-packages/django/template/engine.py", line 177, in get_template
    template, origin = self.find_template(template_name)
                       ^^^^^^^^^^^^^^^^^^^^^^^^^^^^^^^^^
  File "/home/webapp/myenv/lib/python3.11/site-packages/django/template/engine.py", line 159, in find_template
    template = loader.get_template(name, skip=skip)
               ^^^^^^^^^^^^^^^^^^^^^^^^^^^^^^^^^^^^
  File "/home/webapp/myenv/lib/python3.11/site-packages/django/template/loaders/cached.py", line 57, in get_template
    template = super().get_template(template_name, skip)
               ^^^^^^^^^^^^^^^^^^^^^^^^^^^^^^^^^^^^^^^^^
  File "/home/webapp/myenv/lib/python3.11/site-packages/django/template/loaders/base.py", line 28, in get_template
    return Template(
           ^^^^^^^^^
  File "/home/webapp/myenv/lib/python3.11/site-packages/django/template/base.py", line 154, in __init__
    self.nodelist = self.compile_nodelist()
                    ^^^^^^^^^^^^^^^^^^^^^^^
  File "/home/webapp/myenv/lib/python3.11/site-packages/django/template/base.py", line 196, in compile_nodelist
    nodelist = parser.parse()
               ^^^^^^^^^^^^^^
  File "/home/webapp/myenv/lib/python3.11/site-packages/django/template/base.py", line 518, in parse
    raise self.error(token, e)
  File "/home/webapp/myenv/lib/python3.11/site-packages/django/template/base.py", line 516, in parse
    compiled_result = compile_func(self, token)
                      ^^^^^^^^^^^^^^^^^^^^^^^^^
  File "/home/webapp/myenv/lib/python3.11/site-packages/django/template/defaulttags.py", line 862, in do_for
    nodelist_loop = parser.parse(
                    ^^^^^^^^^^^^^
  File "/home/webapp/myenv/lib/python3.11/site-packages/django/template/base.py", line 489, in parse
    raise self.error(token, e)
  File "/home/webapp/myenv/lib/python3.11/site-packages/django/template/base.py", line 487, in parse
    filter_expression = self.compile_filter(token.contents)
                        ^^^^^^^^^^^^^^^^^^^^^^^^^^^^^^^^^^^
  File "/home/webapp/myenv/lib/python3.11/site-packages/django/template/base.py", line 605, in compile_filter
    return FilterExpression(token, self)
           ^^^^^^^^^^^^^^^^^^^^^^^^^^^^^
  File "/home/webapp/myenv/lib/python3.11/site-packages/django/template/base.py", line 706, in __init__
    raise TemplateSyntaxError(
django.template.exceptions.TemplateSyntaxError: Could not parse the remainder: '[question_name].label' from 'form[question_name].label'
[25/Jan/2025 12:36:27] "GET /inspection/1/ HTTP/1.1" 500 183383
Internal Server Error: /inspection/1/
Traceback (most recent call last):
  File "/home/webapp/myenv/lib/python3.11/site-packages/django/core/handlers/exception.py", line 55, in inner
    response = get_response(request)
               ^^^^^^^^^^^^^^^^^^^^^
  File "/home/webapp/myenv/lib/python3.11/site-packages/django/core/handlers/base.py", line 197, in _get_response
    response = wrapped_callback(request, *callback_args, **callback_kwargs)
               ^^^^^^^^^^^^^^^^^^^^^^^^^^^^^^^^^^^^^^^^^^^^^^^^^^^^^^^^^^^^
  File "/home/webapp/myenv/lib/python3.11/site-packages/django/contrib/auth/decorators.py", line 60, in _view_wrapper
    return view_func(request, *args, **kwargs)
           ^^^^^^^^^^^^^^^^^^^^^^^^^^^^^^^^^^^
  File "/home/webapp/SchoolInspect/inspectionApp/views.py", line 195, in inspection_step
    return render(request, 'inspection_step.html', {
           ^^^^^^^^^^^^^^^^^^^^^^^^^^^^^^^^^^^^^^^^^
  File "/home/webapp/myenv/lib/python3.11/site-packages/django/shortcuts.py", line 25, in render
    content = loader.render_to_string(template_name, context, request, using=using)
              ^^^^^^^^^^^^^^^^^^^^^^^^^^^^^^^^^^^^^^^^^^^^^^^^^^^^^^^^^^^^^^^^^^^^^
  File "/home/webapp/myenv/lib/python3.11/site-packages/django/template/loader.py", line 61, in render_to_string
    template = get_template(template_name, using=using)
               ^^^^^^^^^^^^^^^^^^^^^^^^^^^^^^^^^^^^^^^^
  File "/home/webapp/myenv/lib/python3.11/site-packages/django/template/loader.py", line 15, in get_template
    return engine.get_template(template_name)
           ^^^^^^^^^^^^^^^^^^^^^^^^^^^^^^^^^^
  File "/home/webapp/myenv/lib/python3.11/site-packages/django/template/backends/django.py", line 79, in get_template
    return Template(self.engine.get_template(template_name), self)
                    ^^^^^^^^^^^^^^^^^^^^^^^^^^^^^^^^^^^^^^^
  File "/home/webapp/myenv/lib/python3.11/site-packages/django/template/engine.py", line 177, in get_template
    template, origin = self.find_template(template_name)
                       ^^^^^^^^^^^^^^^^^^^^^^^^^^^^^^^^^
  File "/home/webapp/myenv/lib/python3.11/site-packages/django/template/engine.py", line 159, in find_template
    template = loader.get_template(name, skip=skip)
               ^^^^^^^^^^^^^^^^^^^^^^^^^^^^^^^^^^^^
  File "/home/webapp/myenv/lib/python3.11/site-packages/django/template/loaders/cached.py", line 57, in get_template
    template = super().get_template(template_name, skip)
               ^^^^^^^^^^^^^^^^^^^^^^^^^^^^^^^^^^^^^^^^^
  File "/home/webapp/myenv/lib/python3.11/site-packages/django/template/loaders/base.py", line 28, in get_template
    return Template(
           ^^^^^^^^^
  File "/home/webapp/myenv/lib/python3.11/site-packages/django/template/base.py", line 154, in __init__
    self.nodelist = self.compile_nodelist()
                    ^^^^^^^^^^^^^^^^^^^^^^^
  File "/home/webapp/myenv/lib/python3.11/site-packages/django/template/base.py", line 196, in compile_nodelist
    nodelist = parser.parse()
               ^^^^^^^^^^^^^^
  File "/home/webapp/myenv/lib/python3.11/site-packages/django/template/base.py", line 518, in parse
    raise self.error(token, e)
  File "/home/webapp/myenv/lib/python3.11/site-packages/django/template/base.py", line 516, in parse
    compiled_result = compile_func(self, token)
                      ^^^^^^^^^^^^^^^^^^^^^^^^^
  File "/home/webapp/myenv/lib/python3.11/site-packages/django/template/defaulttags.py", line 862, in do_for
    nodelist_loop = parser.parse(
                    ^^^^^^^^^^^^^
  File "/home/webapp/myenv/lib/python3.11/site-packages/django/template/base.py", line 489, in parse
    raise self.error(token, e)
  File "/home/webapp/myenv/lib/python3.11/site-packages/django/template/base.py", line 487, in parse
    filter_expression = self.compile_filter(token.contents)
                        ^^^^^^^^^^^^^^^^^^^^^^^^^^^^^^^^^^^
  File "/home/webapp/myenv/lib/python3.11/site-packages/django/template/base.py", line 605, in compile_filter
    return FilterExpression(token, self)
           ^^^^^^^^^^^^^^^^^^^^^^^^^^^^^
  File "/home/webapp/myenv/lib/python3.11/site-packages/django/template/base.py", line 706, in __init__
    raise TemplateSyntaxError(
django.template.exceptions.TemplateSyntaxError: Could not parse the remainder: '[question_name].label' from 'form[question_name].label'
[25/Jan/2025 12:36:29] "GET /inspection/1/ HTTP/1.1" 500 183383
Internal Server Error: /inspection/1/
Traceback (most recent call last):
  File "/home/webapp/myenv/lib/python3.11/site-packages/django/core/handlers/exception.py", line 55, in inner
    response = get_response(request)
               ^^^^^^^^^^^^^^^^^^^^^
  File "/home/webapp/myenv/lib/python3.11/site-packages/django/core/handlers/base.py", line 197, in _get_response
    response = wrapped_callback(request, *callback_args, **callback_kwargs)
               ^^^^^^^^^^^^^^^^^^^^^^^^^^^^^^^^^^^^^^^^^^^^^^^^^^^^^^^^^^^^
  File "/home/webapp/myenv/lib/python3.11/site-packages/django/contrib/auth/decorators.py", line 60, in _view_wrapper
    return view_func(request, *args, **kwargs)
           ^^^^^^^^^^^^^^^^^^^^^^^^^^^^^^^^^^^
  File "/home/webapp/SchoolInspect/inspectionApp/views.py", line 195, in inspection_step
    return render(request, 'inspection_step.html', {
           ^^^^^^^^^^^^^^^^^^^^^^^^^^^^^^^^^^^^^^^^^
  File "/home/webapp/myenv/lib/python3.11/site-packages/django/shortcuts.py", line 25, in render
    content = loader.render_to_string(template_name, context, request, using=using)
              ^^^^^^^^^^^^^^^^^^^^^^^^^^^^^^^^^^^^^^^^^^^^^^^^^^^^^^^^^^^^^^^^^^^^^
  File "/home/webapp/myenv/lib/python3.11/site-packages/django/template/loader.py", line 61, in render_to_string
    template = get_template(template_name, using=using)
               ^^^^^^^^^^^^^^^^^^^^^^^^^^^^^^^^^^^^^^^^
  File "/home/webapp/myenv/lib/python3.11/site-packages/django/template/loader.py", line 15, in get_template
    return engine.get_template(template_name)
           ^^^^^^^^^^^^^^^^^^^^^^^^^^^^^^^^^^
  File "/home/webapp/myenv/lib/python3.11/site-packages/django/template/backends/django.py", line 79, in get_template
    return Template(self.engine.get_template(template_name), self)
                    ^^^^^^^^^^^^^^^^^^^^^^^^^^^^^^^^^^^^^^^
  File "/home/webapp/myenv/lib/python3.11/site-packages/django/template/engine.py", line 177, in get_template
    template, origin = self.find_template(template_name)
                       ^^^^^^^^^^^^^^^^^^^^^^^^^^^^^^^^^
  File "/home/webapp/myenv/lib/python3.11/site-packages/django/template/engine.py", line 159, in find_template
    template = loader.get_template(name, skip=skip)
               ^^^^^^^^^^^^^^^^^^^^^^^^^^^^^^^^^^^^
  File "/home/webapp/myenv/lib/python3.11/site-packages/django/template/loaders/cached.py", line 57, in get_template
    template = super().get_template(template_name, skip)
               ^^^^^^^^^^^^^^^^^^^^^^^^^^^^^^^^^^^^^^^^^
  File "/home/webapp/myenv/lib/python3.11/site-packages/django/template/loaders/base.py", line 28, in get_template
    return Template(
           ^^^^^^^^^
  File "/home/webapp/myenv/lib/python3.11/site-packages/django/template/base.py", line 154, in __init__
    self.nodelist = self.compile_nodelist()
                    ^^^^^^^^^^^^^^^^^^^^^^^
  File "/home/webapp/myenv/lib/python3.11/site-packages/django/template/base.py", line 196, in compile_nodelist
    nodelist = parser.parse()
               ^^^^^^^^^^^^^^
  File "/home/webapp/myenv/lib/python3.11/site-packages/django/template/base.py", line 518, in parse
    raise self.error(token, e)
  File "/home/webapp/myenv/lib/python3.11/site-packages/django/template/base.py", line 516, in parse
    compiled_result = compile_func(self, token)
                      ^^^^^^^^^^^^^^^^^^^^^^^^^
  File "/home/webapp/myenv/lib/python3.11/site-packages/django/template/defaulttags.py", line 862, in do_for
    nodelist_loop = parser.parse(
                    ^^^^^^^^^^^^^
  File "/home/webapp/myenv/lib/python3.11/site-packages/django/template/base.py", line 489, in parse
    raise self.error(token, e)
  File "/home/webapp/myenv/lib/python3.11/site-packages/django/template/base.py", line 487, in parse
    filter_expression = self.compile_filter(token.contents)
                        ^^^^^^^^^^^^^^^^^^^^^^^^^^^^^^^^^^^
  File "/home/webapp/myenv/lib/python3.11/site-packages/django/template/base.py", line 605, in compile_filter
    return FilterExpression(token, self)
           ^^^^^^^^^^^^^^^^^^^^^^^^^^^^^
  File "/home/webapp/myenv/lib/python3.11/site-packages/django/template/base.py", line 706, in __init__
    raise TemplateSyntaxError(
django.template.exceptions.TemplateSyntaxError: Could not parse the remainder: '[question_name].label' from 'form[question_name].label'
[25/Jan/2025 12:36:31] "GET /inspection/1/ HTTP/1.1" 500 183383
/home/webapp/SchoolInspect/inspectionApp/models.py changed, reloading.
Performing system checks...

System check identified no issues (0 silenced).
January 25, 2025 - 12:35:03
Django version 5.1.1, using settings 'SchoolInspect.settings'
Starting development server at http://70.36.107.109:9009/
Quit the server with CONTROL-C.

Watching for file changes with StatReloader
/home/webapp/SchoolInspect/inspectionApp/views.py changed, reloading.
Performing system checks...

System check identified no issues (0 silenced).
January 25, 2025 - 12:37:00
Django version 5.1.1, using settings 'SchoolInspect.settings'
Starting development server at http://70.36.107.109:9009/
Quit the server with CONTROL-C.

Watching for file changes with StatReloader
[25/Jan/2025 12:37:05] "GET /inspection/1/ HTTP/1.1" 200 9574
/home/webapp/SchoolInspect/inspectionApp/views.py changed, reloading.
Performing system checks...

System check identified no issues (0 silenced).
January 25, 2025 - 12:37:02
Django version 5.1.1, using settings 'SchoolInspect.settings'
Starting development server at http://70.36.107.109:9009/
Quit the server with CONTROL-C.

Watching for file changes with StatReloader
/home/webapp/SchoolInspect/inspectionApp/views.py changed, reloading.
Performing system checks...

System check identified no issues (0 silenced).
January 25, 2025 - 12:40:38
Django version 5.1.1, using settings 'SchoolInspect.settings'
Starting development server at http://70.36.107.109:9009/
Quit the server with CONTROL-C.

Watching for file changes with StatReloader
/home/webapp/SchoolInspect/inspectionApp/views.py changed, reloading.
Performing system checks...

System check identified no issues (0 silenced).
January 25, 2025 - 12:40:59
Django version 5.1.1, using settings 'SchoolInspect.settings'
Starting development server at http://70.36.107.109:9009/
Quit the server with CONTROL-C.

Watching for file changes with StatReloader
Exception in thread django-main-thread:
Traceback (most recent call last):
  File "/usr/lib/python3.11/threading.py", line 1045, in _bootstrap_inner
    self.run()
  File "/usr/lib/python3.11/threading.py", line 982, in run
    self._target(*self._args, **self._kwargs)
  File "/home/webapp/myenv/lib/python3.11/site-packages/django/utils/autoreload.py", line 64, in wrapper
    fn(*args, **kwargs)
  File "/home/webapp/myenv/lib/python3.11/site-packages/django/core/management/commands/runserver.py", line 134, in inner_run
    self.check(display_num_errors=True)
  File "/home/webapp/myenv/lib/python3.11/site-packages/django/core/management/base.py", line 486, in check
    all_issues = checks.run_checks(
                 ^^^^^^^^^^^^^^^^^^
  File "/home/webapp/myenv/lib/python3.11/site-packages/django/core/checks/registry.py", line 88, in run_checks
    new_errors = check(app_configs=app_configs, databases=databases)
                 ^^^^^^^^^^^^^^^^^^^^^^^^^^^^^^^^^^^^^^^^^^^^^^^^^^^
  File "/home/webapp/myenv/lib/python3.11/site-packages/django/core/checks/urls.py", line 136, in check_custom_error_handlers
    handler = resolver.resolve_error_handler(status_code)
              ^^^^^^^^^^^^^^^^^^^^^^^^^^^^^^^^^^^^^^^^^^^
  File "/home/webapp/myenv/lib/python3.11/site-packages/django/urls/resolvers.py", line 732, in resolve_error_handler
    callback = getattr(self.urlconf_module, "handler%s" % view_type, None)
                       ^^^^^^^^^^^^^^^^^^^
  File "/home/webapp/myenv/lib/python3.11/site-packages/django/utils/functional.py", line 47, in __get__
    res = instance.__dict__[self.name] = self.func(instance)
                                         ^^^^^^^^^^^^^^^^^^^
  File "/home/webapp/myenv/lib/python3.11/site-packages/django/urls/resolvers.py", line 711, in urlconf_module
    return import_module(self.urlconf_name)
           ^^^^^^^^^^^^^^^^^^^^^^^^^^^^^^^^
  File "/usr/lib/python3.11/importlib/__init__.py", line 126, in import_module
    return _bootstrap._gcd_import(name[level:], package, level)
           ^^^^^^^^^^^^^^^^^^^^^^^^^^^^^^^^^^^^^^^^^^^^^^^^^^^^
  File "<frozen importlib._bootstrap>", line 1204, in _gcd_import
  File "<frozen importlib._bootstrap>", line 1176, in _find_and_load
  File "<frozen importlib._bootstrap>", line 1147, in _find_and_load_unlocked
  File "<frozen importlib._bootstrap>", line 690, in _load_unlocked
  File "<frozen importlib._bootstrap_external>", line 940, in exec_module
  File "<frozen importlib._bootstrap>", line 241, in _call_with_frames_removed
  File "/home/webapp/SchoolInspect/SchoolInspect/urls.py", line 24, in <module>
    path('',include('inspectionApp.urls')),
            ^^^^^^^^^^^^^^^^^^^^^^^^^^^^^
  File "/home/webapp/myenv/lib/python3.11/site-packages/django/urls/conf.py", line 39, in include
    urlconf_module = import_module(urlconf_module)
                     ^^^^^^^^^^^^^^^^^^^^^^^^^^^^^
  File "/usr/lib/python3.11/importlib/__init__.py", line 126, in import_module
    return _bootstrap._gcd_import(name[level:], package, level)
           ^^^^^^^^^^^^^^^^^^^^^^^^^^^^^^^^^^^^^^^^^^^^^^^^^^^^
  File "<frozen importlib._bootstrap>", line 1204, in _gcd_import
  File "<frozen importlib._bootstrap>", line 1176, in _find_and_load
  File "<frozen importlib._bootstrap>", line 1147, in _find_and_load_unlocked
  File "<frozen importlib._bootstrap>", line 690, in _load_unlocked
  File "<frozen importlib._bootstrap_external>", line 940, in exec_module
  File "<frozen importlib._bootstrap>", line 241, in _call_with_frames_removed
  File "/home/webapp/SchoolInspect/inspectionApp/urls.py", line 5, in <module>
    path('register/', views.register, name='register'),
                      ^^^^^^^^^^^^^^
AttributeError: module 'inspectionApp.views' has no attribute 'register'
Watching for file changes with StatReloader
Internal Server Error: /inspection/1/
Traceback (most recent call last):
  File "/home/webapp/myenv/lib/python3.11/site-packages/django/core/handlers/exception.py", line 55, in inner
    response = get_response(request)
               ^^^^^^^^^^^^^^^^^^^^^
  File "/home/webapp/myenv/lib/python3.11/site-packages/django/core/handlers/base.py", line 197, in _get_response
    response = wrapped_callback(request, *callback_args, **callback_kwargs)
               ^^^^^^^^^^^^^^^^^^^^^^^^^^^^^^^^^^^^^^^^^^^^^^^^^^^^^^^^^^^^
  File "/home/webapp/myenv/lib/python3.11/site-packages/django/contrib/auth/decorators.py", line 60, in _view_wrapper
    return view_func(request, *args, **kwargs)
           ^^^^^^^^^^^^^^^^^^^^^^^^^^^^^^^^^^^
  File "/home/webapp/SchoolInspect/inspectionApp/views.py", line 184, in inspection_step
    return render(request, 'inspection_step.html', {'form': form, 'step': step})
           ^^^^^^^^^^^^^^^^^^^^^^^^^^^^^^^^^^^^^^^^^^^^^^^^^^^^^^^^^^^^^^^^^^^^^
  File "/home/webapp/myenv/lib/python3.11/site-packages/django/shortcuts.py", line 25, in render
    content = loader.render_to_string(template_name, context, request, using=using)
              ^^^^^^^^^^^^^^^^^^^^^^^^^^^^^^^^^^^^^^^^^^^^^^^^^^^^^^^^^^^^^^^^^^^^^
  File "/home/webapp/myenv/lib/python3.11/site-packages/django/template/loader.py", line 61, in render_to_string
    template = get_template(template_name, using=using)
               ^^^^^^^^^^^^^^^^^^^^^^^^^^^^^^^^^^^^^^^^
  File "/home/webapp/myenv/lib/python3.11/site-packages/django/template/loader.py", line 15, in get_template
    return engine.get_template(template_name)
           ^^^^^^^^^^^^^^^^^^^^^^^^^^^^^^^^^^
  File "/home/webapp/myenv/lib/python3.11/site-packages/django/template/backends/django.py", line 79, in get_template
    return Template(self.engine.get_template(template_name), self)
                    ^^^^^^^^^^^^^^^^^^^^^^^^^^^^^^^^^^^^^^^
  File "/home/webapp/myenv/lib/python3.11/site-packages/django/template/engine.py", line 177, in get_template
    template, origin = self.find_template(template_name)
                       ^^^^^^^^^^^^^^^^^^^^^^^^^^^^^^^^^
  File "/home/webapp/myenv/lib/python3.11/site-packages/django/template/engine.py", line 159, in find_template
    template = loader.get_template(name, skip=skip)
               ^^^^^^^^^^^^^^^^^^^^^^^^^^^^^^^^^^^^
  File "/home/webapp/myenv/lib/python3.11/site-packages/django/template/loaders/cached.py", line 57, in get_template
    template = super().get_template(template_name, skip)
               ^^^^^^^^^^^^^^^^^^^^^^^^^^^^^^^^^^^^^^^^^
  File "/home/webapp/myenv/lib/python3.11/site-packages/django/template/loaders/base.py", line 28, in get_template
    return Template(
           ^^^^^^^^^
  File "/home/webapp/myenv/lib/python3.11/site-packages/django/template/base.py", line 154, in __init__
    self.nodelist = self.compile_nodelist()
                    ^^^^^^^^^^^^^^^^^^^^^^^
  File "/home/webapp/myenv/lib/python3.11/site-packages/django/template/base.py", line 196, in compile_nodelist
    nodelist = parser.parse()
               ^^^^^^^^^^^^^^
  File "/home/webapp/myenv/lib/python3.11/site-packages/django/template/base.py", line 518, in parse
    raise self.error(token, e)
  File "/home/webapp/myenv/lib/python3.11/site-packages/django/template/base.py", line 516, in parse
    compiled_result = compile_func(self, token)
                      ^^^^^^^^^^^^^^^^^^^^^^^^^
  File "/home/webapp/myenv/lib/python3.11/site-packages/django/template/defaulttags.py", line 862, in do_for
    nodelist_loop = parser.parse(
                    ^^^^^^^^^^^^^
  File "/home/webapp/myenv/lib/python3.11/site-packages/django/template/base.py", line 489, in parse
    raise self.error(token, e)
  File "/home/webapp/myenv/lib/python3.11/site-packages/django/template/base.py", line 487, in parse
    filter_expression = self.compile_filter(token.contents)
                        ^^^^^^^^^^^^^^^^^^^^^^^^^^^^^^^^^^^
  File "/home/webapp/myenv/lib/python3.11/site-packages/django/template/base.py", line 605, in compile_filter
    return FilterExpression(token, self)
           ^^^^^^^^^^^^^^^^^^^^^^^^^^^^^
  File "/home/webapp/myenv/lib/python3.11/site-packages/django/template/base.py", line 706, in __init__
    raise TemplateSyntaxError(
django.template.exceptions.TemplateSyntaxError: Could not parse the remainder: '{{ question' from 'form.fields.question_{{ question'
[25/Jan/2025 12:44:03] "GET /inspection/1/ HTTP/1.1" 500 181516
[25/Jan/2025 12:44:53] "GET /inspection/1/ HTTP/1.1" 302 0
Not Found: /accounts/login/
[25/Jan/2025 12:44:54] "GET /accounts/login/?next=/inspection/1/ HTTP/1.1" 404 4498
Not Found: /favicon.ico
[25/Jan/2025 12:44:55] "GET /favicon.ico HTTP/1.1" 404 4463
[25/Jan/2025 12:45:01] "GET / HTTP/1.1" 200 7571
[25/Jan/2025 12:45:02] "GET /static/assests/Team.jpg HTTP/1.1" 200 114742
[25/Jan/2025 12:45:03] "GET /static/favicon.ico HTTP/1.1" 200 15406
[25/Jan/2025 12:45:07] "POST / HTTP/1.1" 302 0
[25/Jan/2025 12:45:08] "GET /inspection_form/ HTTP/1.1" 200 14409
Internal Server Error: /inspection/1/
Traceback (most recent call last):
  File "/home/webapp/myenv/lib/python3.11/site-packages/django/core/handlers/exception.py", line 55, in inner
    response = get_response(request)
               ^^^^^^^^^^^^^^^^^^^^^
  File "/home/webapp/myenv/lib/python3.11/site-packages/django/core/handlers/base.py", line 197, in _get_response
    response = wrapped_callback(request, *callback_args, **callback_kwargs)
               ^^^^^^^^^^^^^^^^^^^^^^^^^^^^^^^^^^^^^^^^^^^^^^^^^^^^^^^^^^^^
  File "/home/webapp/myenv/lib/python3.11/site-packages/django/contrib/auth/decorators.py", line 60, in _view_wrapper
    return view_func(request, *args, **kwargs)
           ^^^^^^^^^^^^^^^^^^^^^^^^^^^^^^^^^^^
  File "/home/webapp/SchoolInspect/inspectionApp/views.py", line 184, in inspection_step
    return render(request, 'inspection_step.html', {'form': form, 'step': step})
           ^^^^^^^^^^^^^^^^^^^^^^^^^^^^^^^^^^^^^^^^^^^^^^^^^^^^^^^^^^^^^^^^^^^^^
  File "/home/webapp/myenv/lib/python3.11/site-packages/django/shortcuts.py", line 25, in render
    content = loader.render_to_string(template_name, context, request, using=using)
              ^^^^^^^^^^^^^^^^^^^^^^^^^^^^^^^^^^^^^^^^^^^^^^^^^^^^^^^^^^^^^^^^^^^^^
  File "/home/webapp/myenv/lib/python3.11/site-packages/django/template/loader.py", line 61, in render_to_string
    template = get_template(template_name, using=using)
               ^^^^^^^^^^^^^^^^^^^^^^^^^^^^^^^^^^^^^^^^
  File "/home/webapp/myenv/lib/python3.11/site-packages/django/template/loader.py", line 15, in get_template
    return engine.get_template(template_name)
           ^^^^^^^^^^^^^^^^^^^^^^^^^^^^^^^^^^
  File "/home/webapp/myenv/lib/python3.11/site-packages/django/template/backends/django.py", line 79, in get_template
    return Template(self.engine.get_template(template_name), self)
                    ^^^^^^^^^^^^^^^^^^^^^^^^^^^^^^^^^^^^^^^
  File "/home/webapp/myenv/lib/python3.11/site-packages/django/template/engine.py", line 177, in get_template
    template, origin = self.find_template(template_name)
                       ^^^^^^^^^^^^^^^^^^^^^^^^^^^^^^^^^
  File "/home/webapp/myenv/lib/python3.11/site-packages/django/template/engine.py", line 159, in find_template
    template = loader.get_template(name, skip=skip)
               ^^^^^^^^^^^^^^^^^^^^^^^^^^^^^^^^^^^^
  File "/home/webapp/myenv/lib/python3.11/site-packages/django/template/loaders/cached.py", line 57, in get_template
    template = super().get_template(template_name, skip)
               ^^^^^^^^^^^^^^^^^^^^^^^^^^^^^^^^^^^^^^^^^
  File "/home/webapp/myenv/lib/python3.11/site-packages/django/template/loaders/base.py", line 28, in get_template
    return Template(
           ^^^^^^^^^
  File "/home/webapp/myenv/lib/python3.11/site-packages/django/template/base.py", line 154, in __init__
    self.nodelist = self.compile_nodelist()
                    ^^^^^^^^^^^^^^^^^^^^^^^
  File "/home/webapp/myenv/lib/python3.11/site-packages/django/template/base.py", line 196, in compile_nodelist
    nodelist = parser.parse()
               ^^^^^^^^^^^^^^
  File "/home/webapp/myenv/lib/python3.11/site-packages/django/template/base.py", line 518, in parse
    raise self.error(token, e)
  File "/home/webapp/myenv/lib/python3.11/site-packages/django/template/base.py", line 516, in parse
    compiled_result = compile_func(self, token)
                      ^^^^^^^^^^^^^^^^^^^^^^^^^
  File "/home/webapp/myenv/lib/python3.11/site-packages/django/template/defaulttags.py", line 862, in do_for
    nodelist_loop = parser.parse(
                    ^^^^^^^^^^^^^
  File "/home/webapp/myenv/lib/python3.11/site-packages/django/template/base.py", line 518, in parse
    raise self.error(token, e)
  File "/home/webapp/myenv/lib/python3.11/site-packages/django/template/base.py", line 516, in parse
    compiled_result = compile_func(self, token)
                      ^^^^^^^^^^^^^^^^^^^^^^^^^
  File "/home/webapp/myenv/lib/python3.11/site-packages/django/template/defaulttags.py", line 1540, in do_with
    nodelist = parser.parse(("endwith",))
               ^^^^^^^^^^^^^^^^^^^^^^^^^^
  File "/home/webapp/myenv/lib/python3.11/site-packages/django/template/base.py", line 489, in parse
    raise self.error(token, e)
  File "/home/webapp/myenv/lib/python3.11/site-packages/django/template/base.py", line 487, in parse
    filter_expression = self.compile_filter(token.contents)
                        ^^^^^^^^^^^^^^^^^^^^^^^^^^^^^^^^^^^
  File "/home/webapp/myenv/lib/python3.11/site-packages/django/template/base.py", line 605, in compile_filter
    return FilterExpression(token, self)
           ^^^^^^^^^^^^^^^^^^^^^^^^^^^^^
  File "/home/webapp/myenv/lib/python3.11/site-packages/django/template/base.py", line 706, in __init__
    raise TemplateSyntaxError(
django.template.exceptions.TemplateSyntaxError: Could not parse the remainder: '[field_name].label' from 'form[field_name].label'
[25/Jan/2025 12:45:12] "GET /inspection/1/ HTTP/1.1" 500 201113
Internal Server Error: /inspection/1/
Traceback (most recent call last):
  File "/home/webapp/myenv/lib/python3.11/site-packages/django/core/handlers/exception.py", line 55, in inner
    response = get_response(request)
               ^^^^^^^^^^^^^^^^^^^^^
  File "/home/webapp/myenv/lib/python3.11/site-packages/django/core/handlers/base.py", line 197, in _get_response
    response = wrapped_callback(request, *callback_args, **callback_kwargs)
               ^^^^^^^^^^^^^^^^^^^^^^^^^^^^^^^^^^^^^^^^^^^^^^^^^^^^^^^^^^^^
  File "/home/webapp/myenv/lib/python3.11/site-packages/django/contrib/auth/decorators.py", line 60, in _view_wrapper
    return view_func(request, *args, **kwargs)
           ^^^^^^^^^^^^^^^^^^^^^^^^^^^^^^^^^^^
  File "/home/webapp/SchoolInspect/inspectionApp/views.py", line 184, in inspection_step
    return render(request, 'inspection_step.html', {'form': form, 'step': step})
           ^^^^^^^^^^^^^^^^^^^^^^^^^^^^^^^^^^^^^^^^^^^^^^^^^^^^^^^^^^^^^^^^^^^^^
  File "/home/webapp/myenv/lib/python3.11/site-packages/django/shortcuts.py", line 25, in render
    content = loader.render_to_string(template_name, context, request, using=using)
              ^^^^^^^^^^^^^^^^^^^^^^^^^^^^^^^^^^^^^^^^^^^^^^^^^^^^^^^^^^^^^^^^^^^^^
  File "/home/webapp/myenv/lib/python3.11/site-packages/django/template/loader.py", line 61, in render_to_string
    template = get_template(template_name, using=using)
               ^^^^^^^^^^^^^^^^^^^^^^^^^^^^^^^^^^^^^^^^
  File "/home/webapp/myenv/lib/python3.11/site-packages/django/template/loader.py", line 15, in get_template
    return engine.get_template(template_name)
           ^^^^^^^^^^^^^^^^^^^^^^^^^^^^^^^^^^
  File "/home/webapp/myenv/lib/python3.11/site-packages/django/template/backends/django.py", line 79, in get_template
    return Template(self.engine.get_template(template_name), self)
                    ^^^^^^^^^^^^^^^^^^^^^^^^^^^^^^^^^^^^^^^
  File "/home/webapp/myenv/lib/python3.11/site-packages/django/template/engine.py", line 177, in get_template
    template, origin = self.find_template(template_name)
                       ^^^^^^^^^^^^^^^^^^^^^^^^^^^^^^^^^
  File "/home/webapp/myenv/lib/python3.11/site-packages/django/template/engine.py", line 159, in find_template
    template = loader.get_template(name, skip=skip)
               ^^^^^^^^^^^^^^^^^^^^^^^^^^^^^^^^^^^^
  File "/home/webapp/myenv/lib/python3.11/site-packages/django/template/loaders/cached.py", line 57, in get_template
    template = super().get_template(template_name, skip)
               ^^^^^^^^^^^^^^^^^^^^^^^^^^^^^^^^^^^^^^^^^
  File "/home/webapp/myenv/lib/python3.11/site-packages/django/template/loaders/base.py", line 28, in get_template
    return Template(
           ^^^^^^^^^
  File "/home/webapp/myenv/lib/python3.11/site-packages/django/template/base.py", line 154, in __init__
    self.nodelist = self.compile_nodelist()
                    ^^^^^^^^^^^^^^^^^^^^^^^
  File "/home/webapp/myenv/lib/python3.11/site-packages/django/template/base.py", line 196, in compile_nodelist
    nodelist = parser.parse()
               ^^^^^^^^^^^^^^
  File "/home/webapp/myenv/lib/python3.11/site-packages/django/template/base.py", line 518, in parse
    raise self.error(token, e)
  File "/home/webapp/myenv/lib/python3.11/site-packages/django/template/base.py", line 516, in parse
    compiled_result = compile_func(self, token)
                      ^^^^^^^^^^^^^^^^^^^^^^^^^
  File "/home/webapp/myenv/lib/python3.11/site-packages/django/template/defaulttags.py", line 862, in do_for
    nodelist_loop = parser.parse(
                    ^^^^^^^^^^^^^
  File "/home/webapp/myenv/lib/python3.11/site-packages/django/template/base.py", line 518, in parse
    raise self.error(token, e)
  File "/home/webapp/myenv/lib/python3.11/site-packages/django/template/base.py", line 516, in parse
    compiled_result = compile_func(self, token)
                      ^^^^^^^^^^^^^^^^^^^^^^^^^
  File "/home/webapp/myenv/lib/python3.11/site-packages/django/template/defaulttags.py", line 1540, in do_with
    nodelist = parser.parse(("endwith",))
               ^^^^^^^^^^^^^^^^^^^^^^^^^^
  File "/home/webapp/myenv/lib/python3.11/site-packages/django/template/base.py", line 489, in parse
    raise self.error(token, e)
  File "/home/webapp/myenv/lib/python3.11/site-packages/django/template/base.py", line 487, in parse
    filter_expression = self.compile_filter(token.contents)
                        ^^^^^^^^^^^^^^^^^^^^^^^^^^^^^^^^^^^
  File "/home/webapp/myenv/lib/python3.11/site-packages/django/template/base.py", line 605, in compile_filter
    return FilterExpression(token, self)
           ^^^^^^^^^^^^^^^^^^^^^^^^^^^^^
  File "/home/webapp/myenv/lib/python3.11/site-packages/django/template/base.py", line 706, in __init__
    raise TemplateSyntaxError(
django.template.exceptions.TemplateSyntaxError: Could not parse the remainder: '[field_name].label' from 'form[field_name].label'
[25/Jan/2025 12:45:56] "GET /inspection/1/ HTTP/1.1" 500 201086
Internal Server Error: /inspection/1/
Traceback (most recent call last):
  File "/home/webapp/myenv/lib/python3.11/site-packages/django/core/handlers/exception.py", line 55, in inner
    response = get_response(request)
               ^^^^^^^^^^^^^^^^^^^^^
  File "/home/webapp/myenv/lib/python3.11/site-packages/django/core/handlers/base.py", line 197, in _get_response
    response = wrapped_callback(request, *callback_args, **callback_kwargs)
               ^^^^^^^^^^^^^^^^^^^^^^^^^^^^^^^^^^^^^^^^^^^^^^^^^^^^^^^^^^^^
  File "/home/webapp/myenv/lib/python3.11/site-packages/django/contrib/auth/decorators.py", line 60, in _view_wrapper
    return view_func(request, *args, **kwargs)
           ^^^^^^^^^^^^^^^^^^^^^^^^^^^^^^^^^^^
  File "/home/webapp/SchoolInspect/inspectionApp/views.py", line 184, in inspection_step
    return render(request, 'inspection_step.html', {'form': form, 'step': step})
           ^^^^^^^^^^^^^^^^^^^^^^^^^^^^^^^^^^^^^^^^^^^^^^^^^^^^^^^^^^^^^^^^^^^^^
  File "/home/webapp/myenv/lib/python3.11/site-packages/django/shortcuts.py", line 25, in render
    content = loader.render_to_string(template_name, context, request, using=using)
              ^^^^^^^^^^^^^^^^^^^^^^^^^^^^^^^^^^^^^^^^^^^^^^^^^^^^^^^^^^^^^^^^^^^^^
  File "/home/webapp/myenv/lib/python3.11/site-packages/django/template/loader.py", line 61, in render_to_string
    template = get_template(template_name, using=using)
               ^^^^^^^^^^^^^^^^^^^^^^^^^^^^^^^^^^^^^^^^
  File "/home/webapp/myenv/lib/python3.11/site-packages/django/template/loader.py", line 15, in get_template
    return engine.get_template(template_name)
           ^^^^^^^^^^^^^^^^^^^^^^^^^^^^^^^^^^
  File "/home/webapp/myenv/lib/python3.11/site-packages/django/template/backends/django.py", line 79, in get_template
    return Template(self.engine.get_template(template_name), self)
                    ^^^^^^^^^^^^^^^^^^^^^^^^^^^^^^^^^^^^^^^
  File "/home/webapp/myenv/lib/python3.11/site-packages/django/template/engine.py", line 177, in get_template
    template, origin = self.find_template(template_name)
                       ^^^^^^^^^^^^^^^^^^^^^^^^^^^^^^^^^
  File "/home/webapp/myenv/lib/python3.11/site-packages/django/template/engine.py", line 159, in find_template
    template = loader.get_template(name, skip=skip)
               ^^^^^^^^^^^^^^^^^^^^^^^^^^^^^^^^^^^^
  File "/home/webapp/myenv/lib/python3.11/site-packages/django/template/loaders/cached.py", line 57, in get_template
    template = super().get_template(template_name, skip)
               ^^^^^^^^^^^^^^^^^^^^^^^^^^^^^^^^^^^^^^^^^
  File "/home/webapp/myenv/lib/python3.11/site-packages/django/template/loaders/base.py", line 28, in get_template
    return Template(
           ^^^^^^^^^
  File "/home/webapp/myenv/lib/python3.11/site-packages/django/template/base.py", line 154, in __init__
    self.nodelist = self.compile_nodelist()
                    ^^^^^^^^^^^^^^^^^^^^^^^
  File "/home/webapp/myenv/lib/python3.11/site-packages/django/template/base.py", line 196, in compile_nodelist
    nodelist = parser.parse()
               ^^^^^^^^^^^^^^
  File "/home/webapp/myenv/lib/python3.11/site-packages/django/template/base.py", line 518, in parse
    raise self.error(token, e)
  File "/home/webapp/myenv/lib/python3.11/site-packages/django/template/base.py", line 516, in parse
    compiled_result = compile_func(self, token)
                      ^^^^^^^^^^^^^^^^^^^^^^^^^
  File "/home/webapp/myenv/lib/python3.11/site-packages/django/template/defaulttags.py", line 862, in do_for
    nodelist_loop = parser.parse(
                    ^^^^^^^^^^^^^
  File "/home/webapp/myenv/lib/python3.11/site-packages/django/template/base.py", line 518, in parse
    raise self.error(token, e)
  File "/home/webapp/myenv/lib/python3.11/site-packages/django/template/base.py", line 516, in parse
    compiled_result = compile_func(self, token)
                      ^^^^^^^^^^^^^^^^^^^^^^^^^
  File "/home/webapp/myenv/lib/python3.11/site-packages/django/template/defaulttags.py", line 1540, in do_with
    nodelist = parser.parse(("endwith",))
               ^^^^^^^^^^^^^^^^^^^^^^^^^^
  File "/home/webapp/myenv/lib/python3.11/site-packages/django/template/base.py", line 489, in parse
    raise self.error(token, e)
  File "/home/webapp/myenv/lib/python3.11/site-packages/django/template/base.py", line 487, in parse
    filter_expression = self.compile_filter(token.contents)
                        ^^^^^^^^^^^^^^^^^^^^^^^^^^^^^^^^^^^
  File "/home/webapp/myenv/lib/python3.11/site-packages/django/template/base.py", line 605, in compile_filter
    return FilterExpression(token, self)
           ^^^^^^^^^^^^^^^^^^^^^^^^^^^^^
  File "/home/webapp/myenv/lib/python3.11/site-packages/django/template/base.py", line 706, in __init__
    raise TemplateSyntaxError(
django.template.exceptions.TemplateSyntaxError: Could not parse the remainder: '[field_name].label' from 'form[field_name].label'
[25/Jan/2025 12:45:59] "GET /inspection/1/ HTTP/1.1" 500 201086
Internal Server Error: /inspection/1/
Traceback (most recent call last):
  File "/home/webapp/myenv/lib/python3.11/site-packages/django/core/handlers/exception.py", line 55, in inner
    response = get_response(request)
               ^^^^^^^^^^^^^^^^^^^^^
  File "/home/webapp/myenv/lib/python3.11/site-packages/django/core/handlers/base.py", line 197, in _get_response
    response = wrapped_callback(request, *callback_args, **callback_kwargs)
               ^^^^^^^^^^^^^^^^^^^^^^^^^^^^^^^^^^^^^^^^^^^^^^^^^^^^^^^^^^^^
  File "/home/webapp/myenv/lib/python3.11/site-packages/django/contrib/auth/decorators.py", line 60, in _view_wrapper
    return view_func(request, *args, **kwargs)
           ^^^^^^^^^^^^^^^^^^^^^^^^^^^^^^^^^^^
  File "/home/webapp/SchoolInspect/inspectionApp/views.py", line 184, in inspection_step
    return render(request, 'inspection_step.html', {'form': form, 'step': step})
           ^^^^^^^^^^^^^^^^^^^^^^^^^^^^^^^^^^^^^^^^^^^^^^^^^^^^^^^^^^^^^^^^^^^^^
  File "/home/webapp/myenv/lib/python3.11/site-packages/django/shortcuts.py", line 25, in render
    content = loader.render_to_string(template_name, context, request, using=using)
              ^^^^^^^^^^^^^^^^^^^^^^^^^^^^^^^^^^^^^^^^^^^^^^^^^^^^^^^^^^^^^^^^^^^^^
  File "/home/webapp/myenv/lib/python3.11/site-packages/django/template/loader.py", line 61, in render_to_string
    template = get_template(template_name, using=using)
               ^^^^^^^^^^^^^^^^^^^^^^^^^^^^^^^^^^^^^^^^
  File "/home/webapp/myenv/lib/python3.11/site-packages/django/template/loader.py", line 15, in get_template
    return engine.get_template(template_name)
           ^^^^^^^^^^^^^^^^^^^^^^^^^^^^^^^^^^
  File "/home/webapp/myenv/lib/python3.11/site-packages/django/template/backends/django.py", line 79, in get_template
    return Template(self.engine.get_template(template_name), self)
                    ^^^^^^^^^^^^^^^^^^^^^^^^^^^^^^^^^^^^^^^
  File "/home/webapp/myenv/lib/python3.11/site-packages/django/template/engine.py", line 177, in get_template
    template, origin = self.find_template(template_name)
                       ^^^^^^^^^^^^^^^^^^^^^^^^^^^^^^^^^
  File "/home/webapp/myenv/lib/python3.11/site-packages/django/template/engine.py", line 159, in find_template
    template = loader.get_template(name, skip=skip)
               ^^^^^^^^^^^^^^^^^^^^^^^^^^^^^^^^^^^^
  File "/home/webapp/myenv/lib/python3.11/site-packages/django/template/loaders/cached.py", line 57, in get_template
    template = super().get_template(template_name, skip)
               ^^^^^^^^^^^^^^^^^^^^^^^^^^^^^^^^^^^^^^^^^
  File "/home/webapp/myenv/lib/python3.11/site-packages/django/template/loaders/base.py", line 28, in get_template
    return Template(
           ^^^^^^^^^
  File "/home/webapp/myenv/lib/python3.11/site-packages/django/template/base.py", line 154, in __init__
    self.nodelist = self.compile_nodelist()
                    ^^^^^^^^^^^^^^^^^^^^^^^
  File "/home/webapp/myenv/lib/python3.11/site-packages/django/template/base.py", line 196, in compile_nodelist
    nodelist = parser.parse()
               ^^^^^^^^^^^^^^
  File "/home/webapp/myenv/lib/python3.11/site-packages/django/template/base.py", line 518, in parse
    raise self.error(token, e)
  File "/home/webapp/myenv/lib/python3.11/site-packages/django/template/base.py", line 516, in parse
    compiled_result = compile_func(self, token)
                      ^^^^^^^^^^^^^^^^^^^^^^^^^
  File "/home/webapp/myenv/lib/python3.11/site-packages/django/template/defaulttags.py", line 862, in do_for
    nodelist_loop = parser.parse(
                    ^^^^^^^^^^^^^
  File "/home/webapp/myenv/lib/python3.11/site-packages/django/template/base.py", line 518, in parse
    raise self.error(token, e)
  File "/home/webapp/myenv/lib/python3.11/site-packages/django/template/base.py", line 516, in parse
    compiled_result = compile_func(self, token)
                      ^^^^^^^^^^^^^^^^^^^^^^^^^
  File "/home/webapp/myenv/lib/python3.11/site-packages/django/template/defaulttags.py", line 1540, in do_with
    nodelist = parser.parse(("endwith",))
               ^^^^^^^^^^^^^^^^^^^^^^^^^^
  File "/home/webapp/myenv/lib/python3.11/site-packages/django/template/base.py", line 489, in parse
    raise self.error(token, e)
  File "/home/webapp/myenv/lib/python3.11/site-packages/django/template/base.py", line 487, in parse
    filter_expression = self.compile_filter(token.contents)
                        ^^^^^^^^^^^^^^^^^^^^^^^^^^^^^^^^^^^
  File "/home/webapp/myenv/lib/python3.11/site-packages/django/template/base.py", line 605, in compile_filter
    return FilterExpression(token, self)
           ^^^^^^^^^^^^^^^^^^^^^^^^^^^^^
  File "/home/webapp/myenv/lib/python3.11/site-packages/django/template/base.py", line 706, in __init__
    raise TemplateSyntaxError(
django.template.exceptions.TemplateSyntaxError: Could not parse the remainder: '[field_name].label' from 'form[field_name].label'
[25/Jan/2025 12:46:42] "GET /inspection/1/ HTTP/1.1" 500 200571
[25/Jan/2025 12:46:44] "GET /inspection/1/ HTTP/1.1" 200 0
Internal Server Error: /inspection/1/
Traceback (most recent call last):
  File "/home/webapp/myenv/lib/python3.11/site-packages/django/core/handlers/exception.py", line 55, in inner
    response = get_response(request)
               ^^^^^^^^^^^^^^^^^^^^^
  File "/home/webapp/myenv/lib/python3.11/site-packages/django/core/handlers/base.py", line 197, in _get_response
    response = wrapped_callback(request, *callback_args, **callback_kwargs)
               ^^^^^^^^^^^^^^^^^^^^^^^^^^^^^^^^^^^^^^^^^^^^^^^^^^^^^^^^^^^^
  File "/home/webapp/myenv/lib/python3.11/site-packages/django/contrib/auth/decorators.py", line 60, in _view_wrapper
    return view_func(request, *args, **kwargs)
           ^^^^^^^^^^^^^^^^^^^^^^^^^^^^^^^^^^^
  File "/home/webapp/SchoolInspect/inspectionApp/views.py", line 184, in inspection_step
    return render(request, 'inspection_step.html', {'form': form, 'step': step})
           ^^^^^^^^^^^^^^^^^^^^^^^^^^^^^^^^^^^^^^^^^^^^^^^^^^^^^^^^^^^^^^^^^^^^^
  File "/home/webapp/myenv/lib/python3.11/site-packages/django/shortcuts.py", line 25, in render
    content = loader.render_to_string(template_name, context, request, using=using)
              ^^^^^^^^^^^^^^^^^^^^^^^^^^^^^^^^^^^^^^^^^^^^^^^^^^^^^^^^^^^^^^^^^^^^^
  File "/home/webapp/myenv/lib/python3.11/site-packages/django/template/loader.py", line 61, in render_to_string
    template = get_template(template_name, using=using)
               ^^^^^^^^^^^^^^^^^^^^^^^^^^^^^^^^^^^^^^^^
  File "/home/webapp/myenv/lib/python3.11/site-packages/django/template/loader.py", line 15, in get_template
    return engine.get_template(template_name)
           ^^^^^^^^^^^^^^^^^^^^^^^^^^^^^^^^^^
  File "/home/webapp/myenv/lib/python3.11/site-packages/django/template/backends/django.py", line 79, in get_template
    return Template(self.engine.get_template(template_name), self)
                    ^^^^^^^^^^^^^^^^^^^^^^^^^^^^^^^^^^^^^^^
  File "/home/webapp/myenv/lib/python3.11/site-packages/django/template/engine.py", line 177, in get_template
    template, origin = self.find_template(template_name)
                       ^^^^^^^^^^^^^^^^^^^^^^^^^^^^^^^^^
  File "/home/webapp/myenv/lib/python3.11/site-packages/django/template/engine.py", line 159, in find_template
    template = loader.get_template(name, skip=skip)
               ^^^^^^^^^^^^^^^^^^^^^^^^^^^^^^^^^^^^
  File "/home/webapp/myenv/lib/python3.11/site-packages/django/template/loaders/cached.py", line 57, in get_template
    template = super().get_template(template_name, skip)
               ^^^^^^^^^^^^^^^^^^^^^^^^^^^^^^^^^^^^^^^^^
  File "/home/webapp/myenv/lib/python3.11/site-packages/django/template/loaders/base.py", line 28, in get_template
    return Template(
           ^^^^^^^^^
  File "/home/webapp/myenv/lib/python3.11/site-packages/django/template/base.py", line 154, in __init__
    self.nodelist = self.compile_nodelist()
                    ^^^^^^^^^^^^^^^^^^^^^^^
  File "/home/webapp/myenv/lib/python3.11/site-packages/django/template/base.py", line 196, in compile_nodelist
    nodelist = parser.parse()
               ^^^^^^^^^^^^^^
  File "/home/webapp/myenv/lib/python3.11/site-packages/django/template/base.py", line 518, in parse
    raise self.error(token, e)
  File "/home/webapp/myenv/lib/python3.11/site-packages/django/template/base.py", line 516, in parse
    compiled_result = compile_func(self, token)
                      ^^^^^^^^^^^^^^^^^^^^^^^^^
  File "/home/webapp/myenv/lib/python3.11/site-packages/django/template/defaulttags.py", line 862, in do_for
    nodelist_loop = parser.parse(
                    ^^^^^^^^^^^^^
  File "/home/webapp/myenv/lib/python3.11/site-packages/django/template/base.py", line 518, in parse
    raise self.error(token, e)
  File "/home/webapp/myenv/lib/python3.11/site-packages/django/template/base.py", line 516, in parse
    compiled_result = compile_func(self, token)
                      ^^^^^^^^^^^^^^^^^^^^^^^^^
  File "/home/webapp/myenv/lib/python3.11/site-packages/django/template/defaulttags.py", line 1540, in do_with
    nodelist = parser.parse(("endwith",))
               ^^^^^^^^^^^^^^^^^^^^^^^^^^
  File "/home/webapp/myenv/lib/python3.11/site-packages/django/template/base.py", line 489, in parse
    raise self.error(token, e)
  File "/home/webapp/myenv/lib/python3.11/site-packages/django/template/base.py", line 487, in parse
    filter_expression = self.compile_filter(token.contents)
                        ^^^^^^^^^^^^^^^^^^^^^^^^^^^^^^^^^^^
  File "/home/webapp/myenv/lib/python3.11/site-packages/django/template/base.py", line 605, in compile_filter
    return FilterExpression(token, self)
           ^^^^^^^^^^^^^^^^^^^^^^^^^^^^^
  File "/home/webapp/myenv/lib/python3.11/site-packages/django/template/base.py", line 706, in __init__
    raise TemplateSyntaxError(
django.template.exceptions.TemplateSyntaxError: Could not parse the remainder: '[field_name].label' from 'form[field_name].label'
[25/Jan/2025 12:46:48] "GET /inspection/1/ HTTP/1.1" 500 200571
/home/webapp/SchoolInspect/inspectionApp/views.py changed, reloading.
Performing system checks...

Watching for file changes with StatReloader
Exception in thread django-main-thread:
Traceback (most recent call last):
  File "/usr/lib/python3.11/threading.py", line 1045, in _bootstrap_inner
    self.run()
  File "/usr/lib/python3.11/threading.py", line 982, in run
    self._target(*self._args, **self._kwargs)
  File "/home/webapp/myenv/lib/python3.11/site-packages/django/utils/autoreload.py", line 64, in wrapper
    fn(*args, **kwargs)
  File "/home/webapp/myenv/lib/python3.11/site-packages/django/core/management/commands/runserver.py", line 134, in inner_run
    self.check(display_num_errors=True)
  File "/home/webapp/myenv/lib/python3.11/site-packages/django/core/management/base.py", line 486, in check
    all_issues = checks.run_checks(
                 ^^^^^^^^^^^^^^^^^^
  File "/home/webapp/myenv/lib/python3.11/site-packages/django/core/checks/registry.py", line 88, in run_checks
    new_errors = check(app_configs=app_configs, databases=databases)
                 ^^^^^^^^^^^^^^^^^^^^^^^^^^^^^^^^^^^^^^^^^^^^^^^^^^^
  File "/home/webapp/myenv/lib/python3.11/site-packages/django/core/checks/urls.py", line 136, in check_custom_error_handlers
    handler = resolver.resolve_error_handler(status_code)
              ^^^^^^^^^^^^^^^^^^^^^^^^^^^^^^^^^^^^^^^^^^^
  File "/home/webapp/myenv/lib/python3.11/site-packages/django/urls/resolvers.py", line 732, in resolve_error_handler
    callback = getattr(self.urlconf_module, "handler%s" % view_type, None)
                       ^^^^^^^^^^^^^^^^^^^
  File "/home/webapp/myenv/lib/python3.11/site-packages/django/utils/functional.py", line 47, in __get__
    res = instance.__dict__[self.name] = self.func(instance)
                                         ^^^^^^^^^^^^^^^^^^^
  File "/home/webapp/myenv/lib/python3.11/site-packages/django/urls/resolvers.py", line 711, in urlconf_module
    return import_module(self.urlconf_name)
           ^^^^^^^^^^^^^^^^^^^^^^^^^^^^^^^^
  File "/usr/lib/python3.11/importlib/__init__.py", line 126, in import_module
    return _bootstrap._gcd_import(name[level:], package, level)
           ^^^^^^^^^^^^^^^^^^^^^^^^^^^^^^^^^^^^^^^^^^^^^^^^^^^^
  File "<frozen importlib._bootstrap>", line 1204, in _gcd_import
  File "<frozen importlib._bootstrap>", line 1176, in _find_and_load
  File "<frozen importlib._bootstrap>", line 1147, in _find_and_load_unlocked
  File "<frozen importlib._bootstrap>", line 690, in _load_unlocked
  File "<frozen importlib._bootstrap_external>", line 940, in exec_module
  File "<frozen importlib._bootstrap>", line 241, in _call_with_frames_removed
  File "/home/webapp/SchoolInspect/SchoolInspect/urls.py", line 24, in <module>
    path('',include('inspectionApp.urls')),
            ^^^^^^^^^^^^^^^^^^^^^^^^^^^^^
  File "/home/webapp/myenv/lib/python3.11/site-packages/django/urls/conf.py", line 39, in include
    urlconf_module = import_module(urlconf_module)
                     ^^^^^^^^^^^^^^^^^^^^^^^^^^^^^
  File "/usr/lib/python3.11/importlib/__init__.py", line 126, in import_module
    return _bootstrap._gcd_import(name[level:], package, level)
           ^^^^^^^^^^^^^^^^^^^^^^^^^^^^^^^^^^^^^^^^^^^^^^^^^^^^
  File "<frozen importlib._bootstrap>", line 1204, in _gcd_import
  File "<frozen importlib._bootstrap>", line 1176, in _find_and_load
  File "<frozen importlib._bootstrap>", line 1147, in _find_and_load_unlocked
  File "<frozen importlib._bootstrap>", line 690, in _load_unlocked
  File "<frozen importlib._bootstrap_external>", line 940, in exec_module
  File "<frozen importlib._bootstrap>", line 241, in _call_with_frames_removed
  File "/home/webapp/SchoolInspect/inspectionApp/urls.py", line 5, in <module>
    path('register/', views.register, name='register'),
                      ^^^^^^^^^^^^^^
AttributeError: module 'inspectionApp.views' has no attribute 'register'
/home/webapp/SchoolInspect/inspectionApp/views.py changed, reloading.
Performing system checks...

System check identified no issues (0 silenced).
January 25, 2025 - 12:43:58
Django version 5.1.1, using settings 'SchoolInspect.settings'
Starting development server at http://70.36.107.109:9009/
Quit the server with CONTROL-C.

User Kelly logged in successfully.
Watching for file changes with StatReloader
/home/webapp/SchoolInspect/inspectionApp/views.py changed, reloading.
Performing system checks...

[25/Jan/2025 12:47:09] "GET /inspection/1/ HTTP/1.1" 200 9574
Watching for file changes with StatReloader
Error: That port is already in use.
[25/Jan/2025 15:55:50] "GET / HTTP/1.1" 200 7571
[25/Jan/2025 16:16:25] "GET /inspection/1/ HTTP/1.1" 200 9574
/home/webapp/SchoolInspect/inspectionApp/views.py changed, reloading.
Performing system checks...

System check identified no issues (0 silenced).
January 25, 2025 - 12:47:09
Django version 5.1.1, using settings 'SchoolInspect.settings'
Starting development server at http://70.36.107.109:9009/
Quit the server with CONTROL-C.

Watching for file changes with StatReloader
Internal Server Error: /inspection/1/
Traceback (most recent call last):
  File "/home/webapp/myenv/lib/python3.11/site-packages/django/forms/forms.py", line 174, in __getitem__
    field = self.fields[name]
            ~~~~~~~~~~~^^^^^^
KeyError: 'question_3'

During handling of the above exception, another exception occurred:

Traceback (most recent call last):
  File "/home/webapp/myenv/lib/python3.11/site-packages/django/core/handlers/exception.py", line 55, in inner
    response = get_response(request)
               ^^^^^^^^^^^^^^^^^^^^^
  File "/home/webapp/myenv/lib/python3.11/site-packages/django/core/handlers/base.py", line 197, in _get_response
    response = wrapped_callback(request, *callback_args, **callback_kwargs)
               ^^^^^^^^^^^^^^^^^^^^^^^^^^^^^^^^^^^^^^^^^^^^^^^^^^^^^^^^^^^^
  File "/home/webapp/myenv/lib/python3.11/site-packages/django/contrib/auth/decorators.py", line 60, in _view_wrapper
    return view_func(request, *args, **kwargs)
           ^^^^^^^^^^^^^^^^^^^^^^^^^^^^^^^^^^^
  File "/home/webapp/myenv/lib/python3.11/site-packages/django/contrib/auth/decorators.py", line 60, in _view_wrapper
    return view_func(request, *args, **kwargs)
           ^^^^^^^^^^^^^^^^^^^^^^^^^^^^^^^^^^^
  File "/home/webapp/SchoolInspect/inspectionApp/views.py", line 179, in inspection_step
    questions_to_display = {f'question_{i}': form[f'question_{i}'] for i in range(1, 5)}
                           ^^^^^^^^^^^^^^^^^^^^^^^^^^^^^^^^^^^^^^^^^^^^^^^^^^^^^^^^^^^^^
  File "/home/webapp/SchoolInspect/inspectionApp/views.py", line 179, in <dictcomp>
    questions_to_display = {f'question_{i}': form[f'question_{i}'] for i in range(1, 5)}
                                             ~~~~^^^^^^^^^^^^^^^^^
  File "/home/webapp/myenv/lib/python3.11/site-packages/django/forms/forms.py", line 176, in __getitem__
    raise KeyError(
KeyError: "Key 'question_3' not found in 'InspectionForm'. Choices are: inspector_name, photo, question_1, question_2, school_name, sf_code."
[25/Jan/2025 16:21:06] "GET /inspection/1/ HTTP/1.1" 500 85151
/home/webapp/SchoolInspect/inspectionApp/forms.py changed, reloading.
Performing system checks...

System check identified no issues (0 silenced).
January 25, 2025 - 16:20:36
Django version 5.1.1, using settings 'SchoolInspect.settings'
Starting development server at http://70.36.107.109:9009/
Quit the server with CONTROL-C.

Watching for file changes with StatReloader
Internal Server Error: /inspection/1/
Traceback (most recent call last):
  File "/home/webapp/myenv/lib/python3.11/site-packages/django/forms/forms.py", line 174, in __getitem__
    field = self.fields[name]
            ~~~~~~~~~~~^^^^^^
KeyError: 'question_3'

During handling of the above exception, another exception occurred:

Traceback (most recent call last):
  File "/home/webapp/myenv/lib/python3.11/site-packages/django/core/handlers/exception.py", line 55, in inner
    response = get_response(request)
               ^^^^^^^^^^^^^^^^^^^^^
  File "/home/webapp/myenv/lib/python3.11/site-packages/django/core/handlers/base.py", line 197, in _get_response
    response = wrapped_callback(request, *callback_args, **callback_kwargs)
               ^^^^^^^^^^^^^^^^^^^^^^^^^^^^^^^^^^^^^^^^^^^^^^^^^^^^^^^^^^^^
  File "/home/webapp/myenv/lib/python3.11/site-packages/django/contrib/auth/decorators.py", line 60, in _view_wrapper
    return view_func(request, *args, **kwargs)
           ^^^^^^^^^^^^^^^^^^^^^^^^^^^^^^^^^^^
  File "/home/webapp/myenv/lib/python3.11/site-packages/django/contrib/auth/decorators.py", line 60, in _view_wrapper
    return view_func(request, *args, **kwargs)
           ^^^^^^^^^^^^^^^^^^^^^^^^^^^^^^^^^^^
  File "/home/webapp/SchoolInspect/inspectionApp/views.py", line 179, in inspection_step
    questions_to_display = {f'question_{i}': form[f'question_{i}'] for i in range(1, 5)}
                           ^^^^^^^^^^^^^^^^^^^^^^^^^^^^^^^^^^^^^^^^^^^^^^^^^^^^^^^^^^^^^
  File "/home/webapp/SchoolInspect/inspectionApp/views.py", line 179, in <dictcomp>
    questions_to_display = {f'question_{i}': form[f'question_{i}'] for i in range(1, 5)}
                                             ~~~~^^^^^^^^^^^^^^^^^
  File "/home/webapp/myenv/lib/python3.11/site-packages/django/forms/forms.py", line 176, in __getitem__
    raise KeyError(
KeyError: "Key 'question_3' not found in 'InspectionForm'. Choices are: inspector_name, photo, question_1, question_2, school_name, sf_code."
[25/Jan/2025 16:21:58] "GET /inspection/1/ HTTP/1.1" 500 85151
Internal Server Error: /inspection/1/
Traceback (most recent call last):
  File "/home/webapp/myenv/lib/python3.11/site-packages/django/forms/forms.py", line 174, in __getitem__
    field = self.fields[name]
            ~~~~~~~~~~~^^^^^^
KeyError: 'question_3'

During handling of the above exception, another exception occurred:

Traceback (most recent call last):
  File "/home/webapp/myenv/lib/python3.11/site-packages/django/core/handlers/exception.py", line 55, in inner
    response = get_response(request)
               ^^^^^^^^^^^^^^^^^^^^^
  File "/home/webapp/myenv/lib/python3.11/site-packages/django/core/handlers/base.py", line 197, in _get_response
    response = wrapped_callback(request, *callback_args, **callback_kwargs)
               ^^^^^^^^^^^^^^^^^^^^^^^^^^^^^^^^^^^^^^^^^^^^^^^^^^^^^^^^^^^^
  File "/home/webapp/myenv/lib/python3.11/site-packages/django/contrib/auth/decorators.py", line 60, in _view_wrapper
    return view_func(request, *args, **kwargs)
           ^^^^^^^^^^^^^^^^^^^^^^^^^^^^^^^^^^^
  File "/home/webapp/myenv/lib/python3.11/site-packages/django/contrib/auth/decorators.py", line 60, in _view_wrapper
    return view_func(request, *args, **kwargs)
           ^^^^^^^^^^^^^^^^^^^^^^^^^^^^^^^^^^^
  File "/home/webapp/SchoolInspect/inspectionApp/views.py", line 179, in inspection_step
    questions_to_display = {f'question_{i}': form[f'question_{i}'] for i in range(1, 5)}
                           ^^^^^^^^^^^^^^^^^^^^^^^^^^^^^^^^^^^^^^^^^^^^^^^^^^^^^^^^^^^^^
  File "/home/webapp/SchoolInspect/inspectionApp/views.py", line 179, in <dictcomp>
    questions_to_display = {f'question_{i}': form[f'question_{i}'] for i in range(1, 5)}
                                             ~~~~^^^^^^^^^^^^^^^^^
  File "/home/webapp/myenv/lib/python3.11/site-packages/django/forms/forms.py", line 176, in __getitem__
    raise KeyError(
KeyError: "Key 'question_3' not found in 'InspectionForm'. Choices are: inspector_name, photo, question_1, question_2, school_name, sf_code."
[25/Jan/2025 16:22:02] "GET /inspection/1/ HTTP/1.1" 500 85151
Watching for file changes with StatReloader
[25/Jan/2025 18:42:15] code 400, message Bad request version ('\x00\x9eÌ¨Ìª\x003\x00=\x00\x16À')
[25/Jan/2025 18:42:15] You're accessing the development server over HTTPS, but it only supports HTTP.
[25/Jan/2025 18:42:25] "GET / HTTP/1.1" 200 7571
[25/Jan/2025 18:42:44] "GET /static/favicon.ico HTTP/1.1" 200 15406
Not Found: /robots.txt
[25/Jan/2025 18:42:44] "GET /robots.txt HTTP/1.1" 404 4459
Not Found: /sitemap.xml
[25/Jan/2025 18:42:45] "GET /sitemap.xml HTTP/1.1" 404 4463
Not Found: /config.json
[25/Jan/2025 18:42:45] "GET /config.json HTTP/1.1" 404 4463
[25/Jan/2025 18:42:45,891] - Broken pipe from ('165.154.59.168', 51838)
[25/Jan/2025 21:09:37] "GET / HTTP/1.1" 200 7571
[25/Jan/2025 21:09:37] "GET / HTTP/1.1" 200 7571
[25/Jan/2025 21:12:29] code 400, message Bad request version ('À\x14À')
[25/Jan/2025 21:12:29] You're accessing the development server over HTTPS, but it only supports HTTP.
Not Found: /login
[26/Jan/2025 03:50:47] "GET /login HTTP/1.1" 404 4434
[26/Jan/2025 04:25:08] "GET / HTTP/1.1" 200 7571
[26/Jan/2025 04:42:37] code 400, message Bad request syntax ('\x16\x03\x01\x00î\x01\x00\x00ê\x03\x03ë²l»]:ÈnÄI\x84\x9e\x80ôHÇ')
[26/Jan/2025 04:42:37] You're accessing the development server over HTTPS, but it only supports HTTP.
[26/Jan/2025 04:58:10] "GET / HTTP/1.1" 200 7571
[26/Jan/2025 04:58:38] "GET /static/favicon.ico HTTP/1.1" 200 15406
Invalid HTTP_HOST header: 'ubuntu.ubuntu:9009'. You may need to add 'ubuntu.ubuntu' to ALLOWED_HOSTS.
Traceback (most recent call last):
  File "/home/webapp/myenv/lib/python3.11/site-packages/django/core/handlers/exception.py", line 55, in inner
    response = get_response(request)
               ^^^^^^^^^^^^^^^^^^^^^
  File "/home/webapp/myenv/lib/python3.11/site-packages/django/utils/deprecation.py", line 128, in __call__
    response = self.process_request(request)
               ^^^^^^^^^^^^^^^^^^^^^^^^^^^^^
  File "/home/webapp/myenv/lib/python3.11/site-packages/django/middleware/common.py", line 48, in process_request
    host = request.get_host()
           ^^^^^^^^^^^^^^^^^^
  File "/home/webapp/myenv/lib/python3.11/site-packages/django/http/request.py", line 151, in get_host
    raise DisallowedHost(msg)
django.core.exceptions.DisallowedHost: Invalid HTTP_HOST header: 'ubuntu.ubuntu:9009'. You may need to add 'ubuntu.ubuntu' to ALLOWED_HOSTS.
Bad Request: /
[26/Jan/2025 11:23:37] "GET / HTTP/1.0" 400 63248
Invalid HTTP_HOST header: 'ubuntu.ubuntu:9009'. You may need to add 'ubuntu.ubuntu' to ALLOWED_HOSTS.
Traceback (most recent call last):
  File "/home/webapp/myenv/lib/python3.11/site-packages/django/core/handlers/exception.py", line 55, in inner
    response = get_response(request)
               ^^^^^^^^^^^^^^^^^^^^^
  File "/home/webapp/myenv/lib/python3.11/site-packages/django/utils/deprecation.py", line 128, in __call__
    response = self.process_request(request)
               ^^^^^^^^^^^^^^^^^^^^^^^^^^^^^
  File "/home/webapp/myenv/lib/python3.11/site-packages/django/middleware/common.py", line 48, in process_request
    host = request.get_host()
           ^^^^^^^^^^^^^^^^^^
  File "/home/webapp/myenv/lib/python3.11/site-packages/django/http/request.py", line 151, in get_host
    raise DisallowedHost(msg)
django.core.exceptions.DisallowedHost: Invalid HTTP_HOST header: 'ubuntu.ubuntu:9009'. You may need to add 'ubuntu.ubuntu' to ALLOWED_HOSTS.
Bad Request: /
[26/Jan/2025 11:23:37] "OPTIONS / HTTP/1.0" 400 63276
[26/Jan/2025 11:23:37] code 400, message Bad request version ('RTSP/1.0')
[26/Jan/2025 11:23:37] "OPTIONS / RTSP/1.0" 400 -
[26/Jan/2025 11:23:42] code 400, message Bad request version ('\x00\x01\x97|\x00\x00\x00\x00\x00\x00\x00\x00\x00\x00\x00\x00\x00\x00\x00\x00\x00\x00\x00\x00')
[26/Jan/2025 11:23:42] "  (rþ          |                    " 400 -
[26/Jan/2025 11:23:47] code 400, message Bad HTTP/0.9 request type ('\x00')
[26/Jan/2025 11:23:47] "          versionbind   " 400 -
[26/Jan/2025 11:23:47] code 400, message Bad request syntax ('HELP')
[26/Jan/2025 11:23:47] "HELP" 400 -
[26/Jan/2025 11:23:47] code 400, message Bad request syntax ('\x16\x03\x00\x00S\x01\x00\x00O\x03\x00?G×÷º,îê²`~ó\x00ý\x82{¹Õ\x96Èw\x9bæÄÛ<=Ûoï\x10n\x00\x00(\x00\x16\x00\x13\x00')
[26/Jan/2025 11:23:47] You're accessing the development server over HTTPS, but it only supports HTTP.
[26/Jan/2025 11:23:47] code 400, message Bad request version ('\x00/\x00')
[26/Jan/2025 11:23:47] You're accessing the development server over HTTPS, but it only supports HTTP.
[26/Jan/2025 11:23:48] code 400, message Bad request syntax ('\x00\x00\x00qj\x81n0\x81k¡\x03\x02\x01\x05¢\x03\x02\x01')
[26/Jan/2025 11:23:48] "   qjn0k¡¢" 400 -
[26/Jan/2025 11:23:53] code 400, message Bad request version ('0.12\x00')
[26/Jan/2025 11:23:53] "   ¤ÿSMBr    @              @     PC NETWORK PROGRAM 1.0 MICROSOFT NETWORKS 1.03 MICROSOFT NETWORKS 3.0 LANMAN1.0 LM1.2X002 Samba NT LANMAN 1.0 NT LM 0.12 " 400 -
[26/Jan/2025 11:23:58] code 400, message Bad HTTP/0.9 request type ('l\x00')
[26/Jan/2025 11:23:58] "l          " 400 -
[26/Jan/2025 11:23:58] code 400, message Bad request version ('SIP/2.0')
[26/Jan/2025 11:23:58] "OPTIONS sip:nm SIP/2.0" 400 -
[26/Jan/2025 11:24:03] code 400, message Bad HTTP/0.9 request type ('AMQP\x00\x00')
[26/Jan/2025 11:24:03] "AMQP  	" 400 -
[26/Jan/2025 11:24:23] code 400, message Bad request version ('\x00/\x00')
[26/Jan/2025 11:24:23] You're accessing the development server over HTTPS, but it only supports HTTP.
[26/Jan/2025 14:04:32] "GET / HTTP/1.1" 200 7571
[26/Jan/2025 22:14:19] code 400, message Bad request syntax ('\x04\x01\x00\x194eD\x18\x00')
[26/Jan/2025 22:14:19] " 4eD " 400 -
[26/Jan/2025 22:15:02] code 400, message Bad request syntax ('\x05\x01\x00')
[26/Jan/2025 22:15:02] " " 400 -
[26/Jan/2025 22:15:02,926] - Broken pipe from ('80.66.83.46', 57420)
[26/Jan/2025 22:16:06] code 400, message Bad request syntax ('\x04\x01\x00\x194e\x08!\x00')
[26/Jan/2025 22:16:06] " 4e! " 400 -
[26/Jan/2025 22:17:06] code 400, message Bad request syntax ('\x05\x01\x00')
[26/Jan/2025 22:17:06] " " 400 -
Invalid HTTP_HOST header: 'hotmail-com.olc.protection.outlook.com:25'. You may need to add 'hotmail-com.olc.protection.outlook.com' to ALLOWED_HOSTS.
Traceback (most recent call last):
  File "/home/webapp/myenv/lib/python3.11/site-packages/django/core/handlers/exception.py", line 55, in inner
    response = get_response(request)
               ^^^^^^^^^^^^^^^^^^^^^
  File "/home/webapp/myenv/lib/python3.11/site-packages/django/utils/deprecation.py", line 128, in __call__
    response = self.process_request(request)
               ^^^^^^^^^^^^^^^^^^^^^^^^^^^^^
  File "/home/webapp/myenv/lib/python3.11/site-packages/django/middleware/common.py", line 48, in process_request
    host = request.get_host()
           ^^^^^^^^^^^^^^^^^^
  File "/home/webapp/myenv/lib/python3.11/site-packages/django/http/request.py", line 151, in get_host
    raise DisallowedHost(msg)
django.core.exceptions.DisallowedHost: Invalid HTTP_HOST header: 'hotmail-com.olc.protection.outlook.com:25'. You may need to add 'hotmail-com.olc.protection.outlook.com' to ALLOWED_HOSTS.
Bad Request: /hotmail-com.olc.protection.outlook.com:25
[26/Jan/2025 22:17:06] "CONNECT hotmail-com.olc.protection.outlook.com:25 HTTP/1.1" 400 64206
Not Found: /signup/
[26/Jan/2025 22:49:38] "GET /signup/ HTTP/1.1" 404 4441
[26/Jan/2025 23:59:11] code 400, message Bad request syntax ('\x04\x01\x00PUÎ§\x88\x00')
[26/Jan/2025 23:59:11] " PUÎ§ " 400 -
[27/Jan/2025 00:00:03] code 400, message Bad request syntax ('\x05\x01\x00')
[27/Jan/2025 00:00:03] " " 400 -
[27/Jan/2025 00:00:03,084] - Broken pipe from ('80.66.83.46', 34060)
[27/Jan/2025 00:01:07] code 400, message Bad request syntax ('\x04\x01\x00PUÎ§\x88\x00')
[27/Jan/2025 00:01:07] " PUÎ§ " 400 -
[27/Jan/2025 00:02:07] code 400, message Bad request syntax ('\x05\x01\x00')
[27/Jan/2025 00:02:07] " " 400 -
Invalid HTTP_HOST header: '85.206.167.136:80'. You may need to add '85.206.167.136' to ALLOWED_HOSTS.
Traceback (most recent call last):
  File "/home/webapp/myenv/lib/python3.11/site-packages/django/core/handlers/exception.py", line 55, in inner
    response = get_response(request)
               ^^^^^^^^^^^^^^^^^^^^^
  File "/home/webapp/myenv/lib/python3.11/site-packages/django/utils/deprecation.py", line 128, in __call__
    response = self.process_request(request)
               ^^^^^^^^^^^^^^^^^^^^^^^^^^^^^
  File "/home/webapp/myenv/lib/python3.11/site-packages/django/middleware/common.py", line 48, in process_request
    host = request.get_host()
           ^^^^^^^^^^^^^^^^^^
  File "/home/webapp/myenv/lib/python3.11/site-packages/django/http/request.py", line 151, in get_host
    raise DisallowedHost(msg)
django.core.exceptions.DisallowedHost: Invalid HTTP_HOST header: '85.206.167.136:80'. You may need to add '85.206.167.136' to ALLOWED_HOSTS.
Bad Request: /85.206.167.136:80
[27/Jan/2025 00:02:07] "CONNECT 85.206.167.136:80 HTTP/1.1" 400 63582
[27/Jan/2025 00:44:41] "GET / HTTP/1.1" 200 7571
[27/Jan/2025 04:13:39] "GET / HTTP/1.1" 200 7571
[27/Jan/2025 13:58:45] "GET / HTTP/1.1" 200 7571
Not Found: /robots.txt
[28/Jan/2025 01:26:07] "GET /robots.txt HTTP/1.1" 404 4454
Not Found: /login
[28/Jan/2025 01:26:13] "GET /login HTTP/1.1" 404 4434
[28/Jan/2025 03:46:15] "GET / HTTP/1.1" 200 7571
[28/Jan/2025 05:52:11] code 400, message Bad HTTP/0.9 request type ('\x03\x00\x00/*à\x00\x00\x00\x00\x00Cookie:')
[28/Jan/2025 05:52:11] "  /*à     Cookie: mstshash=Administr" 400 -
[28/Jan/2025 09:58:33] "GET / HTTP/1.1" 200 7571
[28/Jan/2025 15:26:38] "GET / HTTP/1.1" 200 7571
[29/Jan/2025 05:05:55] "GET / HTTP/1.1" 200 7571
[29/Jan/2025 09:22:44] code 400, message Bad request version ("6\x93oþ:Ï#IÁ\x019é\x92£ç¤ÂÕ\x13/¸¡\x14¶«\x11\x00V\x13\x02\x13\x03\x13\x01À,À0À+À/Ì©Ì¨\x00\x9f\x00\x9eÌªÀ¯À\xadÀ®À¬À$À(À#À'À")
[29/Jan/2025 09:22:44] You're accessing the development server over HTTPS, but it only supports HTTP.
Not Found: /config.php
[29/Jan/2025 09:38:33] "GET //config.php HTTP/1.1" 404 4459
[29/Jan/2025 15:01:00] "GET / HTTP/1.1" 200 7571
[29/Jan/2025 19:39:26] "GET / HTTP/1.1" 200 7571
[29/Jan/2025 19:39:27] "GET /static/favicon.ico HTTP/1.1" 200 15406
[30/Jan/2025 05:02:43] "GET / HTTP/1.1" 200 7571
[30/Jan/2025 11:50:28] code 400, message Bad HTTP/0.9 request type ('\x03\x00\x00/*à\x00\x00\x00\x00\x00Cookie:')
[30/Jan/2025 11:50:28] "  /*à     Cookie: mstshash=Administr" 400 -
[30/Jan/2025 14:17:49] "GET / HTTP/1.1" 200 7571
[30/Jan/2025 14:28:12] "GET / HTTP/1.1" 200 7571
Not Found: /robots.txt
[31/Jan/2025 00:54:21] "GET /robots.txt HTTP/1.1" 404 4454
[31/Jan/2025 00:54:29] "GET / HTTP/1.1" 200 7571
[31/Jan/2025 01:56:36] code 400, message Bad HTTP/0.9 request type ('\x03\x00\x00/*à\x00\x00\x00\x00\x00Cookie:')
[31/Jan/2025 01:56:36] "  /*à     Cookie: mstshash=Administr" 400 -
[31/Jan/2025 04:32:17] "GET / HTTP/1.1" 200 7571
[31/Jan/2025 09:38:48] code 400, message Bad request version ('À\x14À')
[31/Jan/2025 09:38:48] You're accessing the development server over HTTPS, but it only supports HTTP.
[31/Jan/2025 09:54:12] "GET / HTTP/1.1" 200 7571
[31/Jan/2025 09:54:35] "GET /static/favicon.ico HTTP/1.1" 200 15406
[31/Jan/2025 14:39:35] "GET / HTTP/1.1" 200 7571
[31/Jan/2025 20:40:20] code 400, message Bad request syntax ('\x05\x01\x00')
[31/Jan/2025 20:40:20] " " 400 -
Invalid HTTP_HOST header: 'ubuntu.ubuntu:9009'. You may need to add 'ubuntu.ubuntu' to ALLOWED_HOSTS.
Traceback (most recent call last):
  File "/home/webapp/myenv/lib/python3.11/site-packages/django/core/handlers/exception.py", line 55, in inner
    response = get_response(request)
               ^^^^^^^^^^^^^^^^^^^^^
  File "/home/webapp/myenv/lib/python3.11/site-packages/django/utils/deprecation.py", line 128, in __call__
    response = self.process_request(request)
               ^^^^^^^^^^^^^^^^^^^^^^^^^^^^^
  File "/home/webapp/myenv/lib/python3.11/site-packages/django/middleware/common.py", line 48, in process_request
    host = request.get_host()
           ^^^^^^^^^^^^^^^^^^
  File "/home/webapp/myenv/lib/python3.11/site-packages/django/http/request.py", line 151, in get_host
    raise DisallowedHost(msg)
django.core.exceptions.DisallowedHost: Invalid HTTP_HOST header: 'ubuntu.ubuntu:9009'. You may need to add 'ubuntu.ubuntu' to ALLOWED_HOSTS.
Bad Request: /www.google.com:443
[31/Jan/2025 22:09:27] "CONNECT www.google.com:443 HTTP/1.1" 400 63463
[01/Feb/2025 05:18:43] "GET / HTTP/1.1" 200 7571
[01/Feb/2025 09:20:25] code 400, message Bad request version ('À\x13À')
[01/Feb/2025 09:20:25] You're accessing the development server over HTTPS, but it only supports HTTP.
[01/Feb/2025 09:20:36] "GET / HTTP/1.1" 200 7571
[01/Feb/2025 09:20:36,360] - Broken pipe from ('47.91.31.94', 30880)
[01/Feb/2025 13:52:27] "GET / HTTP/1.1" 200 7571
[01/Feb/2025 14:26:05] "GET / HTTP/1.1" 200 7571
[01/Feb/2025 16:05:03] "GET / HTTP/1.1" 200 7571
[01/Feb/2025 16:05:03] "GET / HTTP/1.1" 200 7571
[01/Feb/2025 16:05:28] code 400, message Bad request version ('À\x14À')
[01/Feb/2025 16:05:28] You're accessing the development server over HTTPS, but it only supports HTTP.
Not Found: /robots.txt
[02/Feb/2025 03:04:20] "GET /robots.txt HTTP/1.1" 404 4454
Not Found: /robots.txt
[02/Feb/2025 03:04:20] "GET /robots.txt HTTP/1.1" 404 4454
Not Found: /atom.xml
[02/Feb/2025 03:04:28] "GET /atom.xml HTTP/1.1" 404 4446
Not Found: /sitemap_index.xml
[02/Feb/2025 03:04:33] "GET /sitemap_index.xml HTTP/1.1" 404 4482
[02/Feb/2025 05:19:08] "GET / HTTP/1.1" 200 7571
[02/Feb/2025 14:40:08] "GET / HTTP/1.1" 200 7571
[02/Feb/2025 15:34:42] "GET / HTTP/1.1" 200 7571
[02/Feb/2025 20:06:16] "GET / HTTP/1.1" 200 7571
[02/Feb/2025 20:06:16] "GET /static/favicon.ico HTTP/1.1" 200 15406
Not Found: /atom.xml
[02/Feb/2025 21:33:06] "GET /atom.xml HTTP/1.1" 404 4446
Not Found: /sitemap_index.xml
[02/Feb/2025 21:33:09] "GET /sitemap_index.xml HTTP/1.1" 404 4482
[02/Feb/2025 22:04:56] code 400, message Bad request version ('\x00\x9eÌ¨Ìª\x003\x00=\x00\x16À')
[02/Feb/2025 22:04:56] You're accessing the development server over HTTPS, but it only supports HTTP.
Invalid HTTP_HOST header: 'att.expresspin.com:9009'. You may need to add 'att.expresspin.com' to ALLOWED_HOSTS.
Traceback (most recent call last):
  File "/home/webapp/myenv/lib/python3.11/site-packages/django/core/handlers/exception.py", line 55, in inner
    response = get_response(request)
               ^^^^^^^^^^^^^^^^^^^^^
  File "/home/webapp/myenv/lib/python3.11/site-packages/django/utils/deprecation.py", line 128, in __call__
    response = self.process_request(request)
               ^^^^^^^^^^^^^^^^^^^^^^^^^^^^^
  File "/home/webapp/myenv/lib/python3.11/site-packages/django/middleware/common.py", line 48, in process_request
    host = request.get_host()
           ^^^^^^^^^^^^^^^^^^
  File "/home/webapp/myenv/lib/python3.11/site-packages/django/http/request.py", line 151, in get_host
    raise DisallowedHost(msg)
django.core.exceptions.DisallowedHost: Invalid HTTP_HOST header: 'att.expresspin.com:9009'. You may need to add 'att.expresspin.com' to ALLOWED_HOSTS.
Bad Request: /
[02/Feb/2025 22:04:57] "GET / HTTP/1.1" 400 64063
Invalid HTTP_HOST header: 'att.expresspin.com:9009'. You may need to add 'att.expresspin.com' to ALLOWED_HOSTS.
Traceback (most recent call last):
  File "/home/webapp/myenv/lib/python3.11/site-packages/django/core/handlers/exception.py", line 55, in inner
    response = get_response(request)
               ^^^^^^^^^^^^^^^^^^^^^
  File "/home/webapp/myenv/lib/python3.11/site-packages/django/utils/deprecation.py", line 128, in __call__
    response = self.process_request(request)
               ^^^^^^^^^^^^^^^^^^^^^^^^^^^^^
  File "/home/webapp/myenv/lib/python3.11/site-packages/django/middleware/common.py", line 48, in process_request
    host = request.get_host()
           ^^^^^^^^^^^^^^^^^^
  File "/home/webapp/myenv/lib/python3.11/site-packages/django/http/request.py", line 151, in get_host
    raise DisallowedHost(msg)
django.core.exceptions.DisallowedHost: Invalid HTTP_HOST header: 'att.expresspin.com:9009'. You may need to add 'att.expresspin.com' to ALLOWED_HOSTS.
Bad Request: /favicon.ico
[02/Feb/2025 22:04:59] "GET /favicon.ico HTTP/1.1" 400 64543
Invalid HTTP_HOST header: 'att.expresspin.com:9009'. You may need to add 'att.expresspin.com' to ALLOWED_HOSTS.
Traceback (most recent call last):
  File "/home/webapp/myenv/lib/python3.11/site-packages/django/core/handlers/exception.py", line 55, in inner
    response = get_response(request)
               ^^^^^^^^^^^^^^^^^^^^^
  File "/home/webapp/myenv/lib/python3.11/site-packages/django/utils/deprecation.py", line 128, in __call__
    response = self.process_request(request)
               ^^^^^^^^^^^^^^^^^^^^^^^^^^^^^
  File "/home/webapp/myenv/lib/python3.11/site-packages/django/middleware/common.py", line 48, in process_request
    host = request.get_host()
           ^^^^^^^^^^^^^^^^^^
  File "/home/webapp/myenv/lib/python3.11/site-packages/django/http/request.py", line 151, in get_host
    raise DisallowedHost(msg)
django.core.exceptions.DisallowedHost: Invalid HTTP_HOST header: 'att.expresspin.com:9009'. You may need to add 'att.expresspin.com' to ALLOWED_HOSTS.
Bad Request: /robots.txt
[02/Feb/2025 22:04:59] "GET /robots.txt HTTP/1.1" 400 64532
[03/Feb/2025 03:12:57] "GET / HTTP/1.1" 200 7571
[03/Feb/2025 14:16:33] "GET / HTTP/1.1" 200 7571
[03/Feb/2025 21:25:56] "GET / HTTP/1.1" 200 7571
[04/Feb/2025 01:18:15] "GET / HTTP/1.1" 200 7571
[04/Feb/2025 03:35:46] "GET /admin/ HTTP/1.1" 302 0
[04/Feb/2025 03:35:46] "GET /admin/login/?next=/admin/ HTTP/1.1" 200 4160
Not Found: /favicon.ico
[04/Feb/2025 03:35:46] "GET /favicon.ico HTTP/1.1" 404 4463
[04/Feb/2025 05:17:38] "GET / HTTP/1.1" 200 7571
